5
77
22
25
30
98
100
51 39
6 8
81 61
68 46
15 99
80 74
78 76
19 3
37 18
6 81
62 76
0 20
19 7
6 1
81 54
6 88
76 91
3 18
57 54
70 55
19 37
57 73
13 7
37 55
13 84
72 84
0 6
10 5
70 53
46 26
91 99
57 70
68 71
0 68
95 14
45 78
44 54
26 23
19 95
48 18
19 4
69 74
8 38
83 4
10 93
41 74
83 14
2 86
70 56
8 93
5 18
10 3
0 71
44 60
19 45
55 74
17 21
7 99
59 27
48 60
86 18
90 72
90 73
9 13
10 21
1 18
38 18
40 34
8 28
79 96
67 82
19 90
2 32
74 99
26 95
81 85
23 18
62 49
90 57
50 46
0 19
80 84
62 39
8 42
69 96
0 28
10 31
10 84
6 96
34 18
0 10
8 89
0 8
83 67
0 80
82 96
7 18
79 13
9 28
62 78
