5
1
6
44
31
71
100
0 64
0 17
0 61
0 87
80 99
0 98
58 76
0 92
0 13
0 51
0 88
0 12
0 89
75 72
0 3
0 29
0 54
72 99
0 28
0 58
0 68
0 94
42 99
0 80
88 99
50 33
0 41
25 99
75 99
0 11
0 43
0 79
0 55
0 30
0 40
0 50
0 95
0 69
56 2
0 45
0 59
0 67
0 32
0 4
0 8
0 90
0 91
0 33
0 83
0 65
93 55
53 99
93 52
93 40
93 90
93 11
93 9
42 49
9 99
93 47
93 22
93 10
93 17
93 96
93 28
93 37
93 3
93 19
93 76
93 80
93 63
93 23
93 45
93 39
93 98
93 83
93 30
93 7
24 49
93 91
93 81
49 99
93 74
93 8
93 82
93 88
93 24
93 58
93 62
93 78
93 92
93 48
93 12
93 5
93 16
93 33
21 2
93 87
93 86
93 61
