3
16
79
5
100
0 99
95 33
62 38
73 38
0 74
33 99
70 53
87 38
0 21
66 23
98 99
12 14
31 81
48 53
37 38
33 60
31 52
61 21
70 82
8 96
38 99
8 2
57 53
97 37
61 83
66 21
61 94
69 14
31 20
33 20
58 14
11 32
24 32
24 81
23 99
70 93
87 54
29 37
97 96
81 35
12 63
70 78
52 60
14 99
86 63
70 27
78 21
12 28
23 59
61 46
66 87
97 63
59 37
68 60
4 7
17 72
69 73
81 72
4 63
12 88
70 2
25 60
22 74
53 99
68 63
58 63
62 21
12 3
66 8
62 60
7 74
11 65
90 34
61 90
35 60
23 63
58 21
12 71
42 3
18 71
14 37
95 24
66 31
66 86
0 48
98 34
4 71
57 47
69 2
61 82
37 99
78 47
61 97
94 2
94 26
74 60
69 41
33 6
78 19
49 19
