5
27
40
92
34
41
100
0 72
0 6
0 5
0 47
0 32
0 9
0 97
0 67
0 24
0 84
0 20
0 29
0 44
0 36
0 75
0 43
0 74
0 71
0 59
0 95
0 77
0 78
0 12
0 73
0 26
0 25
0 53
0 70
0 48
0 88
0 91
0 86
0 35
0 17
0 89
0 18
0 8
0 93
26 99
0 81
90 99
73 56
52 99
39 99
16 99
52 67
29 99
10 99
59 99
72 14
63 99
95 99
19 99
76 99
62 99
96 99
7 48
88 99
25 99
97 99
33 99
57 99
35 99
69 99
89 31
31 99
77 99
54 99
78 99
18 99
22 99
5 99
60 99
9 99
11 99
4 99
72 99
20 33
44 99
98 99
8 99
24 99
71 99
32 99
87 99
89 99
76 82
82 99
51 99
12 99
1 99
79 2
85 99
36 93
65 63
3 6
51 67
50 67
89 93
82 93
