5
65
48
4
67
1
100
0 98
0 77
0 57
43 99
0 56
60 57
60 82
60 38
12 99
60 19
72 8
94 75
60 94
87 10
56 44
28 34
87 7
77 49
24 68
16 13
7 55
83 99
62 84
6 99
91 90
98 78
33 78
18 99
8 99
64 57
19 38
32 40
46 38
47 38
58 47
19 52
31 41
31 92
54 47
40 57
47 57
95 62
10 79
52 92
60 95
70 92
69 41
84 54
31 86
38 57
92 57
53 41
96 59
45 41
16 3
59 41
79 41
8 41
96 86
3 86
69 86
59 86
44 86
22 86
74 86
44 45
60 93
28 45
12 66
84 85
84 72
72 17
31 64
16 27
40 81
12 31
17 45
79 45
26 49
40 21
77 35
21 81
12 56
12 7
88 14
13 8
96 13
82 45
97 49
6 49
40 28
88 11
5 81
14 78
12 40
70 45
44 72
12 88
49 45
51 26
