5
6
68
29
37
89
100
41 92
0 21
0 76
90 59
90 98
41 53
61 14
90 41
61 41
90 69
69 14
60 99
5 84
8 53
69 5
31 53
10 97
94 84
72 64
66 84
56 62
42 53
69 64
12 13
19 62
24 14
33 64
33 28
14 28
46 53
12 82
75 2
14 62
46 94
16 53
74 85
88 64
12 84
64 99
65 44
57 99
79 44
28 99
44 2
82 99
66 72
27 99
22 72
98 72
35 72
95 78
67 78
92 73
53 78
94 97
58 78
80 72
66 78
67 55
50 73
46 10
31 78
38 98
74 27
71 78
65 19
60 73
14 33
75 26
33 78
16 39
84 39
33 39
12 39
69 77
77 39
38 47
59 3
39 78
51 78
38 14
93 78
79 71
43 94
38 94
74 18
45 73
38 13
57 13
74 77
46 95
46 13
1 81
3 78
9 81
46 91
46 44
74 93
46 96
48 54
