0
100
44 42
21 18
30 27
36 34
44 43
2 0
3 0
2 1
3 1
35 33
31 29
22 19
32 29
18 15
44 41
14 12
19 16
20 17
20 18
53 50
49 46
45 42
46 43
52 51
52 50
38 36
49 47
6 4
12 9
5 2
7 4
11 10
17 15
19 18
17 14
16 13
11 8
7 5
6 3
8 5
7 6
5 4
3 4
11 9
12 10
8 6
10 7
12 13
16 14
15 12
15 13
14 13
10 9
8 9
34 31
42 39
33 30
33 31
34 32
35 32
43 41
43 42
34 33
40 37
40 38
39 36
41 38
37 36
39 38
40 42
40 39
37 34
37 38
30 28
30 29
32 31
17 16
28 25
24 21
28 27
26 23
28 26
29 26
27 25
27 24
22 20
22 21
22 23
23 20
21 19
26 25
24 23
24 25
49 48
49 50
51 48
50 47
48 45
48 47
46 44
