5
83
76
81
73
66
100
99 96
87 84
85 84
84 83
43 41
43 40
43 39
43 38
35 29
99 97
84 78
84 81
82 66
84 71
98 89
90 86
88 84
99 95
91 86
89 86
84 80
84 67
64 57
64 47
21 14
21 4
42 37
42 35
42 34
36 29
36 31
36 40
23 21
25 21
24 21
26 22
28 22
64 61
64 50
64 58
21 18
21 7
21 15
98 94
93 86
98 92
94 86
88 92
98 90
87 92
93 95
96 92
93 85
95 92
97 92
90 85
91 85
89 85
96 94
98 91
93 96
93 88
93 87
97 94
95 94
97 89
97 90
87 94
89 88
91 88
91 96
91 95
87 90
89 96
84 72
84 74
77 81
77 76
77 82
77 83
77 69
77 67
77 71
83 81
79 67
79 83
79 78
79 65
79 66
79 72
79 68
79 70
79 81
80 69
80 76
80 75
80 70
80 83
80 78
72 74
