5
49
53
5
85
23
100
13 7
41 67
19 48
61 67
14 67
19 70
68 34
86 21
52 11
14 90
25 67
2 31
21 30
7 65
73 54
0 2
37 75
0 19
35 67
87 34
13 33
54 93
73 60
14 71
87 11
41 25
0 13
14 61
11 67
69 38
54 67
4 59
57 20
59 89
67 93
45 91
74 93
15 76
30 89
15 66
60 34
14 79
36 45
33 37
69 15
34 93
18 81
4 71
9 40
52 76
11 64
35 28
6 28
46 45
86 45
71 89
43 76
33 10
72 86
72 42
0 14
22 84
87 55
12 20
15 81
35 83
35 4
69 4
69 8
76 40
69 2
57 84
87 22
51 20
60 81
75 20
62 20
36 83
89 93
36 2
33 52
68 77
0 93
82 84
44 55
87 41
33 1
87 9
39 2
35 78
57 78
87 15
70 64
68 22
37 38
66 58
47 20
82 63
24 80
47 77
