5
91
12
45
54
62
100
60 97
79 97
37 97
68 97
26 97
1 97
94 97
50 97
76 97
44 97
56 97
4 97
17 97
10 97
81 97
35 97
2 97
72 97
95 97
53 97
20 97
30 97
80 97
32 97
82 97
15 97
93 97
57 97
58 97
66 97
67 97
25 97
27 97
0 97
5 97
64 97
78 97
16 97
42 97
31 97
11 97
86 97
70 97
13 97
9 97
87 97
59 97
96 97
39 97
41 97
73 97
77 97
38 97
24 97
63 97
22 97
46 97
6 97
48 97
14 97
88 97
51 97
36 97
49 97
92 97
19 97
7 97
3 97
8 97
28 97
33 97
90 97
40 97
84 97
89 97
71 97
47 97
85 97
52 97
74 97
34 97
83 97
61 97
69 97
29 97
23 97
43 97
21 97
18 97
75 97
65 97
85 44
70 93
70 2
64 15
44 2
85 15
56 15
64 96
67 15
