5
29
45
27
34
3
100
14 42
31 59
30 47
40 5
32 12
30 13
14 10
20 13
40 44
51 36
30 1
6 26
56 9
32 51
17 19
57 14
23 13
24 12
55 12
53 12
5 13
20 43
47 59
4 26
30 42
32 40
36 44
52 12
17 20
22 19
48 25
37 44
1 13
28 31
31 12
49 37
44 12
32 17
22 38
31 15
37 19
24 23
32 57
36 35
13 59
21 41
25 5
36 14
15 12
50 20
37 6
52 41
19 12
2 8
16 35
25 11
4 24
35 20
48 40
15 11
11 33
52 10
58 40
6 38
32 30
48 18
4 49
19 26
36 49
49 50
54 50
56 46
56 21
49 24
7 15
50 2
44 43
52 14
28 37
52 47
52 55
52 22
44 11
56 17
52 25
7 28
51 6
6 25
44 39
50 25
46 2
53 58
9 46
26 13
21 30
40 26
53 56
42 58
32 53
43 57
