0
95
99 55
99 19
99 83
95 2
95 54
8 84
18 0
42 0
34 78
27 13
34 27
58 81
47 81
68 13
5 48
5 27
89 88
89 59
15 24
44 7
44 35
42 90
75 71
75 59
23 70
23 2
46 65
10 58
60 38
60 39
10 39
74 53
74 32
55 51
63 37
63 61
72 73
72 82
31 33
43 36
25 51
31 53
41 37
90 12
57 93
57 45
7 78
54 29
8 11
21 94
68 70
21 50
82 17
87 68
87 76
22 37
29 24
11 71
50 40
3 52
12 49
69 92
79 52
69 17
65 73
88 22
93 94
79 48
9 15
86 1
14 97
14 33
66 6
66 80
19 3
96 67
80 77
6 25
18 56
97 67
76 41
85 1
83 16
92 86
61 71
40 77
28 9
28 91
38 3
62 32
62 85
30 20
45 91
56 58
47 45
