5
32
20
40
16
60
100
8 48
17 44
28 74
15 74
54 74
46 74
71 74
66 74
73 74
33 74
43 74
58 74
44 74
17 74
38 74
42 74
30 74
23 74
11 74
48 74
31 74
3 74
25 74
57 74
35 74
1 74
59 74
10 74
55 74
56 74
24 74
67 74
2 74
69 74
37 74
8 74
21 74
4 74
45 74
7 74
18 74
36 74
51 74
64 74
34 74
49 74
52 74
39 74
70 74
12 74
27 74
29 74
63 74
47 74
6 74
0 74
9 74
14 74
61 74
13 74
50 74
68 74
65 74
26 74
19 74
72 74
53 74
5 74
41 74
62 74
47 33
0 69
17 1
0 7
0 1
0 38
0 11
0 4
0 62
0 6
0 58
0 46
0 48
0 73
0 61
0 33
0 21
0 10
0 36
0 64
0 35
0 44
0 53
0 51
0 55
0 29
0 17
0 24
0 15
0 8
