5
24
45
63
89
83
100
68 99
82 12
34 65
66 65
2 7
25 98
12 99
46 13
15 62
65 99
0 46
39 98
34 98
74 20
74 54
80 92
2 95
80 14
86 25
0 2
96 62
3 53
61 90
41 26
86 16
0 80
10 90
85 84
66 71
76 66
68 30
81 50
31 21
21 9
3 38
29 62
86 76
3 41
86 59
33 34
20 53
85 40
68 28
85 46
17 27
35 46
5 69
62 99
17 16
13 82
33 95
91 60
0 86
17 13
79 71
54 53
79 34
33 64
26 99
96 19
17 65
35 36
17 10
33 2
3 64
48 71
4 7
69 91
73 8
32 8
53 99
11 84
29 9
92 46
69 16
23 84
25 9
31 25
75 1
9 99
56 7
3 54
50 84
92 82
61 60
11 1
77 47
32 12
20 37
84 98
50 46
98 99
35 68
32 58
20 99
0 31
41 58
55 25
33 10
17 54
