5
75
57
86
38
41
100
99 0
85 0
99 19
99 57
99 53
99 23
87 0
99 2
99 31
99 85
99 89
99 44
99 71
99 38
99 58
99 90
99 4
99 87
99 30
99 33
99 10
99 52
99 74
99 86
99 67
99 41
99 37
99 17
99 43
99 88
55 0
99 51
42 0
19 0
86 0
99 54
99 3
92 0
99 48
99 7
99 80
99 83
1 0
96 0
99 77
84 0
98 0
99 26
99 55
99 79
99 20
99 68
99 29
99 35
99 96
99 93
99 12
99 21
99 36
99 6
65 67
65 96
65 85
65 15
65 88
65 40
50 0
43 0
65 94
65 86
65 74
65 42
65 0
65 14
65 38
65 39
65 8
65 10
65 28
65 5
65 77
65 50
65 35
65 54
65 37
65 6
65 63
65 53
65 73
65 20
65 19
65 61
65 4
65 32
65 9
65 13
65 52
62 0
65 87
65 25
