5
66
75
41
89
82
100
43 90
0 23
0 29
0 30
0 65
0 36
0 56
0 69
0 85
0 7
0 60
0 41
0 21
0 19
28 90
0 37
0 61
0 71
0 5
0 59
0 40
0 87
0 18
0 66
0 39
0 76
0 34
51 90
0 45
0 38
0 4
0 11
0 17
0 48
0 83
0 16
0 81
0 35
0 90
0 28
3 90
60 90
0 25
0 58
0 22
59 90
0 20
0 26
0 10
0 3
0 44
0 70
0 32
0 62
0 14
0 13
0 72
0 79
0 89
0 75
0 55
0 1
0 82
0 42
68 11
0 50
0 78
0 33
0 74
0 64
0 54
0 68
0 12
0 53
0 15
0 57
0 8
0 47
0 51
0 9
0 63
0 46
0 43
0 84
0 86
0 2
0 49
0 52
0 80
0 77
0 67
0 24
0 31
0 6
0 73
11 90
0 27
88 3
88 16
88 14
