5
54
49
98
10
26
85
25 62
29 82
95 8
34 66
27 12
46 50
43 30
97 66
34 23
6 37
74 62
22 79
34 89
73 12
6 11
74 28
25 85
42 35
67 47
4 21
41 12
47 1
74 48
19 72
74 52
32 58
23 47
78 83
11 28
53 88
73 61
57 1
53 74
61 55
55 36
79 45
14 28
7 2
81 66
78 42
69 47
46 27
95 80
40 70
2 77
18 76
82 35
3 65
13 77
63 30
88 23
35 37
63 87
60 86
9 91
21 79
35 68
84 22
3 5
5 73
59 33
40 69
7 32
78 61
81 76
62 44
47 76
50 85
31 11
15 8
44 45
44 86
95 3
59 48
91 53
95 13
77 7
5 43
4 13
25 93
95 51
34 6
56 57
90 94
93 82
