5
23
25
13
14
21
100
0 73
0 29
0 62
0 16
0 12
0 36
0 22
0 18
0 79
0 40
0 35
0 10
0 34
0 24
0 80
0 8
0 56
0 53
0 59
0 55
0 33
0 64
0 42
0 11
71 84
56 7
1 84
74 11
11 84
51 31
31 84
17 84
48 84
43 84
15 84
83 84
36 84
33 5
60 84
61 84
65 40
20 84
64 84
75 84
68 84
33 84
24 84
63 84
76 84
80 84
50 84
56 84
55 84
72 84
79 84
3 84
28 84
2 27
27 84
22 84
54 84
6 84
19 84
44 84
78 84
69 84
51 65
41 84
4 65
12 65
4 75
18 65
3 65
71 65
33 65
52 65
31 65
60 65
64 65
6 65
59 65
43 65
1 65
47 65
37 65
80 65
46 65
72 65
56 65
39 65
58 65
26 65
68 65
61 65
9 65
16 65
78 65
15 65
5 65
74 65
