5
18
73
51
49
93
100
0 29
59 94
0 84
62 94
0 16
6 94
55 85
87 94
46 7
11 94
91 11
8 94
63 12
4 94
16 84
32 94
0 46
34 94
32 17
0 43
3 59
0 77
0 32
0 38
0 19
0 71
0 86
0 23
0 1
0 28
0 15
0 9
0 58
0 39
0 25
0 80
0 91
0 82
0 17
85 84
89 80
2 47
37 47
6 22
89 70
34 47
85 12
66 84
53 80
33 47
53 12
23 47
37 88
42 47
82 65
68 47
78 79
1 47
67 47
11 84
78 84
40 47
82 84
89 60
69 84
79 47
13 84
28 84
59 83
9 47
37 60
61 47
28 61
31 47
85 37
68 84
40 13
64 47
64 41
48 47
77 43
10 47
64 19
35 47
89 71
39 47
40 39
89 12
83 84
77 69
87 75
87 66
27 46
64 22
92 22
87 86
64 65
40 91
15 66
28 22
