0
100
0 99
33 16
39 61
61 16
33 66
0 33
17 99
16 99
98 8
61 8
11 92
96 82
1 44
57 99
38 37
61 10
8 99
38 35
67 60
0 61
0 98
10 82
84 14
41 99
60 99
39 24
31 99
2 99
2 54
25 14
39 23
0 38
39 99
96 86
22 99
82 99
14 66
25 54
23 99
42 99
45 99
11 99
39 79
81 99
29 99
84 99
93 99
44 99
37 99
14 99
56 99
94 99
74 99
77 99
79 99
55 99
53 99
52 99
49 99
66 99
80 99
33 99
35 99
92 99
85 99
97 99
18 99
86 99
65 99
98 99
19 99
96 99
30 99
63 99
28 99
51 99
88 99
9 99
58 99
89 99
21 99
25 61
90 61
54 61
48 61
7 61
83 61
85 61
82 61
58 61
26 61
84 61
5 61
87 61
4 61
32 61
28 61
74 61
69 61
46 61
