0
100
0 50
3 50
11 50
20 50
22 50
23 50
33 50
40 50
44 50
47 50
2 50
7 50
29 50
24 50
34 50
30 50
42 50
11 43
20 43
34 43
7 43
9 43
10 43
31 43
41 43
39 43
19 43
8 43
13 43
15 43
3 12
9 12
10 12
41 12
29 12
7 12
39 12
24 12
42 12
5 12
6 12
14 12
25 12
26 12
28 12
17 12
38 12
33 37
44 37
29 37
13 37
28 37
39 37
2 37
15 37
1 37
35 37
49 37
36 37
27 37
21 37
20 32
41 32
22 32
44 32
6 32
34 32
13 32
38 32
7 32
19 32
8 32
26 32
2 32
27 32
15 32
16 32
45 32
10 18
23 18
44 18
45 18
28 18
6 18
21 18
38 18
14 18
30 18
2 18
27 18
26 18
0 46
1 46
33 46
11 46
16 46
10 46
45 46
31 46
40 46
