0
100
0 99
84 99
95 39
14 76
0 73
53 76
0 6
69 52
0 25
95 89
11 17
47 42
1 72
4 86
17 68
30 54
12 72
40 96
8 66
1 85
28 11
68 99
68 76
8 47
45 76
82 12
80 36
62 34
4 10
42 89
88 80
82 28
86 94
74 34
25 69
38 14
1 37
38 92
94 99
39 99
84 92
38 37
22 64
81 41
82 7
9 2
46 15
76 67
64 99
8 30
31 9
67 99
89 9
59 50
85 83
32 4
62 31
89 20
2 10
60 83
14 69
75 97
12 10
82 59
8 62
83 92
10 99
1 59
35 7
29 97
75 91
88 62
75 27
87 91
31 97
34 79
21 37
55 26
90 80
34 54
23 24
39 80
0 95
86 92
44 37
17 20
64 80
44 3
5 49
9 92
32 81
72 97
89 84
1 42
64 96
79 45
52 24
35 24
96 80
1 44
