5
54
56
25
36
79
100
97 30
97 11
97 80
97 40
97 8
97 53
97 24
97 68
77 0
97 46
66 0
97 95
97 6
97 36
97 19
97 21
97 35
97 31
97 7
97 2
97 83
97 39
97 64
97 1
97 50
7 0
86 0
97 28
33 0
97 41
97 49
97 89
97 91
97 34
97 12
97 16
97 33
97 52
97 76
97 69
97 81
97 26
97 57
97 60
97 58
97 67
97 38
97 77
97 73
97 22
97 29
97 32
97 86
97 4
97 62
97 96
97 37
97 27
97 20
97 88
97 5
97 85
97 66
97 70
97 51
97 0
97 55
97 72
97 78
97 23
97 75
97 42
97 44
97 71
97 18
97 3
97 13
97 45
97 74
97 17
97 10
97 15
97 61
97 59
97 93
97 14
97 65
97 90
97 87
97 94
97 47
97 79
73 95
97 84
97 43
97 48
97 9
97 82
22 74
97 63
