5
26
69
42
73
28
100
48 92
75 24
84 92
50 24
59 47
56 19
36 27
71 80
35 38
92 38
32 52
17 75
43 84
76 16
37 55
59 54
80 57
9 24
71 53
87 53
3 54
67 78
58 68
0 49
17 61
92 44
0 17
44 99
47 78
0 89
10 31
47 98
9 79
12 99
92 68
52 98
92 19
63 16
57 68
78 99
29 25
55 11
79 96
44 3
72 27
44 55
44 63
87 23
81 15
24 25
36 11
7 55
25 99
80 38
29 99
52 97
95 2
24 27
47 97
72 15
9 68
8 15
81 86
9 74
48 37
71 89
15 38
83 11
57 55
48 38
12 39
47 84
92 87
1 11
44 4
57 67
21 5
27 99
38 99
50 82
95 91
7 67
44 7
14 82
48 76
72 86
13 55
47 91
52 74
43 87
56 11
47 11
95 23
66 30
9 72
2 68
81 51
13 20
77 55
70 98
