0
100
0 89
4 89
0 80
0 25
0 28
0 66
0 73
0 82
0 86
0 40
0 85
0 27
0 35
78 58
65 89
78 57
40 81
56 89
40 26
56 35
78 1
78 20
78 40
78 56
43 66
34 42
25 42
72 64
21 64
9 66
24 6
30 42
53 26
67 64
62 26
31 42
35 68
68 42
63 26
9 64
23 42
10 26
60 51
51 42
51 26
13 64
26 42
31 17
23 15
58 62
24 15
3 17
36 6
86 84
64 66
84 62
83 27
53 6
3 62
20 15
20 62
53 27
71 27
28 27
83 6
78 47
21 69
69 6
71 43
69 27
49 19
25 15
55 60
60 27
1 68
29 6
3 70
57 70
10 62
19 27
77 6
84 27
30 6
16 69
52 27
27 15
31 34
27 17
85 10
31 71
83 12
55 71
12 62
31 68
31 16
83 60
31 29
31 43
52 15
55 4
