5
17
52
40
34
26
100
15 38
0 21
0 10
44 5
15 50
0 47
0 15
0 8
0 44
0 5
0 9
0 11
0 45
0 19
0 46
0 35
0 23
0 36
0 18
0 42
0 24
0 20
0 41
0 33
0 13
0 14
0 48
0 25
0 16
0 22
0 12
0 39
38 54
41 19
0 7
20 54
11 25
18 25
13 25
41 12
49 21
18 19
43 41
43 24
18 54
43 4
43 48
43 37
13 1
18 20
43 27
43 22
43 11
49 1
43 47
43 13
43 18
43 12
43 45
43 14
49 10
43 31
43 7
49 48
49 16
49 23
49 33
43 19
43 46
43 51
49 4
49 27
43 44
49 22
43 9
43 25
43 16
49 24
43 36
43 28
43 42
49 47
43 54
43 29
49 29
43 50
49 50
49 11
49 41
43 39
49 12
49 6
49 45
43 23
43 33
49 9
49 30
49 2
49 44
43 10
