0
100
0 49
50 99
1 49
2 49
3 49
4 49
5 49
6 49
7 49
8 49
9 49
10 49
11 49
12 49
13 49
14 49
15 49
16 49
17 49
18 49
19 49
20 49
21 49
22 49
23 49
24 49
25 49
26 49
27 49
28 49
29 49
30 49
31 49
32 49
33 49
34 49
35 49
36 49
37 49
38 49
39 49
40 49
41 49
42 49
43 49
44 49
45 49
46 49
47 49
0 48
88 99
1 48
86 99
2 48
81 99
3 48
57 99
4 48
78 99
5 48
56 99
6 48
65 99
7 48
90 99
8 48
76 99
9 48
55 99
10 48
77 99
11 48
82 99
12 48
54 99
13 48
83 99
14 48
74 99
15 48
51 99
16 48
94 99
17 48
89 99
18 48
70 99
19 48
59 99
20 48
68 99
21 48
79 99
22 48
92 99
23 48
80 99
24 48
58 99
25 48
