5
56
70
55
78
90
100
32 13
32 96
74 12
52 86
0 18
0 68
39 46
61 6
0 23
32 28
0 52
62 80
62 37
2 49
67 11
33 15
33 58
43 61
1 31
33 49
29 58
46 42
59 68
13 82
33 98
42 99
8 67
3 79
62 3
13 1
10 49
76 99
98 16
24 7
98 68
26 17
71 95
71 89
7 49
84 77
94 31
62 81
28 4
98 5
71 48
54 89
6 9
71 30
64 49
24 41
41 16
7 79
31 68
45 3
8 29
82 73
83 66
13 62
4 95
75 37
58 11
30 11
72 87
41 88
48 49
64 73
68 99
64 16
11 16
89 77
84 66
9 16
20 35
24 2
54 75
77 99
13 69
86 83
6 69
26 66
0 13
35 14
54 40
73 49
46 75
92 16
28 51
54 14
97 92
54 44
54 35
89 14
17 84
71 18
25 66
0 43
8 23
46 57
54 65
50 66
