5
60
48
23
78
49
100
19 20
20 99
79 99
58 99
77 99
92 99
76 99
90 99
93 83
83 99
6 99
87 99
15 99
84 99
66 99
52 99
0 99
82 99
19 90
50 99
25 99
30 99
19 53
85 99
97 99
3 99
0 69
67 99
74 99
36 72
72 99
94 99
90 75
89 99
45 99
54 99
56 99
88 99
59 99
80 99
31 99
8 99
29 99
75 99
93 99
5 99
98 99
0 92
69 99
98 44
65 99
71 99
43 99
58 11
37 99
91 24
57 24
12 24
98 52
89 24
42 24
25 24
22 24
7 75
86 24
36 24
10 24
18 24
82 24
34 45
63 24
26 24
1 24
7 51
5 24
67 24
34 43
79 24
66 77
94 24
34 41
85 24
22 37
92 24
37 24
80 24
58 52
55 24
50 24
17 24
32 24
76 24
54 24
30 24
14 24
41 24
65 24
68 24
34 24
98 13
