1
4
100
21 0
99 52
99 78
50 88
84 37
99 63
99 73
50 84
50 98
55 28
55 42
90 28
55 54
55 90
95 15
95 40
95 91
21 70
80 87
38 22
63 49
25 18
25 6
58 87
58 86
58 10
77 52
77 39
77 1
64 76
77 24
5 64
56 32
56 10
56 62
40 15
40 57
40 44
28 73
33 15
75 23
75 69
75 86
75 94
95 21
24 93
24 17
32 64
32 22
32 7
32 26
93 45
93 23
93 71
20 62
20 74
3 49
3 62
38 96
38 17
60 89
60 39
94 66
94 71
16 69
16 98
16 14
16 35
62 19
73 72
10 46
86 98
86 78
8 11
8 45
8 96
35 43
79 18
97 92
97 22
97 11
97 41
97 88
97 12
97 9
31 11
45 98
31 52
88 7
88 90
39 47
17 76
17 92
17 81
17 46
34 52
90 61
76 0
87 81
61 22
