5
52
57
75
8
76
100
88 99
0 92
6 99
70 99
13 99
15 99
34 99
38 99
11 99
65 99
54 99
3 99
25 99
22 99
59 99
16 99
35 99
89 99
69 99
7 99
95 99
39 99
84 99
97 99
47 99
4 99
21 99
56 99
23 99
62 99
96 99
74 99
32 99
36 99
55 99
92 99
0 99
90 99
78 99
19 99
82 99
45 99
50 99
31 99
93 99
83 99
2 99
94 99
41 99
87 99
71 99
42 99
58 99
80 99
49 99
46 99
63 99
66 99
9 99
5 99
77 99
24 99
85 99
28 99
26 99
81 99
14 99
64 99
33 99
27 99
37 99
60 99
72 99
98 99
67 99
73 99
48 99
1 99
12 99
20 99
86 99
29 99
79 99
44 99
30 99
43 99
6 10
91 99
18 99
17 99
51 99
40 99
68 99
61 99
53 99
16 10
91 10
11 10
13 10
58 10
