5
47
7
57
49
66
100
0 62
0 25
0 45
0 64
0 85
0 86
0 50
0 95
0 13
0 48
0 70
0 82
0 60
0 73
0 28
0 14
0 54
0 11
0 93
0 53
0 32
0 75
0 24
0 92
0 69
0 26
0 35
0 5
0 12
0 22
0 2
0 8
0 81
0 20
0 44
0 52
0 79
0 87
0 55
0 63
0 17
0 80
0 16
0 36
0 18
0 37
0 61
0 42
0 38
0 90
0 19
0 9
0 77
0 41
0 84
0 76
0 10
0 72
0 1
0 27
0 39
0 71
0 56
0 3
0 30
0 31
0 65
0 68
0 21
0 4
0 59
0 51
0 67
0 33
0 6
0 43
0 29
0 96
0 58
0 34
0 40
0 83
0 74
0 15
0 78
89 96
0 94
0 88
0 46
54 96
27 96
29 96
34 96
14 96
54 35
33 96
58 41
41 96
77 96
60 94
