0
98
0 99
40 41
45 47
12 14
7 9
96 98
73 75
22 24
64 66
52 53
62 64
1 3
56 57
80 81
35 36
30 32
59 61
94 96
94 93
27 29
74 76
13 14
71 72
60 62
28 29
30 31
8 10
77 79
4 5
75 76
45 46
19 21
20 22
9 11
81 83
18 20
12 13
24 26
6 8
3 5
93 95
88 90
32 34
2 4
26 28
87 89
77 78
63 65
86 88
36 38
68 70
85 87
82 84
85 86
41 43
41 42
72 74
71 73
91 92
56 58
59 60
15 17
18 19
53 55
50 52
53 54
23 25
89 90
91 90
33 35
0 2
95 97
37 38
69 70
48 50
47 49
25 27
83 84
78 80
21 23
34 35
10 11
65 67
66 68
61 63
15 16
46 48
54 55
57 58
42 44
43 44
79 81
39 40
67 69
16 17
6 7
49 51
31 33
