2
98
97
100
99 0
49 48
99 96
99 48
99 95
99 47
99 94
99 46
99 93
99 45
99 92
99 44
99 91
99 43
99 90
99 42
99 89
99 41
99 88
99 40
99 87
99 39
99 86
99 38
99 85
99 37
99 84
99 36
99 83
99 35
99 82
99 34
99 81
99 33
99 80
99 32
99 79
99 31
99 78
99 30
99 77
99 29
99 76
99 28
99 27
99 75
99 26
99 74
99 25
99 73
99 24
99 72
99 23
99 71
99 22
99 70
99 21
99 69
99 20
99 68
99 19
99 67
99 18
99 66
99 17
99 65
99 16
99 64
99 15
99 63
99 14
99 62
99 13
99 61
99 12
99 60
99 11
99 59
99 10
99 58
99 9
99 57
99 8
99 56
99 7
99 55
99 6
99 54
99 5
99 53
99 4
99 52
99 3
99 51
99 2
99 50
99 1
49 0
50 0
51 0
