5
62
66
17
68
22
100
61 26
44 99
11 8
0 80
2 19
16 34
0 48
0 64
0 6
0 14
90 21
26 44
12 80
34 20
71 99
82 51
55 27
75 29
75 65
35 4
72 11
10 61
47 30
78 15
27 65
2 38
75 19
67 19
76 99
74 35
10 98
74 42
13 6
27 6
57 80
75 61
16 1
88 35
95 50
95 25
0 2
5 4
89 51
13 67
77 6
5 34
36 61
89 28
89 15
1 30
53 4
3 24
4 99
23 43
93 64
56 6
57 11
25 80
57 3
90 94
77 37
70 6
30 99
57 52
57 23
32 31
95 36
57 54
89 7
26 83
61 80
37 3
16 26
96 46
16 13
84 43
24 34
57 27
19 79
97 63
93 90
55 43
37 54
1 31
36 47
70 35
11 79
96 3
95 55
19 64
84 64
15 6
11 42
53 86
0 18
50 35
0 23
81 47
16 74
92 73
