5
68
89
92
26
7
100
42 22
95 83
51 76
52 20
24 48
74 5
85 75
59 77
63 60
87 12
43 59
0 42
52 21
91 2
0 25
93 83
87 85
74 56
48 83
52 74
2 79
6 64
33 53
36 62
43 74
64 38
64 83
20 83
62 83
50 8
47 35
0 43
0 52
87 34
95 59
48 75
96 53
35 93
0 87
95 98
23 97
90 37
85 98
9 83
85 59
93 38
60 53
71 55
82 96
91 51
85 84
23 27
0 95
65 27
58 84
71 58
71 84
71 91
15 75
71 4
82 80
60 6
48 82
35 77
38 99
31 70
88 75
90 99
69 47
76 57
97 8
19 75
30 6
28 6
24 82
97 75
6 75
83 99
48 85
8 99
71 20
12 95
24 43
0 11
15 20
20 43
24 21
20 79
78 76
60 9
40 79
71 59
90 21
61 81
47 43
50 22
24 2
90 45
56 9
13 85
