5
3
95
18
51
39
100
1 0
98 50
98 5
98 89
12 0
98 35
98 58
98 55
79 0
98 8
98 71
13 11
98 70
98 30
98 68
98 88
98 12
98 37
98 82
98 33
98 42
98 10
98 26
98 79
98 86
98 43
98 6
98 54
98 34
98 73
98 48
98 1
98 76
98 60
98 95
98 61
98 20
98 41
98 14
98 32
19 0
98 17
98 7
98 66
98 75
98 23
98 96
98 84
98 21
98 91
98 69
98 44
98 25
98 80
98 78
98 62
98 57
98 36
98 29
98 94
98 9
98 65
98 77
98 40
98 38
98 87
98 46
11 0
98 52
98 47
98 83
98 63
98 0
98 49
98 2
98 31
98 53
98 64
98 90
98 15
98 93
98 19
98 24
98 13
98 97
98 92
98 28
98 85
98 56
98 11
98 74
98 72
98 27
98 16
98 81
98 22
98 4
98 45
98 67
87 0
