5
67
83
7
54
82
100
89 70
58 44
88 43
10 34
88 0
46 48
12 64
30 71
10 13
10 18
30 12
30 60
30 9
30 34
30 45
53 52
53 18
53 35
53 17
53 1
53 84
50 18
50 70
4 40
4 57
4 19
4 63
72 48
14 71
1 46
1 70
1 40
79 20
72 44
79 38
79 78
79 13
33 18
33 84
42 71
33 55
33 38
33 23
44 71
31 72
5 74
31 47
34 74
42 57
42 37
78 28
42 17
88 61
16 37
88 76
88 72
27 64
66 37
27 39
27 11
88 35
27 72
61 28
27 21
69 37
22 28
64 37
73 65
86 45
80 57
45 65
27 40
27 35
34 19
36 57
46 23
46 85
18 57
46 17
46 25
46 26
46 55
49 57
59 56
59 52
85 57
61 51
12 51
12 13
40 81
40 49
40 32
40 17
75 11
75 47
75 76
70 2
62 26
62 2
69 14
