5
27
17
16
70
83
100
0 48
81 95
0 62
26 95
0 88
54 95
0 41
2 95
21 85
33 95
0 59
63 95
18 95
57 95
71 95
91 31
29 95
0 60
40 95
91 88
23 95
71 23
25 95
18 82
10 95
46 62
7 95
87 95
21 95
43 95
20 95
22 43
68 95
5 95
8 95
35 95
79 95
73 95
91 95
37 95
69 95
13 95
19 95
90 95
11 95
88 95
89 95
59 95
93 95
0 91
9 95
94 95
24 95
47 95
65 95
32 95
64 95
86 28
67 95
39 95
51 95
61 95
60 95
33 85
14 95
4 95
76 95
49 95
22 95
38 12
36 95
85 95
41 95
1 95
50 95
0 46
38 95
71 67
66 95
42 26
48 95
71 86
3 95
71 41
58 95
18 61
30 95
71 50
31 95
0 74
74 95
0 42
12 95
71 94
80 95
0 87
62 95
71 91
72 95
0 31
