5
91
75
10
5
69
100
0 4
82 90
2 4
7 3
0 3
2 6
7 1
0 1
0 2
0 6
0 7
0 8
94 99
30 38
9 16
30 37
9 11
94 98
82 87
60 67
3 11
94 96
9 13
3 12
9 15
9 18
3 1
9 17
9 8
9 12
9 2
3 6
9 7
3 8
84 92
82 86
54 63
85 92
81 85
59 63
37 44
93 92
79 84
60 65
47 52
89 96
78 84
59 64
95 99
64 67
47 51
90 99
62 70
45 44
90 92
64 65
47 44
95 98
64 71
38 44
93 99
64 72
45 52
97 98
62 67
46 53
83 92
57 63
48 53
90 96
57 65
43 44
97 96
57 66
45 54
86 92
62 65
48 56
90 98
62 68
47 49
87 92
55 63
46 49
26 32
45 50
24 32
9 14
48 54
19 25
40 44
24 31
47 53
17 25
43 51
24 25
46 55
30 31
47 50
16 25
