5
69
88
3
23
67
100
0 43
0 18
0 56
0 7
0 79
51 97
0 17
0 38
0 68
90 97
0 27
0 74
0 89
0 31
0 13
0 46
0 92
0 5
0 16
69 30
0 62
0 96
59 97
0 19
0 69
0 24
0 94
0 36
0 93
0 95
0 41
0 91
0 26
40 97
0 58
82 97
0 11
0 53
88 97
75 14
75 20
75 12
75 36
75 76
75 86
75 71
75 38
75 42
75 33
75 5
75 18
75 46
75 70
75 28
75 95
1 97
43 7
75 96
75 57
75 58
75 63
75 89
75 80
75 7
75 66
75 61
75 15
75 62
75 2
75 22
24 42
24 14
24 59
24 97
24 72
24 64
42 97
24 56
24 80
24 13
24 21
24 29
24 30
24 87
24 52
24 46
24 31
23 7
24 92
31 97
24 41
24 55
24 40
24 3
24 84
24 65
24 35
7 97
24 18
24 91
