5
72
69
65
37
32
100
63 4
27 80
0 41
30 29
38 43
63 67
47 86
82 89
48 14
7 88
54 15
63 74
38 27
33 42
1 98
52 42
83 93
95 86
84 98
68 60
56 98
38 70
97 24
14 81
42 88
86 98
0 54
48 36
63 48
63 70
22 87
30 58
44 27
0 30
59 60
35 46
88 98
60 74
7 27
19 27
5 81
63 68
82 48
23 39
1 87
82 18
82 40
81 98
23 20
78 48
77 4
22 30
17 50
84 80
51 26
33 67
84 34
82 50
63 15
33 18
47 18
1 90
94 36
7 43
16 36
56 76
8 36
56 67
48 27
26 98
80 98
94 43
33 74
3 74
51 27
4 27
16 54
6 70
51 36
74 98
38 16
34 13
6 35
63 17
33 17
63 82
22 44
0 63
23 50
34 87
36 98
16 98
22 71
87 50
38 94
16 13
27 98
80 89
56 50
22 52
