5
57
62
85
39
63
100
82 99
13 99
10 99
75 99
24 99
17 99
0 56
56 99
26 99
14 99
36 99
42 99
35 99
7 99
22 99
30 99
50 99
67 99
46 99
43 99
84 99
92 99
97 99
90 99
93 99
28 99
98 99
25 99
29 99
1 99
80 99
33 99
51 99
37 99
70 99
31 99
15 99
74 99
68 99
4 99
16 99
76 99
81 99
5 99
32 99
66 99
6 99
69 99
23 99
11 99
3 99
96 99
59 99
45 99
2 99
49 99
19 99
47 99
41 99
89 99
83 99
53 99
91 99
55 99
11 72
7 72
52 72
91 72
71 72
27 72
46 72
17 72
88 72
58 72
83 72
16 72
51 72
9 72
87 72
64 72
8 72
53 72
90 72
35 72
33 72
5 72
22 72
92 72
54 72
93 72
96 72
2 72
94 72
98 72
12 72
78 72
44 72
0 72
26 72
56 72
