0
100
0 99
86 99
87 99
88 99
89 99
90 99
81 99
82 99
83 99
84 99
85 99
71 99
72 99
73 99
74 99
75 99
71 50
72 50
73 50
74 50
75 50
71 46
72 46
73 46
74 46
75 46
71 37
72 37
73 37
74 37
75 37
81 20
82 20
83 20
84 20
85 20
81 31
82 31
83 31
84 31
85 31
71 42
72 42
73 42
74 42
75 42
81 35
82 35
83 35
84 35
85 35
81 8
82 8
83 8
84 8
85 8
81 15
82 15
83 15
84 15
85 15
81 22
82 22
83 22
84 22
85 22
81 7
82 7
83 7
84 7
85 7
71 55
72 55
73 55
74 55
75 55
81 26
82 26
83 26
84 26
85 26
71 67
72 67
73 67
74 67
75 67
71 58
72 58
73 58
74 58
75 58
71 66
72 66
73 66
74 66
75 66
81 11
82 11
83 11
84 11
