5
39
3
6
29
72
100
42 52
38 94
0 87
84 94
24 58
14 70
14 36
91 74
91 9
47 74
87 74
14 35
24 69
82 1
19 62
92 41
91 17
83 25
19 57
67 74
90 25
58 41
22 89
38 1
7 62
45 61
42 40
8 20
24 42
31 74
67 77
0 24
8 40
47 20
19 8
0 67
12 75
0 12
92 34
32 65
70 74
64 74
45 92
34 1
60 74
36 9
19 7
14 87
55 90
76 65
0 14
34 74
0 55
19 59
77 41
89 9
47 42
21 74
42 9
19 45
90 73
32 73
42 20
0 19
32 83
34 13
47 36
21 13
40 74
17 41
21 25
32 11
47 45
34 21
0 32
17 13
26 38
47 48
42 38
61 78
42 12
26 83
75 41
43 73
42 91
81 70
43 21
20 74
41 94
21 9
90 7
0 47
90 53
82 52
93 63
42 7
91 69
71 94
57 73
17 89
