5
41
42
43
44
45
100
50 0
50 1
50 2
50 3
50 4
50 5
50 6
7 0
7 8
7 1
7 9
7 2
7 10
7 3
7 11
7 4
7 12
7 13
7 5
7 14
7 15
7 6
7 16
7 17
7 18
7 19
7 20
7 21
7 23
7 22
7 24
7 25
7 26
7 27
7 28
7 29
7 31
7 30
7 32
7 33
7 34
7 35
7 36
7 37
7 39
7 38
7 40
7 41
7 42
7 43
7 44
7 45
7 47
7 46
7 48
49 0
49 1
49 2
49 3
49 4
49 5
6 0
6 8
6 1
6 9
6 2
6 10
6 3
6 11
6 4
6 12
6 13
6 5
6 14
6 15
6 16
6 17
6 18
6 19
6 20
6 21
6 23
6 22
6 24
6 25
6 26
6 27
6 28
6 29
6 31
6 30
6 32
6 33
6 34
6 35
6 36
6 37
6 39
6 38
6 40
