5
48
89
8
19
32
100
88 99
0 14
26 99
0 5
0 17
0 11
0 68
0 59
0 58
90 36
65 99
0 42
0 66
0 89
0 45
30 99
25 79
25 12
25 98
25 24
25 74
25 59
25 43
25 63
25 96
36 99
2 91
2 6
2 96
2 5
2 41
2 47
6 63
7 99
36 6
51 91
36 37
15 99
56 67
9 99
87 99
36 35
36 60
36 51
36 23
93 66
22 29
22 75
22 41
52 66
22 57
22 1
22 4
69 13
22 46
22 45
22 55
90 49
90 69
90 60
90 75
13 66
19 66
90 9
90 48
90 15
90 57
90 38
90 84
90 34
61 66
43 20
43 79
29 66
43 46
43 11
43 10
77 59
4 85
43 6
60 18
60 40
60 73
60 13
60 16
60 55
60 46
33 85
98 85
10 68
35 11
35 82
79 68
35 70
35 45
35 61
35 3
35 96
35 92
87 79
