0
99
0 51
0 45
22 99
0 37
65 69
65 11
33 64
79 99
33 67
8 82
8 27
84 99
41 87
41 44
92 50
92 52
77 95
72 95
16 36
16 84
4 57
4 47
18 6
18 15
47 93
3 85
79 35
29 82
67 77
97 30
20 93
21 59
40 46
86 61
89 6
70 26
70 55
3 59
73 61
72 49
87 25
57 69
21 81
51 54
36 64
62 39
62 32
88 48
14 89
14 53
19 58
31 49
19 3
32 83
2 13
2 20
52 15
30 96
76 96
28 37
28 53
83 23
73 66
88 24
46 58
27 94
13 94
56 74
71 80
34 38
86 74
1 50
12 17
9 23
9 75
10 69
12 5
80 58
75 78
71 10
22 1
34 81
66 38
63 68
55 54
26 78
43 11
56 68
60 64
60 63
45 42
7 29
7 31
48 44
90 43
91 17
91 76
90 42
98 52
