5
72
11
23
9
79
100
5 74
96 99
74 99
56 99
59 99
64 99
7 99
58 99
48 99
52 99
21 99
0 86
24 97
19 97
0 60
34 27
34 13
0 57
53 83
69 53
21 83
0 69
86 97
7 27
0 37
0 75
3 93
0 95
30 97
0 73
0 82
84 97
33 13
32 97
0 56
0 3
3 66
84 74
33 59
92 3
92 33
13 6
66 60
15 64
77 83
36 83
6 60
7 81
27 60
92 84
92 88
92 36
24 37
92 57
92 96
7 59
92 95
92 7
92 53
1 97
92 13
28 60
50 60
18 38
92 5
81 60
92 67
16 60
97 60
92 24
25 60
55 15
46 60
91 60
54 37
29 95
92 17
1 95
1 78
1 8
71 35
1 56
1 71
1 13
77 59
1 42
1 30
1 77
6 78
73 19
19 20
6 50
75 94
59 95
80 60
6 44
10 61
59 76
74 60
26 12
