5
3
67
46
85
2
100
39 40
74 99
78 99
87 99
73 72
97 98
51 99
73 98
16 17
39 38
39 5
39 77
39 56
83 82
83 20
83 84
78 40
18 17
83 32
8 9
83 8
71 70
71 8
51 50
87 82
40 17
48 81
78 79
51 52
86 50
86 10
77 78
86 87
33 91
33 38
33 32
6 7
74 92
78 7
33 11
64 65
33 84
33 55
33 36
35 36
20 19
20 24
91 92
20 15
20 95
21 22
21 87
91 95
64 28
89 88
25 48
25 26
24 74
23 60
23 70
23 38
23 37
22 15
42 43
36 37
50 12
50 73
50 16
49 70
14 13
38 43
14 15
10 4
10 9
48 47
14 38
10 11
18 19
18 31
55 56
30 29
55 45
53 9
64 31
64 27
64 43
63 97
63 60
62 61
62 74
77 27
76 75
77 73
97 87
94 93
94 70
87 13
87 9
69 29
69 68
