5
79
35
70
48
93
100
53 99
44 78
54 36
54 33
80 46
14 55
47 66
65 1
12 7
73 33
95 88
26 32
0 72
85 49
86 94
95 15
20 45
46 66
42 62
19 15
44 92
90 20
54 19
78 49
2 34
7 55
30 29
21 47
19 56
11 90
50 69
91 49
76 15
1 33
94 38
26 11
62 37
57 63
0 67
49 66
85 87
63 47
62 58
88 47
42 9
62 87
42 87
71 23
52 61
42 89
88 10
88 34
81 34
81 4
22 77
51 15
9 47
43 77
77 30
57 76
51 64
65 41
68 6
81 5
53 41
2 87
85 62
44 84
54 28
40 5
83 11
54 83
80 56
40 11
86 11
6 92
12 36
82 28
40 86
73 34
94 61
10 56
21 59
42 90
6 73
88 59
98 25
22 59
24 3
74 95
22 51
8 46
60 97
57 51
45 58
20 84
78 12
19 39
98 1
64 58
