5
44
38
83
94
32
100
73 39
42 6
76 25
95 59
16 21
95 6
11 99
16 19
42 10
31 6
56 84
42 72
17 99
23 25
77 90
4 66
46 48
35 25
66 99
82 6
3 8
8 98
49 10
47 19
88 20
96 71
8 58
35 86
95 3
96 98
59 90
42 95
26 48
20 25
90 99
56 8
6 99
60 55
46 26
89 34
65 18
42 46
17 63
0 56
40 71
36 10
81 49
58 49
53 84
40 18
42 35
18 10
36 4
50 75
74 99
63 99
87 98
15 55
39 95
36 77
74 73
87 79
49 75
91 98
74 41
36 64
0 42
85 34
73 75
76 89
18 71
1 43
67 27
53 24
5 65
1 35
77 98
43 45
36 88
67 95
96 85
61 4
17 13
39 61
81 43
77 95
62 35
39 11
92 28
40 98
24 10
9 95
36 1
45 84
17 9
52 10
40 53
7 79
36 67
76 81
