5
18
6
31
83
19
100
58 0
93 27
93 82
93 32
93 39
93 11
93 19
93 43
93 53
93 80
93 17
93 86
93 46
93 37
93 36
93 55
93 13
93 9
93 45
93 65
93 88
93 6
20 52
93 18
93 54
93 75
93 20
12 25
12 92
12 74
12 27
12 24
12 20
12 91
12 34
12 17
12 54
12 60
12 14
12 8
12 62
12 66
65 14
65 28
65 72
28 0
65 73
65 24
65 27
65 21
65 2
65 40
65 6
65 31
65 55
45 0
65 5
65 36
65 0
65 50
41 0
65 20
87 71
52 0
23 71
35 0
65 85
65 3
65 34
73 0
71 0
38 0
65 26
65 4
65 43
65 39
65 81
22 23
22 28
22 50
22 25
22 3
22 29
10 0
22 33
22 82
22 24
22 10
22 59
22 46
22 63
22 74
22 41
34 0
22 9
22 4
22 38
15 21
15 37
7 0
