5
21
18
23
69
2
100
99 92
99 87
59 60
99 29
99 43
99 83
99 36
99 20
51 10
99 34
99 51
99 5
99 4
84 0
99 67
99 12
32 60
99 91
99 25
99 60
22 0
60 0
99 95
99 84
99 85
99 13
99 48
99 0
99 93
99 28
99 17
99 6
99 22
99 7
99 52
99 59
99 56
99 15
99 50
99 31
99 35
99 94
99 90
99 68
99 66
99 9
99 44
99 63
99 96
99 76
13 0
99 11
26 0
76 0
10 0
99 77
99 89
99 81
99 75
99 42
99 97
99 53
99 82
99 64
74 0
4 79
99 88
79 0
99 26
99 61
99 40
99 33
99 10
99 74
99 80
99 3
99 19
1 0
99 58
99 55
99 45
99 47
99 71
99 54
99 30
99 32
99 70
99 8
99 46
99 14
99 72
78 0
99 24
99 49
71 0
99 38
48 0
44 0
43 0
91 0
