5
88
81
1
11
12
100
8 90
14 8
46 5
23 99
28 47
28 33
82 51
45 80
72 58
6 75
82 53
20 99
77 99
16 49
35 99
16 37
16 79
57 97
28 37
58 75
36 99
53 99
0 82
31 49
22 97
44 75
95 99
16 98
67 71
91 49
16 96
83 16
54 75
31 6
16 43
66 99
31 46
89 99
60 99
0 28
63 99
83 45
46 59
18 93
85 93
69 78
0 14
16 68
62 93
76 99
59 99
9 99
6 99
47 99
83 91
92 99
45 99
51 99
40 99
71 99
21 99
52 99
83 99
37 99
22 99
5 99
91 99
74 99
78 99
33 99
65 99
97 99
98 99
19 99
68 99
29 99
16 4
25 49
15 49
5 49
55 49
27 49
92 49
7 49
34 49
3 49
20 49
66 49
95 49
64 49
86 49
47 49
71 49
19 49
96 49
93 49
39 49
68 49
59 49
63 49
