0
95
99 44
99 90
99 51
38 39
33 27
39 1
39 34
39 65
40 95
40 21
40 89
40 34
44 82
44 43
44 69
37 8
48 45
29 6
29 19
29 3
2 0
29 26
29 24
29 28
29 25
27 81
9 42
9 12
9 58
20 0
1 0
76 0
6 2
5 20
5 10
5 4
5 25
12 16
12 73
30 2
30 22
31 32
8 11
8 7
8 21
78 68
8 78
81 3
80 24
82 18
82 94
82 57
2 3
1 3
23 24
23 32
23 25
23 35
22 17
2 18
4 92
84 3
77 55
10 3
34 52
62 24
22 10
18 46
22 97
22 41
22 58
22 4
14 15
67 17
66 71
66 68
65 87
65 53
4 16
4 11
62 64
4 1
2 41
2 62
1 76
1 86
20 42
17 6
17 24
88 63
24 70
73 68
54 50
18 74
54 98
