5
57
51
72
11
33
100
7 85
75 85
0 32
85 99
45 99
4 81
22 48
0 50
7 65
22 65
37 65
4 49
4 62
4 68
4 94
22 62
37 68
95 92
98 99
4 17
95 17
5 60
22 59
0 95
14 6
4 32
4 56
84 65
7 78
37 41
16 99
28 99
88 38
37 76
30 38
94 38
84 92
14 70
22 70
7 26
60 99
0 46
14 39
22 86
37 6
37 43
84 10
4 64
37 34
75 2
18 44
18 65
42 32
42 56
27 56
87 3
29 56
45 3
45 65
94 65
36 10
14 76
80 92
0 37
0 84
0 5
4 27
14 29
75 39
88 29
22 12
9 81
13 73
19 6
87 73
48 73
94 6
4 83
0 7
24 32
9 56
30 32
66 56
85 3
14 48
22 17
19 79
30 21
30 78
35 78
35 79
94 68
97 41
38 99
0 4
0 66
22 66
75 66
88 40
13 29
