5
3
16
32
17
21
100
0 6
19 8
14 6
70 8
7 62
71 62
0 23
68 6
14 4
31 28
18 97
4 8
0 10
4 6
18 4
2 62
46 2
2 6
45 5
26 19
5 23
88 8
0 28
18 19
54 8
7 19
35 6
10 6
24 23
0 69
7 10
26 12
0 14
0 26
46 7
0 12
46 12
45 15
0 13
24 4
0 7
0 67
24 87
0 31
24 8
46 9
0 18
0 9
0 15
0 29
0 41
0 25
45 13
0 98
62 8
0 24
23 8
0 45
22 8
0 70
59 8
62 28
0 46
6 8
62 6
0 65
0 83
0 72
67 8
98 10
15 8
22 15
9 8
66 15
62 98
0 20
20 40
22 56
22 18
20 4
66 36
63 40
63 43
62 65
66 48
20 6
66 27
22 27
22 86
63 48
22 69
22 25
22 89
5 8
43 8
56 73
73 8
78 8
49 8
64 8
