5
30
44
2
26
47
100
0 63
0 67
0 56
46 68
46 96
46 29
46 23
46 17
46 98
46 28
46 6
46 67
87 61
87 77
87 16
87 83
87 34
87 97
87 80
87 89
87 40
87 92
87 53
87 42
48 66
48 12
48 90
48 95
48 63
48 34
48 9
48 1
48 75
48 49
48 43
36 19
36 41
94 99
91 32
52 86
36 91
52 89
52 91
52 61
52 94
52 97
52 11
52 13
52 10
52 77
79 40
79 25
79 22
79 24
79 1
79 9
50 59
50 29
50 5
50 56
50 93
50 68
50 15
66 7
50 80
50 4
50 66
25 3
25 14
25 45
25 96
25 22
5 99
33 99
25 72
25 10
25 75
25 28
25 80
5 74
5 90
5 96
5 23
20 99
5 43
5 37
5 20
5 53
5 82
75 12
13 99
7 78
75 69
75 37
75 82
75 24
75 13
75 43
75 64
70 55
