5
30
63
57
25
14
100
28 42
53 37
0 12
51 74
21 47
43 42
15 42
6 8
0 13
49 42
48 73
6 7
46 19
0 74
45 48
4 13
6 13
68 48
37 74
0 24
34 47
41 42
47 20
59 51
20 74
42 74
0 49
46 61
0 66
4 62
6 66
73 74
4 21
4 45
15 32
65 61
67 49
2 34
46 54
15 60
67 72
60 43
4 29
16 22
2 35
64 66
2 24
71 24
15 70
9 39
0 9
0 4
0 6
0 46
16 48
33 66
41 18
16 8
28 50
0 67
48 39
1 51
33 70
20 39
52 58
48 51
60 9
52 71
43 31
10 8
58 39
72 3
22 69
0 64
21 50
28 49
44 49
28 39
10 39
16 21
0 58
33 2
28 12
52 19
1 55
16 59
69 39
0 48
33 9
1 9
32 74
20 34
10 45
39 74
20 64
72 64
72 43
42 66
32 66
54 18
