0
98
99 55
43 7
43 2
21 56
31 0
21 83
21 45
63 98
63 69
31 11
2 83
5 4
5 40
64 7
91 70
91 41
51 7
91 76
10 98
56 30
56 79
56 36
56 87
34 0
73 47
28 70
34 65
34 9
34 47
70 0
34 60
34 48
71 37
35 77
35 27
54 50
54 83
54 89
8 11
6 78
11 3
40 68
40 69
40 62
67 39
70 65
7 89
15 0
7 80
7 1
70 59
70 20
70 88
70 36
70 22
48 42
82 79
82 68
24 12
24 33
9 96
97 52
47 49
62 16
33 1
53 26
53 88
87 25
94 85
57 81
87 27
15 22
66 19
51 92
66 36
1 60
39 95
32 26
3 74
32 76
69 78
32 45
32 97
72 98
4 18
93 30
13 23
13 39
23 50
12 25
23 97
61 27
89 4
93 98
51 83
51 17
3 59
75 17
