5
96
95
4
3
2
100
98 99
1 89
10 97
19 97
1 67
1 53
1 7
1 93
1 27
1 86
1 70
1 81
1 50
1 75
1 61
89 97
87 97
84 64
85 97
78 97
49 97
40 79
53 97
48 97
74 97
29 97
64 97
40 19
40 84
54 97
40 54
60 97
65 97
40 55
90 97
93 97
40 5
40 59
40 15
18 97
91 88
66 68
98 11
89 79
40 66
40 49
40 14
40 10
40 98
40 91
40 78
27 97
40 85
40 72
40 52
40 75
25 97
40 48
40 74
40 89
40 28
40 90
40 32
40 42
40 69
40 8
35 97
40 77
40 80
40 21
40 94
92 97
38 78
31 97
38 71
88 97
62 97
23 97
75 97
81 97
38 58
17 97
38 84
38 52
38 77
38 66
9 97
38 59
38 49
70 97
38 33
67 97
38 98
38 90
38 31
38 92
32 54
32 67
32 55
32 10
