5
98
95
58
41
31
88
25 52
19 57
45 23
70 53
40 80
39 74
83 53
93 69
3 32
38 67
91 69
18 42
15 10
5 87
15 11
13 67
18 27
62 6
1 35
85 76
84 85
9 78
40 25
10 32
82 45
19 1
84 39
72 11
83 8
3 43
28 55
73 72
70 83
84 19
34 17
79 76
3 34
16 35
96 17
73 56
3 26
79 92
12 17
68 45
97 59
61 21
81 47
1 17
60 59
7 70
45 74
80 33
4 25
47 11
11 48
54 49
20 10
90 29
12 54
80 66
49 89
38 73
71 63
51 44
4 77
2 15
56 63
77 68
8 44
84 38
71 96
16 96
94 39
90 65
28 94
2 62
51 61
51 12
46 44
78 99
78 57
8 97
91 19
92 97
60 97
91 5
45 43
37 24
