5
13
35
36
44
50
100
0 22
0 2
0 16
14 60
40 60
0 9
21 57
21 11
21 59
21 15
57 60
21 42
21 48
59 60
15 60
21 2
21 6
21 24
21 23
21 55
21 16
21 41
21 29
21 7
21 40
21 49
21 25
21 26
21 30
21 34
21 38
21 31
21 8
21 51
21 1
21 20
21 37
21 46
21 5
21 14
21 4
21 27
21 52
21 17
21 3
21 33
21 18
21 56
21 43
21 12
21 22
21 58
21 54
21 32
21 9
21 53
21 39
21 47
21 10
21 28
21 19
45 11
45 31
45 6
45 33
45 16
45 24
45 29
45 3
45 14
45 48
45 42
45 30
45 20
45 46
45 23
45 41
45 25
45 15
45 7
45 38
45 52
45 2
45 55
45 39
45 4
45 1
45 37
45 56
45 12
45 49
45 18
45 54
45 59
45 8
45 27
45 32
45 47
45 40
45 57
