5
17
19
3
11
55
100
37 92
92 97
68 97
81 97
31 80
79 97
12 97
30 97
0 31
64 97
0 25
63 97
37 45
52 97
78 44
49 97
80 97
37 30
5 97
16 65
39 97
70 97
83 97
47 97
14 97
0 16
57 8
53 97
83 29
10 97
84 97
37 83
71 97
0 14
37 54
0 42
37 50
0 45
0 8
0 38
0 87
37 84
37 56
0 64
0 51
0 10
37 61
37 79
0 52
37 48
0 28
37 86
0 54
0 75
0 37
0 59
0 93
0 26
0 22
0 27
0 76
0 68
0 9
0 43
0 21
0 24
0 20
42 80
92 50
42 48
92 94
42 76
92 75
92 42
92 58
92 88
92 95
92 14
92 70
92 69
92 24
92 12
92 60
92 18
92 93
92 31
92 22
92 78
92 54
92 81
92 1
92 44
92 49
92 67
92 32
92 76
47 16
78 16
80 56
63 48
