5
65
28
45
31
58
100
80 99
46 99
0 99
1 99
38 99
41 99
89 99
48 99
67 99
9 99
55 99
49 44
3 99
0 12
95 99
63 99
0 41
64 99
69 99
54 99
44 99
0 81
81 99
92 99
63 49
50 99
0 84
19 99
0 30
87 99
15 99
68 99
0 67
53 99
84 99
63 9
8 99
0 33
33 99
0 68
88 99
0 32
78 99
0 89
13 99
0 39
52 99
0 63
35 99
0 83
2 99
0 17
29 99
0 13
26 99
0 3
91 99
0 62
34 99
0 8
73 99
0 76
43 99
0 77
96 99
0 22
14 99
0 14
94 99
0 37
71 99
0 69
49 99
0 16
7 99
0 43
75 99
0 35
25 99
0 73
40 99
0 44
51 99
0 70
93 99
0 42
6 99
0 75
12 99
0 26
57 99
0 56
36 99
0 36
22 99
0 7
5 99
0 66
30 99
0 48
