5
21
8
10
60
2
100
0 26
0 88
26 98
0 29
71 98
0 49
0 18
0 57
0 69
0 14
0 6
0 27
0 70
0 9
0 68
0 72
0 61
0 4
0 91
0 84
0 83
0 75
0 56
0 48
0 54
0 53
0 20
0 35
0 86
0 13
0 19
0 67
0 50
0 95
0 80
12 98
47 98
3 98
73 1
22 98
92 98
84 89
17 98
81 98
89 23
57 98
12 79
82 98
73 79
97 98
41 72
53 98
29 98
39 98
59 98
63 98
31 98
45 98
4 98
11 98
13 98
19 98
89 98
58 98
18 79
54 98
50 98
36 98
91 17
69 98
36 65
44 98
41 65
91 65
55 65
11 65
72 65
71 65
1 65
40 65
90 65
64 65
78 65
18 65
46 65
88 65
19 65
81 65
24 65
15 65
63 65
39 65
75 65
5 65
59 65
78 3
12 6
74 65
74 88
96 65
