5
3
4
84
24
38
100
33 18
0 76
0 55
0 85
0 92
0 20
0 56
9 34
0 52
0 7
85 12
0 82
0 25
0 21
0 72
0 39
0 10
0 16
0 6
0 53
0 38
0 31
0 77
0 22
0 33
0 32
0 47
0 40
0 87
70 95
0 95
0 35
0 79
18 95
0 14
0 36
0 13
0 17
0 49
0 51
0 29
0 58
0 24
0 75
0 26
0 68
0 91
0 19
0 5
0 78
0 42
0 61
0 18
0 89
0 86
0 11
0 37
0 93
0 81
0 28
0 66
0 65
0 45
67 71
0 74
0 43
0 30
0 88
0 67
0 90
0 1
0 9
0 2
0 41
0 59
0 46
0 60
0 94
62 95
71 95
0 50
0 44
0 62
0 83
34 95
0 27
0 57
0 80
0 70
0 69
0 12
0 23
0 34
0 8
0 71
0 48
0 64
0 73
0 15
0 54
