5
55
22
95
34
71
100
99 90
99 7
99 84
99 40
99 9
99 20
99 33
99 51
99 16
99 57
99 87
99 3
99 19
99 69
99 18
99 67
99 8
99 60
99 74
99 15
99 17
99 21
99 94
99 76
99 63
99 32
99 77
99 80
99 24
99 49
99 14
99 48
99 98
99 81
99 56
99 64
99 36
99 78
99 5
99 39
99 79
43 0
99 25
99 45
99 50
99 28
99 72
99 1
99 6
99 86
99 13
99 54
99 23
99 37
99 46
99 27
99 30
99 47
99 4
59 0
99 92
99 65
99 82
99 89
99 96
99 97
99 26
99 85
99 52
43 12
43 1
43 30
43 31
43 73
43 59
43 79
43 37
43 42
43 53
43 23
43 6
43 16
43 61
43 66
43 41
43 58
43 11
43 19
43 48
5 0
43 28
43 24
43 90
43 74
43 38
43 98
43 8
43 50
43 81
62 0
