5
56
3
38
33
49
100
21 0
59 44
59 4
59 8
59 9
59 5
59 40
59 26
59 52
59 41
59 28
59 57
59 37
59 16
13 0
59 48
59 55
59 0
59 6
59 45
59 30
2 0
52 26
58 10
59 13
59 7
46 40
26 0
34 0
59 42
41 45
59 2
59 10
11 57
59 34
59 39
40 0
50 0
44 0
59 29
6 0
46 55
59 15
59 11
59 23
59 36
59 43
59 31
59 32
59 22
28 0
59 17
32 0
47 0
21 58
59 51
16 0
59 53
59 27
29 0
59 35
59 54
59 19
59 47
59 25
59 18
59 14
59 50
59 12
59 21
59 24
1 53
1 37
1 46
37 0
1 25
1 5
1 27
1 20
1 2
1 36
1 26
1 23
1 43
1 22
21 8
1 40
52 32
14 0
21 20
1 24
1 47
1 13
1 21
1 50
1 58
22 0
1 19
1 52
36 0
