0
100
99 0
1 0
98 97
91 41
98 4
46 45
46 47
90 91
90 89
97 41
80 59
80 5
80 55
80 81
42 41
24 25
80 32
80 69
78 72
76 75
76 26
43 42
25 40
43 4
33 38
96 37
91 64
35 36
65 64
45 25
61 62
56 55
56 89
57 86
57 58
57 73
91 24
57 60
3 91
51 50
3 2
4 70
4 74
4 7
5 88
6 11
9 21
10 2
10 11
89 20
88 87
83 84
52 17
48 49
82 84
82 12
81 52
12 13
23 67
23 87
22 21
23 24
17 49
20 75
86 67
18 27
18 17
59 58
48 67
94 66
59 87
61 91
48 93
14 71
69 68
14 13
15 54
16 35
30 31
16 17
71 96
53 31
71 30
73 53
75 33
69 71
75 1
75 51
52 29
35 31
52 51
33 32
53 84
53 1
2 87
51 91
95 94
84 26
13 33
97 29
