5
98
43
26
65
66
100
0 54
0 35
0 10
0 89
0 53
0 67
0 80
0 64
0 57
0 85
0 12
0 14
0 17
0 23
34 68
34 28
34 58
21 99
34 88
34 24
34 8
34 64
34 30
50 14
34 25
80 99
34 9
34 56
34 16
34 10
34 80
34 36
34 71
34 3
34 79
34 32
4 20
4 5
4 58
4 12
4 75
4 69
4 19
4 44
4 3
4 22
4 35
4 6
4 95
4 81
46 96
46 47
46 85
46 55
46 27
46 8
46 91
46 9
38 56
46 17
46 90
46 86
46 35
46 40
46 84
46 60
46 33
46 36
5 33
46 25
46 76
74 5
74 81
74 50
74 99
74 47
74 18
74 40
74 42
74 93
74 63
74 84
83 3
83 13
83 54
83 21
83 67
83 61
83 14
89 20
83 87
83 84
83 1
83 81
56 49
93 99
83 17
83 89
83 95
83 76
