5
27
81
83
14
36
100
89 57
0 80
46 48
45 5
32 5
20 18
74 40
15 11
62 5
28 53
46 92
29 53
10 41
75 99
60 5
0 88
86 5
75 15
6 53
60 53
20 94
32 8
94 32
75 53
20 70
79 53
20 98
72 50
59 48
45 13
45 94
57 99
75 17
25 5
19 2
0 60
56 68
45 55
53 99
56 38
20 29
79 38
20 60
91 51
91 68
75 78
24 8
3 21
0 99
0 20
0 45
31 9
0 46
67 95
8 5
97 60
95 5
40 99
97 47
13 19
47 99
97 52
21 50
11 99
64 38
13 67
93 16
64 32
68 15
10 64
41 99
24 60
10 12
13 62
75 97
21 32
47 16
1 17
55 70
2 15
95 60
98 70
82 28
5 99
97 79
6 70
87 50
47 22
13 97
10 96
47 74
89 88
93 17
55 28
88 15
42 91
93 79
10 55
26 22
13 82
