5
56
50
14
23
89
100
49 99
0 26
55 99
24 27
11 99
94 77
44 99
24 54
51 38
18 77
0 60
0 31
0 41
0 68
32 84
0 70
0 4
0 5
0 46
0 45
0 48
0 13
0 87
0 7
0 63
0 85
0 39
0 73
0 19
0 80
0 97
0 6
0 79
0 9
0 54
0 84
0 92
0 22
0 72
0 59
0 43
75 99
35 99
54 85
22 16
7 99
4 99
86 99
94 99
93 99
80 99
70 99
9 99
77 99
87 99
42 99
74 99
88 99
64 99
16 80
92 99
32 99
78 99
60 99
31 99
10 99
38 99
59 99
45 99
37 99
67 99
30 99
12 99
69 97
53 97
91 97
17 21
83 97
87 18
93 31
31 25
5 65
22 98
57 97
76 97
2 11
9 97
90 84
59 97
49 26
40 97
44 97
17 8
1 97
18 97
10 97
75 97
32 97
39 97
81 97
