5
61
51
62
89
37
100
0 78
0 44
58 59
0 28
0 79
0 49
0 12
0 39
0 63
0 90
0 59
0 86
0 87
0 50
0 71
0 55
0 99
0 81
0 66
0 42
0 3
0 38
0 17
0 23
0 41
0 73
0 82
0 95
0 96
0 8
0 52
0 64
0 76
0 32
0 1
0 36
0 27
0 92
0 77
0 91
0 70
47 99
82 12
5 24
90 24
86 22
5 12
97 22
63 22
81 26
5 57
76 71
11 8
4 22
59 22
90 81
96 41
90 27
96 5
57 99
56 95
23 39
70 22
35 76
96 98
44 87
87 99
8 99
22 99
71 99
19 9
97 6
9 99
48 99
3 99
27 6
6 99
16 99
88 99
1 99
26 99
96 23
75 99
32 64
19 64
66 99
38 99
40 99
28 99
92 99
30 99
73 99
97 99
14 99
64 99
68 99
82 99
54 99
43 99
17 99
