5
68
87
18
55
21
100
99 0
99 34
99 24
99 14
99 90
99 25
99 81
99 62
99 22
99 32
99 46
99 67
99 37
99 70
99 47
99 79
99 54
99 73
99 66
23 0
99 75
99 58
99 1
99 39
99 89
72 96
99 72
99 38
99 88
99 49
99 40
44 0
99 71
99 83
99 64
99 3
99 23
99 13
99 15
75 0
12 15
99 12
99 93
99 4
99 59
60 0
60 15
99 69
99 84
99 77
99 80
99 57
99 52
99 16
99 86
99 45
99 30
99 42
99 43
99 7
99 31
99 61
99 41
99 20
99 33
99 65
99 96
98 0
99 97
35 0
99 44
99 91
99 9
15 0
99 17
99 5
99 11
55 0
99 35
99 2
99 19
99 63
99 92
99 26
99 50
99 56
99 53
99 6
99 28
99 60
99 29
99 10
99 48
99 74
99 36
99 76
79 0
99 98
99 27
99 78
