5
2
69
25
51
4
100
0 45
0 11
73 71
73 36
73 56
73 76
12 27
12 31
12 65
12 28
12 60
60 36
60 6
60 67
60 52
77 48
77 63
77 19
62 79
77 43
29 79
77 32
77 59
52 3
67 62
67 19
45 47
55 79
21 79
47 79
19 36
9 34
43 55
10 55
17 55
45 32
59 63
5 32
63 32
19 48
67 22
67 9
43 75
48 32
67 16
67 59
33 19
10 29
5 70
22 20
22 37
1 29
22 71
22 10
29 32
17 19
17 35
17 42
8 19
8 45
13 32
8 71
6 75
30 37
30 45
42 5
42 43
42 54
42 29
68 37
45 75
66 56
5 64
5 1
5 53
5 76
5 24
47 62
27 16
57 24
57 20
58 59
63 21
63 53
58 48
58 45
58 78
58 21
58 53
58 7
58 29
62 30
59 43
59 16
3 18
59 64
59 44
7 3
7 19
18 9
