5
72
96
15
43
77
100
0 1
0 26
0 14
0 89
0 67
0 50
0 61
0 16
0 88
0 81
0 85
0 68
0 90
0 36
0 25
0 93
0 20
0 34
0 65
0 94
0 12
0 24
0 51
64 99
0 92
0 76
0 19
0 78
0 40
0 54
12 99
0 29
0 18
0 82
48 99
0 64
58 99
0 3
0 28
0 91
0 44
0 84
0 73
63 99
0 35
0 10
0 60
0 71
0 27
0 79
0 41
0 95
0 39
0 38
0 66
0 30
0 5
0 74
0 2
0 48
0 98
0 99
0 59
0 42
0 55
0 46
0 32
0 53
0 87
0 8
0 58
82 99
0 23
0 70
0 22
0 52
0 97
0 11
0 56
0 17
0 86
0 37
0 47
21 31
0 33
0 57
0 9
0 62
0 31
0 21
0 75
85 99
0 4
0 63
0 7
0 6
0 69
51 99
0 80
0 13
