5
90
21
35
87
31
100
45 99
42 99
75 99
0 93
51 46
0 32
52 25
64 22
65 36
52 51
30 78
75 78
52 46
78 99
7 99
7 45
0 7
52 67
0 52
38 99
0 86
61 32
18 99
79 45
76 68
92 99
0 69
4 68
0 79
0 61
68 73
17 93
55 45
39 99
33 99
54 99
0 99
73 99
0 19
20 99
24 85
0 54
91 32
85 97
80 99
97 99
64 99
40 99
24 99
54 6
70 99
89 99
2 99
16 99
65 99
53 99
28 99
5 99
96 99
74 99
26 99
91 99
93 99
34 99
79 99
41 99
57 99
81 99
27 99
32 99
47 99
52 99
61 99
55 99
59 99
14 99
71 99
10 99
62 99
37 99
15 99
88 99
13 99
60 99
51 99
63 99
11 99
17 99
23 99
94 99
83 99
95 99
69 99
4 99
22 99
56 99
84 99
76 72
17 72
0 72
