0
92
42 45
59 45
41 58
42 54
38 39
42 47
51 43
46 44
46 40
79 60
79 66
76 72
38 26
38 36
38 29
25 21
25 27
48 49
48 44
48 50
48 40
40 54
40 52
40 43
43 49
52 49
52 56
61 60
79 61
79 76
79 75
79 78
76 78
79 64
33 21
33 32
36 39
34 24
20 23
20 28
37 24
20 32
34 28
23 30
23 22
23 27
32 31
22 24
39 24
22 26
31 21
39 31
39 26
66 61
79 63
79 71
66 72
69 71
69 74
69 77
69 64
69 66
67 72
67 74
67 61
70 74
70 73
70 76
70 62
70 64
60 72
66 71
66 77
78 72
76 63
64 74
64 65
62 72
62 61
65 72
64 77
75 61
64 60
62 74
62 77
62 78
60 78
60 71
77 65
63 65
63 71
77 73
