5
83
12
10
53
66
100
49 95
0 92
0 4
0 57
45 30
0 36
0 87
0 55
0 90
0 11
0 45
0 50
0 95
0 13
0 24
0 78
16 95
0 74
30 95
0 93
31 95
59 95
0 75
0 22
0 34
0 6
0 56
0 73
0 65
0 5
0 76
0 71
0 89
0 67
72 82
0 33
76 95
36 95
0 80
0 47
0 58
0 31
0 51
0 49
0 21
0 82
0 77
0 60
0 91
0 2
0 23
0 52
0 29
84 95
0 41
0 64
0 32
0 9
0 26
0 39
0 18
0 46
0 1
0 85
0 16
0 88
0 15
0 79
0 48
0 40
73 95
0 86
0 17
0 25
64 82
38 71
0 72
0 38
45 71
82 95
0 59
0 42
0 62
0 68
74 95
0 54
0 43
0 8
0 14
0 44
0 94
0 28
0 69
0 61
0 30
0 3
21 85
0 35
0 7
84 39
