5
75
68
47
6
96
100
0 3
58 99
0 92
42 99
0 20
34 99
0 14
0 44
0 39
0 57
0 22
0 18
0 9
0 16
0 49
0 10
0 2
0 15
0 43
0 64
0 66
0 88
0 80
0 50
0 40
0 13
0 61
0 76
0 91
0 4
0 72
0 99
0 26
0 33
0 59
0 34
0 67
0 78
0 71
0 97
0 65
0 30
0 5
0 53
0 73
0 17
0 35
0 11
0 60
0 79
0 90
0 45
0 19
0 21
57 99
23 99
28 99
33 79
84 99
7 3
31 99
7 1
67 99
11 99
28 54
59 99
18 99
82 32
21 99
7 15
61 99
7 5
38 99
7 25
25 99
28 44
66 99
80 99
0 27
54 99
16 67
79 99
46 99
33 35
62 99
46 82
92 99
7 65
72 99
33 65
45 99
93 99
52 39
63 99
44 97
53 99
33 69
37 99
46 52
70 99
