0
100
0 99
26 64
69 99
36 79
26 65
86 11
55 80
0 26
11 64
77 54
39 4
39 57
0 55
18 91
54 64
30 9
33 79
20 99
17 96
61 54
16 36
28 23
76 28
91 95
38 37
69 30
87 45
73 26
13 51
25 52
78 73
38 10
62 45
69 87
30 68
69 17
94 97
7 23
36 80
59 10
25 47
61 37
43 25
11 79
71 86
69 94
4 93
63 59
4 53
30 88
83 55
59 49
51 36
76 94
85 84
5 65
29 54
36 96
7 34
31 54
13 71
50 82
39 44
18 38
19 73
84 47
63 92
95 80
67 70
0 38
63 62
49 28
83 3
16 28
13 9
23 68
88 28
82 65
76 43
4 58
47 65
27 19
80 65
25 44
48 93
63 91
76 59
76 60
68 99
0 18
87 65
79 28
58 20
76 97
78 35
27 26
93 65
96 65
24 14
0 76
