2
45
89
100
0 99
57 99
76 99
80 99
59 99
44 99
58 99
8 99
73 99
76 25
87 99
56 99
15 99
0 62
12 99
0 72
38 99
0 48
62 99
0 25
41 99
0 35
20 99
0 61
81 99
0 27
7 99
0 21
48 99
0 65
6 99
0 94
69 99
0 55
42 99
0 41
67 99
0 73
78 99
0 54
54 99
0 92
96 99
0 91
4 99
0 67
40 99
0 14
13 99
0 16
84 99
0 15
49 99
0 97
17 99
0 70
31 99
0 2
3 99
0 10
10 99
0 3
65 99
0 98
30 99
0 79
72 99
0 81
33 99
0 23
35 99
0 90
2 99
0 47
47 99
0 77
82 99
0 71
83 99
0 80
46 99
0 12
37 99
0 57
53 99
0 38
94 99
0 88
68 99
0 49
21 99
0 13
74 99
0 30
29 99
0 37
36 99
0 63
63 99
0 84
