5
48
35
32
37
17
100
76 93
58 80
76 30
60 61
15 78
44 52
46 58
0 90
26 77
22 38
52 30
81 50
10 34
30 93
46 22
46 57
20 40
69 68
4 38
50 93
0 79
23 34
68 34
76 44
10 83
42 89
0 46
10 47
41 31
21 73
36 11
62 44
10 69
59 13
12 47
49 89
36 16
76 34
41 5
41 4
36 44
82 44
38 47
45 89
23 83
59 53
59 82
36 38
3 34
11 34
10 13
85 90
72 70
61 89
18 83
82 29
72 22
91 75
70 44
50 89
50 38
69 40
39 19
21 85
12 20
25 29
43 66
22 34
24 38
58 24
11 44
1 89
3 80
23 60
61 54
72 55
87 13
72 89
0 41
36 50
88 29
62 91
10 36
83 93
82 89
76 86
71 77
84 9
73 34
71 54
10 62
57 19
57 5
88 44
72 15
76 3
82 9
57 31
78 29
58 6
