5
3
9
37
36
81
99
41 48
6 10
22 18
72 46
69 93
79 89
56 35
45 76
5 12
22 19
49 10
22 41
64 99
93 46
60 89
22 31
46 89
63 80
51 89
75 89
63 62
97 67
6 19
21 29
1 4
88 48
67 48
40 56
55 14
21 15
23 62
43 29
18 86
40 42
79 84
8 33
22 1
94 85
26 84
31 45
6 29
15 45
58 32
95 78
96 49
56 76
28 13
2 38
5 8
50 53
70 45
42 76
63 28
32 29
30 4
84 55
34 96
98 72
34 12
87 72
31 65
19 39
0 22
13 24
1 77
21 98
63 47
42 44
88 59
68 49
30 53
73 72
26 71
63 21
1 2
55 45
11 8
74 90
54 25
17 11
61 17
27 35
82 64
60 35
82 12
83 95
22 50
80 85
74 56
10 75
57 33
12 16
91 44
57 85
19 18
50 92
84 91
92 14
58 15
