5
56
62
75
9
84
100
0 32
0 42
45 40
45 89
0 30
45 90
57 79
41 20
0 28
41 50
74 30
94 17
41 87
58 22
94 78
43 20
85 70
71 36
31 55
82 66
68 10
94 31
0 45
40 26
12 81
48 78
94 13
65 80
88 66
94 39
94 85
94 76
40 90
94 40
52 65
48 77
78 20
18 32
44 24
12 25
81 22
94 52
23 73
23 48
6 1
60 20
0 94
41 52
43 34
78 25
6 69
6 72
6 90
19 17
91 20
43 18
6 42
12 42
6 26
88 44
23 51
16 49
4 22
44 4
60 4
78 90
43 74
26 79
10 30
26 22
20 95
16 1
22 95
87 92
23 94
12 70
78 1
0 48
26 32
37 79
81 79
90 18
69 30
90 77
44 48
12 94
26 67
6 31
10 29
26 83
33 42
66 19
81 32
59 30
70 93
65 83
39 74
72 48
0 23
25 32
