5
15
33
42
9
97
100
0 95
0 11
56 27
0 40
0 72
0 8
98 12
0 22
12 65
0 88
0 74
0 32
0 54
0 5
0 18
0 51
0 23
0 94
0 49
0 13
0 83
29 36
64 45
29 94
45 71
50 26
38 10
29 50
29 68
29 83
29 38
77 43
29 28
71 11
7 39
29 54
29 82
29 72
29 93
29 64
29 46
20 10
29 75
29 6
29 20
29 39
29 92
29 7
29 80
29 65
29 17
29 52
85 49
85 81
85 65
85 64
85 6
85 58
85 35
85 83
85 90
85 61
85 47
85 82
85 43
85 94
85 86
85 1
85 4
85 60
85 25
85 16
85 84
50 73
50 60
50 66
58 73
50 69
76 63
50 65
50 80
2 58
50 48
68 39
50 89
50 2
50 41
50 79
50 20
50 43
50 22
50 57
50 96
50 94
50 52
50 91
50 35
40 35
40 77
84 63
