5
12
33
59
15
97
100
0 53
85 68
36 76
50 56
64 99
89 9
11 46
8 9
22 68
75 45
82 23
69 9
62 22
82 85
17 47
36 21
50 18
17 36
76 32
30 17
98 35
56 92
66 51
18 86
25 57
85 75
6 74
66 93
49 52
85 18
27 52
66 75
46 99
5 3
9 67
69 58
6 98
95 11
79 84
68 67
87 81
46 67
37 5
30 76
86 45
84 55
84 47
14 61
65 22
35 45
47 39
41 52
10 32
3 90
45 39
32 39
37 64
8 83
49 95
88 84
79 38
83 2
80 88
57 92
37 49
94 16
29 75
72 88
37 56
80 86
58 2
25 28
44 26
55 26
60 62
95 2
96 91
62 8
1 92
36 89
34 70
31 63
69 80
55 48
78 34
81 51
13 27
74 28
1 43
81 65
40 87
60 91
57 86
77 11
60 40
81 90
78 18
3 7
54 31
32 90
