5
69
78
81
94
62
100
22 71
26 60
37 51
5 99
43 60
37 34
68 53
22 26
0 22
82 84
90 64
0 90
52 20
35 38
27 60
66 33
75 72
17 9
27 31
35 72
83 82
35 37
83 43
40 71
77 18
48 34
0 75
27 55
39 89
17 61
83 38
17 45
39 46
27 34
84 57
17 74
63 29
65 60
28 76
7 73
84 53
84 61
17 35
18 6
11 76
64 46
83 21
49 56
83 22
63 19
64 3
96 33
44 61
28 41
82 59
28 61
82 56
32 80
65 49
64 59
54 71
53 26
19 73
27 58
6 33
50 80
92 46
27 84
76 33
86 73
54 61
44 31
27 53
17 39
0 83
63 45
60 9
65 34
92 75
72 34
0 27
32 79
32 4
79 9
41 99
32 2
74 4
85 34
4 34
0 17
82 21
60 57
72 38
5 51
7 16
0 65
89 42
82 54
63 85
4 46
