0
99
99 22
58 0
99 29
99 57
99 10
94 42
99 59
54 42
85 46
13 82
4 70
85 53
39 4
39 61
20 49
75 84
7 82
75 30
58 25
26 74
5 76
49 19
49 97
26 69
26 64
96 97
49 8
91 11
2 50
28 25
48 27
2 68
34 27
31 94
10 27
23 95
93 27
31 84
20 52
20 55
49 70
69 48
69 28
69 7
69 58
60 50
90 78
54 1
38 43
54 96
80 73
18 77
18 41
18 67
33 57
18 29
18 11
18 16
13 79
40 33
40 30
40 13
1 6
1 45
74 41
17 46
17 52
17 30
92 33
16 68
38 4
68 98
86 62
30 71
81 89
24 12
24 55
79 94
79 52
89 53
89 12
89 57
66 23
88 45
88 9
73 10
58 65
56 41
35 78
46 23
34 61
58 64
71 14
22 63
64 22
84 28
84 37
15 98
49 63
