4
34
17
71
39
100
0 99
0 52
63 99
0 91
94 60
95 22
21 15
15 60
62 58
77 58
16 24
16 33
12 49
62 52
87 60
9 75
78 80
16 11
8 10
42 46
1 33
82 50
0 42
70 53
40 2
76 95
89 49
63 60
14 74
79 80
29 76
0 70
52 99
40 3
60 99
38 75
21 48
21 47
58 99
45 83
16 37
86 5
83 33
95 46
26 45
62 92
4 5
74 91
62 26
49 99
27 41
23 19
16 23
15 11
16 27
3 25
12 77
68 44
95 45
83 66
52 11
38 19
22 45
69 90
3 45
33 99
10 46
45 75
69 54
62 85
87 82
26 42
98 43
57 1
85 46
98 74
40 38
13 44
85 19
54 90
77 46
40 60
21 81
69 19
3 12
19 66
6 43
8 44
18 1
0 16
81 90
10 60
42 11
96 61
78 24
3 58
63 69
62 86
51 4
63 72
