5
18
9
65
62
19
100
21 49
53 33
8 14
28 21
50 75
38 20
32 50
70 47
84 92
81 90
59 29
13 61
29 39
61 35
81 61
77 37
17 60
60 39
17 36
37 69
14 20
69 50
13 73
32 78
44 34
29 36
87 93
28 53
26 20
22 40
63 90
72 61
49 35
28 32
41 73
71 22
27 20
60 76
71 52
95 88
67 98
63 40
60 52
71 42
71 64
13 50
86 69
8 47
4 50
4 92
16 72
56 34
5 73
60 64
60 85
27 90
5 4
41 97
41 16
22 96
56 4
63 95
78 82
84 57
38 41
71 41
22 73
34 92
31 37
24 91
88 47
64 3
1 90
6 3
90 35
66 88
56 76
93 39
56 45
38 71
61 33
68 75
38 63
60 31
8 11
66 70
66 8
93 36
95 30
55 64
68 87
54 11
21 12
93 21
11 98
54 76
61 50
11 21
1 15
46 69
