5
72
32
29
94
16
100
14 22
0 26
14 54
93 79
14 51
93 11
66 33
40 64
40 33
14 89
53 19
58 70
45 74
5 41
67 43
14 65
80 99
53 21
77 70
10 83
20 90
45 33
53 81
61 67
66 22
0 14
61 95
37 47
74 10
54 99
70 99
66 74
37 8
62 95
45 13
9 46
93 40
92 41
53 9
6 98
53 87
61 3
57 47
53 38
68 1
68 50
27 39
61 28
0 93
39 90
68 3
10 47
76 15
46 86
38 56
68 18
6 25
59 8
61 68
17 90
63 64
2 41
47 99
27 22
27 41
1 95
10 85
13 85
69 99
37 15
50 26
66 6
31 3
18 56
53 71
27 90
91 41
53 77
36 57
36 23
76 21
0 53
79 8
96 82
85 90
80 22
52 8
92 23
38 98
21 15
61 92
66 76
36 50
31 46
18 88
66 38
75 26
18 98
0 61
36 35
