2
42
45
100
0 70
0 38
7 11
0 23
0 32
0 20
0 47
61 70
28 38
9 58
0 58
14 70
68 58
34 70
22 70
0 57
47 38
25 58
43 70
0 49
63 70
0 26
49 70
51 70
44 70
64 70
26 70
21 70
18 70
15 70
55 70
3 70
30 25
54 70
57 70
13 70
48 70
24 70
29 70
50 70
4 70
53 70
8 70
11 70
1 70
66 70
69 70
40 70
59 70
2 70
10 70
30 70
47 70
60 70
0 65
6 62
0 46
0 53
0 17
0 66
0 11
0 22
0 9
0 21
0 43
0 60
0 54
0 48
0 7
0 3
0 28
0 14
0 25
0 37
0 68
0 61
0 62
0 40
0 8
0 1
0 67
0 34
34 31
55 35
55 28
55 69
55 64
55 3
55 23
55 46
55 32
55 21
55 6
55 2
55 51
55 7
55 38
55 1
55 47
55 34
