5
32
33
20
45
43
100
19 50
6 50
29 50
25 38
38 50
21 50
46 50
25 50
17 50
48 50
0 50
36 50
37 50
18 50
39 50
28 50
8 50
47 50
27 50
4 50
12 50
24 50
13 50
41 50
9 50
30 50
5 50
44 50
22 50
3 50
15 50
31 50
8 19
49 50
34 50
11 50
26 50
10 50
16 50
23 50
14 50
40 50
35 50
2 50
42 50
16 1
46 1
25 1
24 1
23 1
24 7
23 7
6 15
21 7
13 7
5 1
6 7
8 1
14 1
22 7
9 1
46 7
40 7
26 1
37 7
48 1
0 1
15 7
29 7
36 7
34 1
31 7
48 7
9 7
49 7
18 7
0 12
14 7
0 6
37 1
39 7
31 1
18 1
35 1
25 7
47 1
3 7
13 1
10 12
3 1
2 1
4 1
40 1
8 7
12 7
30 1
10 1
36 38
35 7
38 15
