5
32
10
87
15
78
100
36 60
61 98
16 91
24 91
76 81
97 40
22 92
0 21
0 36
0 26
4 82
16 59
23 8
31 82
0 16
4 56
4 2
4 33
3 25
81 51
40 98
70 24
0 22
31 57
31 83
85 72
85 96
23 31
2 56
45 98
67 98
70 17
28 96
14 16
23 3
5 21
0 23
74 34
50 38
51 82
84 54
45 91
0 70
90 60
35 18
35 27
90 38
82 38
5 98
79 43
42 92
64 67
89 92
24 37
80 53
64 43
69 92
91 98
24 92
44 55
65 43
72 92
69 30
8 98
79 19
60 68
64 53
5 11
91 92
83 30
82 96
36 43
71 43
40 44
30 38
56 6
30 68
39 11
65 62
9 43
90 1
33 72
24 68
45 68
18 76
46 44
48 67
56 73
48 54
35 69
75 95
5 49
24 85
88 34
37 98
64 24
33 96
48 96
65 12
95 76
