5
26
41
52
69
23
100
78 95
87 72
61 19
33 53
1 27
0 13
18 53
79 36
44 95
60 66
0 29
45 72
2 36
34 27
91 49
46 87
0 21
91 56
46 37
38 72
27 95
46 10
39 28
9 25
46 70
35 84
91 86
35 82
36 95
81 45
94 66
91 79
56 51
0 81
57 76
56 50
0 46
49 95
61 87
72 17
91 63
91 24
50 58
82 17
33 46
64 51
91 81
58 51
33 2
40 86
91 61
19 51
1 87
85 60
42 93
33 43
57 5
67 5
40 72
59 56
1 73
40 92
53 36
78 36
57 59
0 33
57 22
76 58
67 47
17 95
79 32
67 6
57 70
72 66
92 60
45 95
67 18
28 95
0 95
5 95
0 91
57 39
53 9
76 72
8 72
31 13
4 6
8 6
8 80
49 25
75 58
49 66
55 1
57 16
15 34
61 13
18 86
57 2
77 6
72 84
