0
100
0 91
74 91
29 91
13 91
46 91
42 91
34 91
82 91
77 91
25 91
18 91
27 91
88 91
9 91
76 91
47 91
83 91
87 91
70 91
7 91
85 91
14 91
80 91
37 91
61 91
56 91
52 91
12 91
60 91
79 91
40 91
84 91
89 91
35 91
44 91
48 91
28 91
90 91
63 91
66 91
19 91
36 91
51 91
43 91
62 91
78 91
58 91
16 91
5 91
21 91
33 91
3 91
81 91
49 91
4 91
38 91
65 91
57 91
6 91
64 91
45 91
67 91
55 91
1 91
20 91
75 91
22 91
32 91
54 91
59 91
73 91
17 91
68 91
39 91
26 91
72 91
8 91
11 91
41 91
23 91
53 91
10 91
15 91
86 91
24 91
71 91
50 91
2 91
30 91
69 91
78 45
6 28
33 73
33 59
12 87
3 28
33 22
0 12
42 73
49 42
