5
46
5
20
91
21
100
36 3
0 75
0 33
0 77
96 42
96 74
36 92
51 7
68 51
30 3
96 3
96 29
96 45
30 98
0 63
49 78
51 65
78 8
78 40
77 95
22 80
19 28
33 75
49 63
73 63
49 77
77 63
78 63
68 80
98 22
36 75
49 75
30 75
22 88
36 96
49 73
77 75
73 75
98 9
79 57
78 75
73 77
50 14
44 58
30 77
14 99
58 81
36 77
62 99
94 41
49 33
73 33
36 33
58 60
73 78
87 60
95 40
33 63
4 81
40 44
95 48
76 48
71 48
76 71
71 87
95 71
4 18
48 44
76 66
25 18
40 8
95 66
76 17
76 95
12 28
89 83
89 35
35 83
85 56
35 28
56 35
85 35
43 41
83 43
43 6
76 63
64 80
67 6
19 67
64 57
93 59
85 61
93 61
64 61
7 67
67 41
67 39
43 28
55 70
25 81
