5
66
77
43
97
16
100
0 50
0 96
0 56
42 99
0 79
0 33
4 1
0 87
0 12
0 37
0 29
0 51
49 99
72 89
12 78
0 40
0 72
0 45
41 99
71 99
0 66
0 10
80 99
0 36
0 55
0 30
0 44
0 35
0 94
0 54
0 34
0 2
0 1
0 93
0 84
0 85
0 14
67 99
0 91
0 69
78 99
0 65
0 74
0 53
0 70
1 99
85 99
0 42
0 47
0 17
0 38
0 23
0 4
0 24
2 99
0 86
0 20
0 63
97 99
0 71
9 5
0 57
0 59
25 99
50 99
0 46
0 68
0 82
0 11
0 80
38 99
0 6
0 81
0 21
55 36
0 8
23 99
5 99
0 26
0 89
0 3
0 25
36 99
0 9
0 95
0 90
75 99
87 99
0 5
0 39
0 19
0 99
0 58
0 41
61 99
0 92
0 61
13 99
0 73
76 99
