5
40
95
2
49
16
100
35 93
35 87
48 0
73 97
73 68
73 62
48 55
4 0
48 68
22 62
22 92
22 67
22 60
65 80
81 85
14 0
85 0
32 0
47 3
4 3
78 72
65 1
65 51
67 72
17 72
6 72
58 13
65 64
53 24
65 50
65 88
46 76
46 5
91 88
70 14
91 31
91 67
91 25
91 9
4 42
59 24
89 10
89 14
89 59
89 23
62 51
62 53
62 18
96 44
7 38
57 96
57 79
45 28
45 68
45 33
45 31
70 26
70 31
70 1
64 13
58 71
14 53
29 55
29 50
76 94
66 60
10 36
66 67
66 79
44 13
61 27
61 34
61 12
21 14
21 37
64 75
64 90
64 43
64 92
15 54
47 28
88 53
83 28
88 23
10 30
11 13
5 93
88 12
88 87
43 30
88 68
92 36
92 26
25 54
25 51
25 8
25 98
54 93
54 71
93 13
