0
100
0 59
0 26
38 59
49 59
4 52
20 59
10 59
0 22
0 35
0 40
21 52
25 32
35 32
29 36
56 18
36 52
19 38
25 56
22 52
25 35
44 57
54 40
42 21
25 44
25 29
25 11
57 5
47 6
5 45
57 36
7 28
57 31
34 52
18 6
27 38
28 52
49 21
11 45
42 36
56 43
38 45
36 45
31 45
21 45
26 51
43 45
6 45
55 16
32 34
16 34
27 3
29 10
51 8
37 7
8 7
55 2
40 10
27 30
49 30
30 10
20 10
36 10
42 48
39 15
54 44
47 54
29 44
41 43
16 57
53 57
8 43
1 43
48 43
57 43
47 5
33 13
47 16
29 56
33 5
19 32
31 13
29 58
5 13
32 17
16 13
50 40
1 17
17 13
31 28
24 28
49 28
49 26
15 20
58 33
1 33
22 46
41 46
54 46
2 56
56 46
