5
25
68
19
45
41
100
0 4
0 35
0 92
0 59
91 92
73 92
77 92
0 37
83 92
0 6
16 56
0 20
0 84
0 23
0 73
0 68
0 62
0 67
0 71
0 22
0 13
0 41
0 75
0 5
0 8
1 92
0 82
0 64
0 28
0 69
0 42
0 7
0 51
0 72
0 65
0 33
0 24
0 48
0 80
0 9
0 43
0 58
0 2
0 3
0 29
0 11
0 45
0 79
0 1
0 60
0 81
0 40
0 32
0 17
0 36
0 44
0 87
0 78
0 77
0 56
0 52
0 76
0 86
0 30
34 92
66 92
0 27
0 63
0 46
0 31
0 34
0 61
0 90
0 53
0 15
0 88
60 92
0 49
0 38
45 71
0 19
0 57
0 12
0 16
0 85
0 91
0 50
0 14
0 89
0 74
0 10
0 21
0 26
0 18
0 70
0 47
0 83
0 66
0 54
0 55
