5
49
24
54
22
43
100
0 82
0 99
82 36
0 50
0 24
0 27
0 77
0 22
0 2
0 20
36 99
0 87
0 47
0 15
0 44
0 41
0 79
0 68
0 92
0 85
0 72
57 99
0 51
0 12
0 8
67 99
0 42
0 29
0 93
20 99
72 99
13 61
0 55
0 66
0 53
0 18
0 46
0 14
0 11
0 17
61 99
0 84
0 57
0 95
0 65
0 94
0 64
0 5
0 39
0 62
0 86
0 23
0 4
35 99
0 28
0 96
88 3
0 67
0 83
0 6
0 63
3 99
0 19
0 1
0 30
37 99
0 32
69 99
90 22
92 99
0 13
74 99
0 60
0 88
0 35
0 10
0 75
97 22
0 98
12 24
0 97
0 34
12 99
0 36
12 43
0 45
0 90
47 22
0 76
0 3
0 59
0 74
0 71
43 99
0 33
0 48
0 52
0 9
0 56
7 65
