5
86
49
2
79
21
100
83 12
0 45
0 11
0 7
83 77
0 54
0 83
0 91
0 89
0 38
0 64
0 99
0 87
0 55
0 57
0 74
0 75
0 1
0 12
0 16
0 58
0 4
0 15
0 17
0 68
0 53
0 43
0 66
0 67
0 90
0 13
0 84
0 85
0 59
0 63
0 28
0 18
0 3
0 39
0 56
0 29
0 51
0 77
0 94
0 98
0 88
0 20
0 81
0 72
0 60
0 76
0 33
0 82
0 78
0 24
0 65
0 97
0 50
0 48
0 6
0 36
61 12
80 99
70 94
70 44
70 26
70 54
70 64
70 90
61 75
61 8
70 42
70 25
70 37
61 80
61 36
61 85
70 38
70 92
61 42
70 27
61 98
70 23
61 7
61 64
70 4
70 89
61 46
70 85
61 66
61 57
61 76
61 47
70 28
61 77
61 72
70 63
70 43
70 10
61 94
