0
100
0 99
1 99
0 98
5 7
42 44
95 97
73 75
77 79
90 92
26 28
40 42
52 54
35 37
34 36
51 53
9 11
62 64
61 63
44 46
56 58
55 57
54 56
96 97
98 99
10 12
28 30
25 27
3 5
4 6
0 2
1 3
2 4
38 40
37 39
91 93
29 31
30 32
27 29
53 55
89 91
88 90
39 41
31 33
32 34
33 35
74 75
41 43
6 7
78 79
80 82
80 79
81 83
82 84
83 85
84 86
85 87
86 88
87 89
45 47
46 48
8 10
8 7
63 65
64 66
36 38
92 94
93 95
94 96
57 59
58 60
59 60
61 62
17 19
18 20
19 21
20 22
21 23
11 12
22 24
23 25
43 45
49 51
48 50
50 52
24 26
65 67
66 68
67 69
68 70
69 71
70 72
71 73
72 74
76 78
76 77
47 49
13 15
13 12
14 16
15 17
