5
83
67
44
26
58
100
0 69
0 39
0 24
0 8
0 42
0 23
0 7
45 61
64 15
61 12
45 40
45 62
45 29
46 84
45 39
45 64
45 17
45 42
46 52
46 22
46 43
2 4
46 76
46 8
46 56
61 84
46 80
12 4
78 34
84 4
36 2
46 36
47 40
47 61
47 73
47 87
47 36
62 69
62 61
62 82
62 59
42 9
42 25
42 22
42 30
42 72
38 29
38 65
38 56
38 61
38 19
38 39
18 60
18 15
75 48
75 69
75 55
15 28
12 37
12 18
79 32
63 34
12 21
12 14
12 40
12 69
32 34
12 57
77 65
53 34
77 80
28 34
8 60
77 20
29 19
77 2
77 73
77 29
22 61
22 36
22 66
24 81
24 36
24 53
24 11
86 15
86 51
39 76
30 63
6 43
25 63
9 63
59 76
18 36
5 84
18 7
55 39
55 59
5 70
5 36
