5
36
81
35
17
54
100
1 89
14 42
57 78
8 78
51 83
55 78
92 52
56 60
52 2
87 47
92 57
24 95
49 75
47 95
42 95
62 32
11 65
19 20
38 20
83 95
62 92
8 9
20 23
11 38
43 78
13 30
6 57
78 39
0 49
76 4
93 21
63 18
65 14
60 24
21 68
57 39
78 68
56 5
0 11
0 62
68 39
15 72
5 29
65 23
4 32
66 48
1 33
77 48
18 64
5 7
42 24
34 69
3 32
56 75
50 33
60 93
42 78
57 29
28 23
69 90
16 78
50 77
9 73
60 12
57 64
0 15
58 73
38 45
0 56
24 39
60 49
1 56
45 95
79 39
92 23
0 60
9 89
7 55
0 1
48 14
63 22
57 89
23 95
39 95
28 32
28 53
16 74
76 64
6 95
91 61
47 89
53 32
0 63
93 32
29 14
4 86
47 61
47 84
73 74
5 69
