5
35
78
18
34
9
100
59 87
57 43
24 66
11 65
93 65
22 26
31 38
59 98
45 93
0 24
47 58
59 8
50 83
50 94
47 77
94 66
1 85
61 23
0 50
94 25
94 11
79 96
49 87
46 16
96 16
43 99
85 82
47 59
0 57
81 74
82 16
39 38
0 47
75 80
94 19
20 99
46 99
14 4
94 97
75 54
28 33
75 53
46 65
15 85
75 32
44 6
93 80
16 87
93 38
61 15
83 66
28 55
96 27
28 68
5 51
4 66
80 99
79 13
87 99
38 6
6 99
30 68
0 28
95 57
61 5
3 29
76 22
11 12
17 49
21 29
74 30
59 97
1 66
70 66
74 14
61 28
3 60
85 13
53 77
53 84
59 42
27 55
81 91
72 29
6 66
74 54
76 89
4 55
96 39
13 66
27 97
15 40
66 99
53 60
62 57
49 99
36 88
62 70
8 97
19 97
