5
25
84
2
31
30
100
77 93
42 93
46 26
50 73
88 34
69 43
69 80
68 58
86 85
78 40
40 26
23 71
51 88
33 90
55 93
65 57
56 90
26 93
76 69
12 21
85 90
90 93
57 93
46 21
0 76
92 54
35 62
5 59
49 9
56 60
12 81
91 60
46 40
7 21
18 43
6 43
59 21
51 50
33 49
47 48
56 49
35 78
78 21
41 67
74 87
26 43
53 47
92 81
78 83
54 62
10 43
22 83
13 60
56 42
9 69
4 81
0 51
92 23
14 85
12 33
92 82
4 58
90 69
60 21
4 26
43 21
53 82
16 67
37 79
0 4
32 1
92 55
37 72
16 69
77 79
83 62
37 14
90 79
90 77
73 13
87 91
24 45
37 77
75 80
92 75
88 68
78 11
88 86
48 20
52 29
21 93
37 8
78 6
90 55
88 32
90 81
21 62
13 82
87 76
89 77
