1
54
100
98 0
98 36
98 22
98 57
98 3
98 25
98 42
98 66
98 9
98 61
98 37
98 41
98 23
98 5
98 24
15 67
33 25
98 60
98 50
98 17
98 21
62 67
62 22
62 24
62 85
62 21
5 10
62 15
62 86
62 26
62 81
62 91
62 58
42 0
62 71
62 68
62 96
62 77
23 31
62 90
14 16
14 67
62 78
62 97
62 51
62 95
62 42
62 83
62 23
62 12
62 5
62 75
62 65
60 53
60 92
60 22
60 25
60 34
60 85
60 9
60 81
60 0
60 79
60 37
10 59
60 42
60 65
60 94
60 41
60 10
60 69
60 73
60 51
60 90
60 87
60 4
60 96
60 15
60 80
60 88
60 14
95 31
95 14
95 48
95 5
95 13
71 0
95 57
41 5
95 24
95 41
95 4
95 22
95 63
95 69
95 0
95 2
95 37
95 42
95 23
