5
23
84
59
4
7
100
42 72
0 61
18 98
0 71
76 72
0 60
0 21
14 98
91 98
72 98
0 22
29 98
6 98
92 98
96 98
9 98
0 3
0 17
78 90
5 98
90 98
0 48
25 85
63 60
18 17
0 75
95 98
0 58
94 50
70 65
0 43
55 27
28 98
49 75
12 38
10 15
97 71
56 98
0 89
0 49
65 98
0 79
5 38
0 33
0 18
32 10
35 85
0 35
15 98
10 98
94 87
30 27
76 73
38 98
0 26
68 98
92 13
0 91
77 98
81 27
0 42
0 82
15 60
50 98
83 98
96 33
74 98
70 62
54 98
0 25
14 61
0 76
74 71
0 53
0 72
0 70
8 98
60 98
13 46
78 75
27 98
1 73
21 98
85 98
0 30
0 94
54 82
87 98
48 98
9 93
14 93
0 34
96 35
81 58
62 52
87 61
46 98
0 44
6 25
0 81
