5
52
71
4
21
36
100
16 24
0 23
0 16
0 17
0 27
0 65
0 82
0 14
0 47
0 94
0 57
0 91
0 80
0 81
0 92
0 39
0 58
0 29
0 9
0 33
0 96
0 45
0 87
0 10
0 72
0 3
0 67
0 35
0 90
0 64
0 49
0 42
0 79
0 19
0 48
0 43
0 50
0 85
0 59
0 24
0 88
0 22
0 55
0 13
0 18
0 89
0 34
0 32
0 61
0 46
0 62
0 30
0 38
0 75
0 66
0 51
0 56
0 68
0 99
0 74
0 15
0 93
0 20
0 6
0 53
0 11
0 73
0 95
0 28
0 78
0 63
0 97
0 2
0 8
0 76
0 26
0 70
0 98
0 1
0 41
0 25
0 54
0 31
0 69
0 60
0 7
0 83
0 84
0 12
0 44
0 37
0 5
0 86
0 77
11 99
85 99
25 99
40 26
1 99
40 47
