5
95
43
81
97
87
100
1 90
7 60
45 78
77 15
0 18
58 21
48 99
58 72
7 96
0 89
62 40
62 11
1 68
58 67
41 94
0 19
58 27
54 91
25 11
55 57
88 78
26 78
7 58
0 7
31 41
45 40
45 84
94 68
23 72
0 1
94 8
23 84
0 31
94 33
94 22
60 24
58 77
15 69
32 57
56 24
40 99
55 84
11 99
55 3
85 69
15 76
60 32
71 35
39 33
58 2
6 65
30 47
70 42
35 99
56 63
40 93
60 64
69 99
17 21
35 76
58 24
60 91
58 55
57 12
57 73
30 18
34 8
2 71
38 71
60 46
8 28
6 84
16 91
67 56
73 12
23 67
27 96
60 70
93 99
55 64
69 12
88 28
32 24
42 24
73 91
25 10
78 99
61 33
94 34
62 72
25 46
50 79
27 64
30 46
94 15
72 99
23 57
17 49
94 26
58 3
