5
41
89
29
4
58
100
2 44
3 51
19 86
51 92
2 75
19 10
77 68
19 60
67 42
63 42
31 68
67 70
71 13
23 92
71 83
44 76
74 76
71 10
26 82
19 3
68 92
6 92
64 81
23 73
49 34
76 92
66 46
2 78
26 81
14 81
32 91
25 3
64 69
80 81
17 51
19 5
59 61
60 92
81 92
16 46
77 90
46 42
64 36
61 92
23 77
10 91
25 47
0 92
19 24
26 90
66 62
64 77
79 42
26 40
3 92
33 11
23 32
91 42
38 40
56 90
71 12
85 90
80 34
49 11
2 17
26 13
16 40
71 90
19 67
23 67
22 72
30 84
2 26
71 78
71 17
68 70
42 92
0 26
37 11
66 24
44 25
71 57
66 12
80 40
64 16
14 86
19 44
11 92
71 30
64 5
38 30
66 7
60 57
47 79
28 79
66 5
85 16
61 69
9 90
7 13
