1
63
94
61 65
59 65
58 65
60 65
62 65
58 57
61 57
62 57
61 53
62 53
54 53
62 49
61 49
45 49
0 62
0 61
0 3
0 4
0 1
2 3
2 62
2 61
2 1
6 5
6 61
6 10
6 62
7 62
7 61
7 3
7 8
11 62
11 61
11 10
11 15
12 62
12 61
12 8
16 15
24 28
20 24
18 14
13 14
15 14
17 13
33 37
19 18
43 47
43 42
43 44
40 44
42 46
27 31
27 28
21 25
29 33
30 31
38 37
22 26
27 26
29 30
34 35
34 33
38 42
46 50
47 51
52 62
52 51
52 61
56 62
56 61
56 60
61 50
54 58
62 50
51 50
61 54
55 54
55 62
3 62
58 62
5 62
9 10
1 62
9 62
59 62
8 62
10 62
60 62
8 4
51 62
61 4
55 61
55 59
