5
57
36
32
33
41
100
70 0
91 40
91 18
91 64
91 11
91 19
91 50
91 16
91 21
91 28
91 88
91 83
91 39
91 90
91 9
91 31
91 70
91 30
91 89
91 48
91 42
91 85
91 8
91 34
91 7
91 26
91 81
91 56
91 82
17 0
80 0
19 0
91 0
91 37
34 0
91 86
91 15
91 67
91 77
91 74
91 14
91 63
91 43
91 17
20 0
63 0
91 24
91 20
91 1
91 75
91 72
56 37
91 35
91 68
91 53
91 78
91 58
91 25
91 2
91 4
91 69
91 73
91 59
91 80
91 46
91 66
91 45
11 73
91 55
91 54
91 71
88 0
91 65
91 3
91 52
91 38
91 47
91 22
91 49
91 6
37 0
91 87
91 10
91 29
91 13
91 79
49 0
91 84
91 51
91 27
91 44
91 62
91 61
91 5
91 76
91 60
73 0
91 12
23 28
40 0
