0
100
0 99
0 72
0 78
0 26
0 23
0 87
0 28
0 85
0 43
0 20
0 13
0 86
0 98
0 48
0 51
0 52
0 64
0 82
0 37
0 33
0 24
0 39
0 41
0 32
0 29
0 67
0 9
0 12
0 25
0 68
0 94
0 92
0 6
0 7
0 4
0 76
0 89
0 17
0 19
0 38
0 58
0 22
0 75
0 44
0 71
0 91
0 11
0 55
0 14
0 83
0 16
0 31
0 77
17 99
72 10
33 99
20 99
46 99
81 99
47 99
49 99
40 30
66 99
60 99
35 99
3 99
32 99
14 99
72 30
55 99
86 99
89 99
25 99
28 99
98 99
50 99
73 99
51 99
12 99
57 74
13 99
24 99
40 31
82 99
96 99
57 99
22 99
40 99
48 99
43 99
56 99
26 99
2 99
59 99
7 99
45 99
96 1
77 99
65 99
98 27
