5
51
34
83
36
57
100
70 84
63 15
84 88
44 25
4 64
64 88
0 63
56 12
18 74
6 56
64 85
1 35
10 35
29 61
37 12
35 88
12 79
18 25
64 15
79 15
86 19
25 74
1 41
37 56
60 5
19 74
0 23
40 15
27 74
0 48
1 3
38 15
22 15
46 50
64 40
0 44
2 29
1 7
0 2
54 28
64 11
61 15
35 30
0 6
46 68
26 5
66 56
25 20
61 58
72 28
3 88
40 88
85 21
63 74
46 75
77 87
1 79
35 43
77 21
31 56
25 72
26 65
85 79
8 71
85 1
58 74
54 17
10 88
86 37
32 23
61 70
64 54
41 5
40 53
61 43
3 67
56 30
50 28
26 48
85 86
85 6
0 85
46 47
17 50
3 66
79 75
74 88
0 46
52 75
84 75
3 7
33 21
78 67
0 76
41 27
9 42
9 18
78 84
60 4
31 19
