5
93
57
7
34
30
100
19 9
46 0
9 0
99 79
99 11
99 49
99 82
92 35
8 0
35 0
33 0
99 26
17 0
43 0
99 62
44 0
99 19
99 22
99 69
99 63
99 58
99 13
99 64
99 56
99 68
99 75
99 23
99 90
99 50
99 88
99 53
99 46
99 6
99 77
99 1
25 0
28 0
99 89
99 83
99 72
99 27
99 87
99 66
17 29
99 36
99 86
97 0
99 4
99 47
95 0
99 41
99 17
29 0
99 42
98 54
99 9
81 0
99 97
99 98
15 87
99 70
99 15
99 80
24 52
99 81
99 48
99 32
99 35
99 43
99 44
84 1
84 65
84 13
84 58
84 48
65 0
84 89
84 91
84 46
84 52
84 8
84 56
84 76
84 9
84 19
84 83
84 10
84 62
84 77
84 80
84 44
84 0
84 90
61 86
5 0
26 53
84 29
84 49
84 97
52 0
