5
1
88
34
16
75
100
99 5
99 97
99 40
99 18
99 17
99 58
66 92
53 38
99 14
99 83
99 66
99 2
99 15
99 22
99 36
99 90
99 3
99 27
99 41
92 61
36 42
24 13
99 43
99 94
99 92
99 26
9 42
99 12
99 50
99 11
99 45
99 74
99 51
99 24
99 62
99 9
99 54
99 0
99 35
99 19
99 86
99 71
99 13
99 57
99 76
99 63
64 23
49 0
99 79
42 0
99 82
99 21
99 72
99 89
99 80
99 81
99 73
23 0
99 70
99 78
99 42
99 20
96 32
99 84
99 6
99 56
69 0
48 66
74 0
99 61
99 68
70 0
99 48
99 93
53 56
57 0
27 68
1 53
99 29
99 49
8 0
99 98
99 30
99 64
99 65
99 10
99 85
99 32
53 0
27 0
99 59
99 4
99 47
99 33
1 96
99 39
88 0
99 77
99 38
99 96
