5
60
4
33
78
75
100
0 79
0 18
0 6
28 89
0 71
54 89
87 89
64 89
19 89
27 89
1 89
43 89
81 89
86 89
44 89
59 89
43 48
62 89
70 89
40 89
0 43
35 89
16 89
71 89
32 89
64 62
0 66
0 50
0 86
0 24
0 63
0 88
0 61
0 21
0 22
0 7
0 37
0 13
40 65
14 62
2 69
40 14
40 48
5 28
43 44
40 1
66 39
15 39
62 39
40 25
25 77
50 39
52 39
62 45
44 39
40 71
40 2
40 18
40 66
20 45
40 30
41 42
40 88
20 71
25 35
45 30
40 23
40 58
40 46
40 62
40 26
40 74
40 42
40 67
40 41
35 39
36 39
58 39
3 39
55 39
84 39
73 39
58 3
56 39
38 39
11 39
57 39
48 68
61 12
9 10
9 77
54 12
72 68
36 68
7 12
43 68
58 27
64 24
12 68
64 45
