5
4
95
83
28
46
100
99 0
99 68
99 60
99 2
99 29
85 0
99 19
99 74
99 59
99 49
99 41
99 31
99 69
99 90
99 77
99 22
7 0
99 57
99 62
99 73
99 91
52 0
99 54
99 66
22 0
99 39
99 16
99 72
9 0
99 37
99 76
99 12
99 94
99 52
31 0
76 0
99 34
99 20
36 10
99 6
99 88
99 93
10 0
69 0
99 86
99 70
94 0
93 0
60 0
99 38
99 55
99 98
99 56
99 42
99 11
99 61
99 40
99 28
91 0
99 23
41 0
18 0
36 0
99 7
99 45
99 44
99 85
99 47
28 0
99 89
48 0
99 63
50 0
99 80
55 0
99 35
11 0
99 75
99 97
99 21
99 87
99 81
99 58
99 24
99 51
99 14
99 79
99 50
99 43
99 71
99 48
99 10
99 65
99 78
99 33
99 3
99 96
99 13
70 0
86 0
