0
95
99 6
99 11
99 62
89 0
4 70
32 0
13 40
60 85
60 4
60 24
68 41
78 45
78 3
78 96
78 55
83 43
38 27
83 33
97 6
10 96
37 26
10 67
10 58
65 26
55 16
22 52
28 17
96 23
28 61
45 43
8 75
65 18
50 75
65 84
65 2
98 37
6 16
66 82
9 36
84 3
84 88
2 6
84 2
34 1
85 53
85 63
85 20
18 57
18 48
18 36
18 25
48 98
48 7
48 14
96 25
33 11
64 82
39 90
92 82
91 81
67 38
69 92
51 50
42 30
67 32
5 7
5 86
20 63
5 98
42 49
44 38
81 46
8 20
46 76
4 69
4 98
4 40
45 46
91 70
94 87
94 57
12 66
12 61
49 8
49 6
80 51
7 88
1 70
6 19
6 95
69 51
32 71
91 53
62 86
91 35
