5
75
51
16
46
12
100
11 0
32 26
99 4
99 32
99 15
63 0
68 0
62 0
99 36
99 84
99 37
99 97
99 5
48 0
99 39
52 0
99 80
99 92
21 57
99 23
57 0
99 2
55 0
93 0
99 95
99 30
99 9
99 42
83 0
84 71
2 0
99 54
99 55
99 27
71 0
99 17
99 6
99 20
18 0
87 0
83 72
99 58
99 78
99 87
64 0
99 56
99 82
38 0
5 0
99 26
99 76
99 0
60 0
61 0
99 91
99 45
99 33
64 72
21 0
69 45
99 43
99 64
99 14
99 47
99 40
99 71
99 96
99 72
21 84
99 59
99 29
99 90
99 8
99 38
99 61
99 93
99 49
99 69
91 0
84 45
99 22
99 68
99 86
99 13
99 34
99 1
55 73
99 60
99 73
99 83
99 21
99 25
99 41
99 63
99 67
99 88
58 0
99 89
99 53
94 45
