5
1
8
2
10
42
100
69 76
91 99
67 72
76 84
95 99
0 7
0 9
0 3
0 6
0 5
4 13
4 17
4 18
4 16
4 11
4 15
4 14
4 12
80 84
86 90
69 75
4 19
20 24
20 26
20 9
20 30
20 25
20 5
20 22
20 23
20 28
20 29
20 7
20 27
20 6
20 21
47 55
3 17
3 16
3 19
3 18
3 15
3 13
48 54
3 14
3 12
11 27
11 23
51 63
11 22
11 7
11 25
11 9
11 30
11 28
11 5
11 21
11 29
11 6
66 80
11 24
26 36
50 56
26 33
26 34
26 13
65 77
67 79
72 87
38 49
45 55
26 18
26 40
26 16
50 37
37 49
70 78
32 47
26 12
26 38
26 37
55 69
55 63
43 51
26 17
74 81
47 60
26 19
96 99
26 14
26 15
26 31
26 35
26 32
98 99
93 99
90 99
64 73
39 41
39 48
