5
5
3
49
16
30
100
26 79
0 1
0 42
0 4
0 46
29 79
0 31
0 66
24 79
0 41
0 7
0 2
32 71
0 24
0 12
0 18
0 56
0 19
0 59
0 58
0 35
0 51
0 26
0 9
0 70
0 68
0 25
50 51
50 75
50 40
41 79
50 74
50 13
50 15
50 67
50 53
50 57
31 79
50 46
50 6
50 12
50 45
50 31
50 47
50 69
50 27
50 77
50 9
50 68
50 78
50 22
50 76
50 4
48 58
48 2
48 34
48 27
48 59
48 31
48 35
48 21
48 24
70 24
48 54
48 26
48 71
48 75
48 67
48 70
48 41
48 17
48 15
48 39
48 56
48 76
48 65
48 60
48 42
48 4
48 28
43 35
43 79
43 31
43 33
43 24
43 29
43 11
43 20
43 73
43 71
43 2
43 19
43 8
43 69
43 27
43 23
43 7
43 76
60 73
60 31
