5
46
44
47
48
43
100
6 0
4 0
24 0
45 34
45 26
45 38
16 3
45 14
45 18
45 28
45 22
45 84
45 30
45 68
45 64
45 78
45 42
45 8
45 88
58 36
58 4
58 13
58 27
18 7
2 0
18 5
18 16
18 2
18 26
18 27
18 14
18 33
18 66
3 0
18 52
18 55
18 38
18 41
18 8
18 91
18 77
18 23
18 83
73 20
22 19
22 36
6 7
22 42
22 38
22 92
22 10
22 17
22 86
22 67
22 61
22 23
22 11
22 95
7 0
22 15
22 35
22 60
85 16
85 2
85 30
8 36
8 4
8 26
8 42
8 13
8 76
6 49
8 1
8 17
8 92
8 51
8 3
8 28
8 27
24 5
8 35
8 67
8 93
16 19
8 53
78 16
78 24
78 37
3 24
3 28
3 12
3 20
50 4
50 5
50 6
50 7
2 9
2 12
2 25
39 0
