0
100
0 99
0 59
0 65
0 38
0 71
0 63
0 48
0 94
0 27
0 9
0 12
0 60
0 41
0 3
0 31
0 98
0 16
0 67
0 23
0 91
0 19
0 15
0 80
0 73
0 14
0 86
0 18
0 33
0 44
0 82
0 85
0 40
0 45
0 39
0 32
0 64
0 21
0 90
0 68
0 6
0 20
0 66
0 8
0 34
0 49
0 96
0 1
0 46
0 51
0 61
0 89
0 77
0 54
0 2
0 22
0 47
0 50
0 36
0 55
0 72
0 35
0 81
0 57
0 43
0 5
0 30
0 70
0 26
0 69
0 62
76 59
76 3
76 28
76 8
76 75
76 20
76 73
76 21
76 52
76 9
76 25
76 49
76 16
76 96
76 41
76 48
76 90
76 14
76 23
76 97
76 6
76 42
76 46
76 4
76 67
76 58
76 87
76 98
76 45
76 29
