5
45
40
44
49
28
100
33 22
61 41
21 76
67 76
26 50
26 15
93 80
84 23
89 39
80 46
58 46
38 74
2 15
67 47
3 82
10 51
2 80
57 27
76 17
16 17
26 24
58 90
26 69
51 27
32 5
26 39
74 78
17 99
8 47
38 25
75 36
15 99
94 72
79 10
87 42
8 30
55 41
75 3
82 5
93 67
61 56
33 54
11 62
9 10
51 85
66 56
76 27
32 66
25 24
29 78
31 12
8 64
86 97
68 46
69 67
67 10
26 32
88 30
86 3
51 50
27 97
58 70
56 30
5 57
62 60
30 97
5 64
46 99
93 83
27 80
51 76
97 67
50 29
15 90
41 6
48 76
6 80
37 83
88 29
50 16
2 23
8 77
8 32
94 79
69 52
8 75
0 74
96 76
50 36
94 5
91 77
22 60
94 87
26 84
11 43
50 88
48 13
33 32
0 89
23 4
