5
23
50
82
51
78
100
80 93
18 93
0 52
52 93
15 93
27 93
44 39
28 21
77 21
4 39
85 93
0 60
39 93
21 93
31 93
68 93
73 93
43 93
79 93
36 93
92 93
16 93
48 93
77 93
81 93
88 93
10 93
34 93
57 93
0 41
41 93
30 93
91 93
46 93
47 85
87 93
38 93
69 93
75 63
71 93
71 63
4 93
63 93
17 93
11 93
0 3
53 93
0 36
28 93
0 8
62 93
0 16
32 93
0 79
35 93
0 40
76 93
0 20
20 93
0 58
61 93
0 22
55 93
0 67
84 93
0 33
70 93
0 73
24 93
0 61
90 93
0 38
40 93
0 6
14 93
0 32
45 93
0 72
47 93
57 47
5 93
8 93
0 93
0 83
9 93
0 77
75 93
0 53
74 93
0 10
37 93
0 14
60 93
0 64
22 93
0 55
59 93
0 25
42 93
0 86
