5
93
80
81
24
83
100
18 15
18 10
82 91
18 78
0 16
0 18
95 51
49 66
12 63
66 59
36 98
0 47
88 63
71 3
20 59
70 41
82 18
98 52
71 94
76 73
71 1
70 82
12 23
46 85
96 35
0 71
17 45
95 85
5 99
34 59
92 15
0 53
25 15
45 4
29 35
14 79
61 68
60 84
14 13
50 79
98 22
20 14
43 61
63 35
61 3
43 72
20 44
32 79
95 38
66 2
13 10
45 77
61 49
26 97
70 17
50 84
25 50
25 97
98 60
76 71
0 41
23 74
98 88
76 47
61 45
0 61
77 4
68 4
31 44
25 31
23 50
95 77
95 39
43 20
67 62
78 6
6 97
62 35
34 78
97 10
0 70
12 44
95 23
98 42
0 98
9 2
74 10
43 76
95 11
62 79
16 50
40 51
43 9
14 10
95 41
26 28
48 50
0 43
39 4
95 1
