5
17
51
50
49
30
94
1 6
39 44
27 32
40 44
14 19
6 10
32 33
14 18
31 33
16 18
29 33
5 10
44 48
21 26
47 52
38 41
41 48
23 26
10 16
42 48
38 42
22 26
42 46
40 42
36 38
31 36
16 20
32 36
29 36
0 1
43 45
38 43
34 38
31 34
32 34
39 43
34 39
4 5
39 42
35 39
4 7
35 38
0 2
35 37
37 43
0 3
40 43
19 24
20 24
10 14
6 11
18 24
11 15
15 20
22 27
10 15
23 27
9 16
21 27
9 15
28 29
12 15
34 40
23 28
12 13
21 28
12 14
20 22
19 23
29 35
37 41
37 42
7 10
25 31
9 14
25 32
5 9
19 22
18 21
20 23
20 21
18 22
8 12
18 23
4 6
8 9
8 10
11 16
11 13
7 9
5 12
7 12
2 6
3 6
