5
75
79
20
48
54
100
42 71
0 30
34 99
58 71
0 96
87 99
70 93
57 12
65 4
34 32
44 18
4 99
26 89
87 40
70 98
17 88
10 89
24 99
26 52
94 10
7 65
33 57
10 99
72 71
71 65
41 83
46 89
91 33
41 65
15 28
11 43
17 96
8 6
34 83
70 53
93 65
70 91
73 12
94 12
87 44
62 42
92 30
65 89
70 78
58 81
17 27
32 73
19 29
32 25
68 1
94 86
26 51
9 53
17 62
63 83
43 89
97 21
7 76
45 99
65 5
70 72
41 59
11 59
94 25
19 82
82 21
97 29
68 19
5 73
0 17
40 21
68 71
94 40
60 98
94 98
86 6
0 99
0 34
65 25
81 55
9 39
92 42
58 96
90 25
21 39
65 74
82 5
51 36
3 83
0 87
35 40
26 92
70 97
56 29
10 64
77 40
55 39
57 85
41 32
42 19
