5
44
20
69
86
16
100
9 39
9 12
96 56
23 59
0 49
9 85
59 99
51 5
58 50
80 43
39 99
98 87
33 85
0 96
89 30
89 25
80 48
98 52
94 82
23 62
72 99
65 10
23 38
74 24
33 62
33 35
80 2
10 99
30 99
50 99
74 95
1 87
0 99
54 31
40 52
45 88
61 5
74 2
56 52
57 47
11 58
0 98
54 48
5 99
0 23
89 81
57 81
6 8
56 83
27 19
80 27
57 35
68 36
89 68
57 83
8 99
81 99
54 47
45 66
33 90
22 14
94 75
7 83
28 41
25 48
11 38
47 48
11 9
54 67
4 7
4 14
6 13
19 18
43 62
22 83
89 71
77 18
0 74
0 80
6 53
2 41
13 48
43 83
25 66
11 28
65 7
50 48
4 70
11 66
62 83
11 93
34 83
0 78
48 99
4 92
11 95
89 23
6 66
81 35
94 97
