5
19
61
86
60
18
100
96 56
87 0
96 80
96 79
96 0
96 71
96 91
96 47
96 37
96 52
96 16
96 88
96 21
81 27
96 64
96 49
96 32
96 6
96 28
96 78
96 46
96 73
96 95
96 75
96 1
96 68
31 0
96 35
96 34
96 5
96 10
96 89
96 65
96 70
96 57
96 69
96 93
68 0
96 2
93 0
96 11
96 24
27 0
96 74
96 72
96 53
96 94
96 17
96 8
96 14
96 44
96 87
96 13
96 38
96 29
96 33
96 3
96 81
96 9
96 22
96 92
96 67
3 0
96 82
96 45
96 7
96 39
96 15
96 42
96 20
45 0
13 0
96 76
96 63
96 90
96 66
96 85
96 62
96 30
96 50
96 54
96 55
96 40
96 77
96 84
96 51
96 43
96 59
96 26
96 12
96 27
96 48
96 58
96 83
96 41
96 4
96 23
96 36
96 25
31 94
