5
12
98
31
54
44
86
26 28
26 27
49 51
36 38
34 35
66 68
18 19
16 17
1 8
7 8
50 52
2 4
57 58
69 71
72 73
67 68
63 64
21 23
21 22
23 25
34 36
59 60
14 16
41 43
18 20
26 25
64 66
61 63
64 65
38 40
5 7
6 8
3 4
39 40
41 42
45 47
71 73
74 73
0 1
2 3
74 75
76 75
59 61
73 99
76 78
79 81
79 80
87 89
84 86
88 90
80 81
91 93
92 94
93 95
85 87
82 83
91 92
95 97
82 84
60 62
48 50
48 49
32 33
15 17
13 15
51 53
22 24
83 85
9 11
9 8
29 30
55 56
59 58
77 78
69 70
94 96
5 6
65 67
86 88
89 90
46 47
19 20
27 28
35 37
37 39
70 72
