5
65
58
26
13
61
100
68 9
44 49
70 16
0 14
2 81
68 72
82 72
2 38
2 27
9 80
33 80
72 28
2 76
34 22
6 4
0 19
0 2
68 48
66 74
0 44
8 29
63 43
62 25
8 42
0 68
71 56
79 80
43 16
83 15
20 33
66 59
74 16
0 93
62 75
18 23
63 33
71 53
79 91
71 29
40 22
47 59
66 3
84 22
63 4
24 9
0 82
0 8
59 56
59 81
48 67
28 15
79 9
49 70
63 45
66 10
36 11
15 16
35 17
85 92
59 21
0 66
53 9
63 18
83 4
29 91
3 87
69 52
10 21
38 53
42 90
0 62
89 30
79 24
52 81
50 53
59 54
48 72
2 70
88 6
76 8
79 53
15 91
88 92
22 94
85 88
35 23
4 16
85 66
85 64
40 78
54 91
89 72
56 94
48 89
85 41
1 6
86 77
79 4
85 12
85 52
