5
9
12
69
72
75
100
0 1
14 15
77 78
80 81
83 84
86 87
89 90
92 93
95 96
98 99
0 2
3 5
4 5
10 11
13 14
16 18
33 34
67 68
70 71
73 74
76 77
79 80
82 83
85 86
88 89
19 21
22 24
25 27
66 67
28 30
71 74
79 82
81 82
84 85
87 88
90 91
93 94
87 90
31 35
31 33
36 40
65 68
66 68
73 76
78 79
81 84
41 45
70 73
78 81
86 89
46 50
51 55
64 67
65 67
74 77
82 85
90 93
56 60
61 65
36 41
37 41
42 46
47 51
52 56
57 61
62 66
42 47
43 47
48 52
0 7
0 3
4 7
6 7
0 4
6 10
8 10
0 6
17 19
5 6
20 22
23 25
26 28
17 23
20 23
21 23
26 29
27 29
32 36
32 37
33 37
38 42
43 48
44 48
49 53
49 54
50 54
55 59
60 68
43 49
44 49
