5
14
37
60
62
20
100
55 96
65 99
79 99
96 99
87 99
70 99
9 99
57 99
81 99
69 99
13 99
58 99
77 99
43 99
86 99
46 99
83 99
10 99
44 99
11 99
54 99
36 99
42 99
40 99
64 99
53 99
26 99
21 99
61 99
55 99
1 99
73 99
93 99
12 99
49 99
27 99
39 99
4 99
41 99
76 99
51 99
74 99
25 99
29 99
5 99
33 99
68 99
89 99
28 99
91 99
84 99
56 99
23 99
50 99
35 99
45 99
48 99
67 99
3 99
47 99
34 99
18 99
82 99
52 99
15 99
30 99
38 99
17 99
75 99
16 99
59 99
90 99
66 99
88 99
32 99
0 99
24 99
95 99
80 99
97 99
2 99
63 99
85 99
92 99
22 99
72 99
94 99
8 99
6 99
78 99
71 99
19 99
31 99
7 99
84 12
0 84
0 51
0 13
0 87
0 77
