5
12
11
61
13
86
100
0 94
79 45
0 97
71 79
71 15
71 54
17 99
76 99
71 44
71 64
34 99
88 40
88 21
88 52
34 17
81 99
56 99
72 23
34 75
31 99
34 92
34 68
22 38
34 66
34 90
43 24
78 99
43 40
43 81
43 95
43 18
38 99
43 7
5 58
5 96
5 21
5 67
5 25
17 62
78 37
78 23
78 38
73 10
72 1
78 65
42 26
42 80
22 58
59 84
59 30
59 15
59 23
59 31
70 35
70 87
70 76
28 27
70 20
70 91
45 22
45 81
45 75
45 65
28 68
28 96
38 60
38 89
47 66
47 49
47 91
47 82
47 92
56 1
10 1
62 27
47 57
47 73
58 1
85 8
84 37
6 3
84 20
84 89
63 96
18 3
17 65
63 36
80 7
80 66
90 65
22 19
6 19
80 97
80 57
80 40
80 15
22 94
98 19
22 20
22 46
