0
89
89 12
89 54
89 71
77 85
32 53
32 16
32 71
32 65
32 27
78 59
78 88
78 22
78 54
76 51
83 19
84 0
83 8
83 67
86 55
55 50
58 14
41 0
18 0
46 88
62 0
26 70
48 4
5 73
64 88
30 66
64 56
7 75
10 63
5 23
5 27
5 29
80 68
8 60
57 85
57 51
57 87
57 81
52 18
58 63
73 30
27 26
27 21
79 84
27 37
9 33
73 49
73 2
73 63
73 71
45 69
79 44
19 53
9 24
34 85
87 48
23 20
12 53
13 55
61 64
61 1
61 11
39 41
64 47
62 2
20 10
72 34
9 2
72 25
72 35
40 41
18 60
43 20
25 36
16 46
38 87
11 29
49 26
13 2
17 46
17 45
38 74
38 35
59 6
23 37
