5
81
54
11
47
52
100
39 26
46 79
41 93
48 3
0 48
34 91
23 1
45 2
51 61
79 18
56 63
51 60
76 24
63 1
76 15
76 51
79 75
55 38
49 35
24 31
59 25
80 25
89 93
0 93
1 93
68 56
46 34
24 86
80 36
76 34
75 31
0 46
24 2
75 62
65 93
0 76
43 18
62 86
84 56
61 35
24 51
44 78
24 22
60 36
23 91
17 86
13 56
35 93
42 15
44 55
42 39
24 62
28 4
83 78
57 51
5 26
60 70
44 61
42 27
5 59
8 12
72 32
55 4
19 56
91 36
59 28
8 84
74 26
60 25
7 45
43 27
79 58
23 5
60 22
77 22
42 8
40 4
24 66
13 80
44 80
17 25
91 51
17 70
17 45
79 22
25 26
42 13
19 85
42 60
59 51
25 87
85 4
71 56
61 18
17 67
59 29
25 62
85 53
0 23
71 32
