5
23
55
28
94
52
100
0 76
31 66
18 35
0 20
80 42
80 58
39 34
33 50
35 95
8 77
0 16
15 39
60 26
42 3
49 77
34 50
60 31
79 77
80 32
34 89
60 65
25 95
4 50
79 46
51 74
67 13
59 68
40 37
34 33
93 79
7 19
56 19
7 13
15 65
89 50
59 65
15 4
93 91
68 95
49 12
44 18
42 51
77 74
0 80
8 37
10 22
18 92
11 95
0 15
10 45
39 65
50 95
90 89
37 78
88 17
12 62
63 62
93 88
90 45
78 62
71 72
21 82
66 89
45 62
89 95
67 1
0 93
82 13
7 61
33 62
33 37
60 66
7 3
61 62
18 5
57 13
27 13
60 44
72 65
4 79
35 34
10 88
58 32
57 62
69 5
77 3
91 47
51 1
78 5
0 10
49 79
67 7
57 1
18 81
47 62
18 30
58 79
84 79
0 53
67 30
