0
100
42 0
23 11
75 11
52 38
92 18
99 1
99 39
40 11
99 15
44 55
99 86
99 63
87 36
12 37
99 48
36 55
62 25
62 13
62 34
31 78
31 43
73 93
73 72
1 37
38 28
33 88
33 27
64 5
79 60
34 41
8 6
34 89
3 4
3 90
34 92
3 35
3 43
21 70
5 55
54 70
54 93
24 55
94 60
27 67
27 26
9 14
16 97
6 67
56 25
10 94
91 64
60 37
10 26
97 39
15 42
15 29
50 61
50 25
36 58
44 49
82 5
46 5
23 48
8 66
68 17
29 22
44 94
86 84
51 79
51 57
58 17
80 13
51 98
65 4
65 63
95 13
30 75
14 94
14 45
74 96
64 7
68 90
68 95
8 53
39 4
93 72
81 71
81 74
81 53
23 43
29 2
53 45
46 60
19 72
28 80
69 42
32 45
80 32
81 12
58 41
