5
84
94
23
40
83
100
93 99
28 99
25 99
78 99
55 99
2 99
66 99
0 99
59 99
57 99
47 99
86 99
26 99
39 99
68 89
7 99
4 99
60 99
89 99
50 99
30 99
59 42
73 99
91 99
0 46
36 99
74 99
0 76
72 99
0 13
87 99
20 99
82 96
92 99
70 99
64 99
68 81
81 99
85 99
38 99
71 99
15 99
24 99
19 99
10 99
21 99
0 68
77 99
58 99
61 99
45 99
12 99
69 99
56 99
35 99
68 99
42 99
75 99
64 6
6 99
0 31
88 99
62 99
5 99
3 99
46 99
0 82
51 99
0 64
44 99
0 2
90 99
0 88
22 99
0 78
80 99
0 30
1 99
0 61
82 99
0 27
13 99
0 74
49 99
0 65
63 99
0 15
14 99
0 29
8 99
0 22
33 99
0 28
96 99
0 25
43 99
0 18
18 99
0 77
11 99
