5
70
48
50
55
58
100
31 33
4 99
51 99
0 5
8 99
0 31
0 44
26 99
40 20
2 99
0 37
23 99
20 99
91 68
62 84
35 68
87 65
84 68
72 40
67 68
0 7
27 68
0 86
32 11
43 65
0 69
0 34
75 10
79 29
14 68
98 65
8 2
79 33
73 2
0 13
0 26
0 62
0 66
0 54
0 96
12 73
12 66
82 17
71 68
21 40
32 38
72 19
38 68
79 13
82 32
72 51
25 39
72 87
85 42
9 39
72 86
17 68
65 68
83 51
47 68
44 39
82 79
22 53
39 53
75 54
72 73
72 90
53 68
54 34
10 34
19 34
73 34
27 14
72 5
59 66
61 34
83 29
13 29
9 14
93 37
24 34
72 77
15 66
57 45
17 14
84 26
61 29
21 7
35 1
45 34
39 1
82 86
97 19
63 72
10 1
29 16
93 25
21 93
90 3
82 91
