5
14
15
17
19
20
100
29 35
40 46
32 36
54 60
38 44
47 50
52 53
32 33
32 40
32 37
40 36
40 39
51 54
51 53
44 49
40 42
50 54
52 46
52 48
47 43
47 33
47 42
46 37
42 43
42 39
39 43
39 38
33 38
0 1
0 2
0 5
12 30
13 30
10 14
0 3
5 1
4 1
0 6
0 7
0 8
4 7
4 8
4 5
4 6
4 2
3 1
3 29
5 2
3 2
18 30
24 28
23 27
26 29
3 6
3 7
26 27
26 30
21 25
24 27
25 27
25 28
6 2
26 28
22 25
22 26
23 25
24 25
11 15
11 14
23 26
20 24
21 24
23 24
5 6
5 9
5 7
8 12
10 12
9 12
13 17
8 10
8 9
10 13
9 13
11 12
8 11
8 6
7 11
7 10
7 9
6 10
9 11
19 22
20 22
18 22
21 22
19 23
20 23
13 16
13 15
