5
59
4
85
92
86
100
88 76
54 79
21 99
53 99
0 61
0 88
0 14
0 26
0 95
0 19
0 94
0 46
0 43
0 24
0 91
27 63
18 78
58 46
27 40
27 58
27 10
27 79
27 7
77 56
49 42
77 60
28 21
12 99
27 28
27 6
87 63
27 31
27 77
27 50
27 72
27 35
27 76
27 24
27 61
66 99
30 99
56 99
14 83
7 94
7 70
77 99
42 99
46 99
74 29
49 98
80 94
96 99
75 99
83 99
81 99
29 99
60 52
84 52
39 52
19 52
58 52
9 52
65 52
81 52
74 20
25 70
48 61
58 22
14 50
76 61
38 22
24 22
10 22
79 36
14 89
36 22
23 22
81 98
97 22
74 2
98 29
29 22
20 22
79 22
57 22
19 22
69 22
74 35
81 22
7 34
43 62
7 43
63 43
24 41
57 95
41 95
95 35
5 43
23 35
51 84
