5
90
47
70
85
49
100
27 15
16 15
0 66
32 93
76 44
29 42
1 87
94 74
5 43
53 82
93 88
81 89
5 83
1 18
46 10
0 29
79 69
0 58
53 22
31 27
88 55
96 6
1 17
60 10
97 38
31 81
23 95
15 6
71 55
0 5
3 62
50 82
55 99
53 60
88 24
3 2
16 82
79 3
22 82
34 24
56 44
94 73
53 23
56 60
33 77
24 99
61 67
53 51
57 95
6 99
61 2
16 58
45 21
52 74
36 89
56 21
92 45
97 22
97 76
61 27
82 99
0 99
53 84
33 25
0 31
2 58
88 48
10 62
41 22
14 42
42 58
62 69
28 48
98 45
18 67
74 58
97 79
34 38
71 58
21 58
16 66
27 68
53 78
2 66
58 99
7 66
88 87
53 16
76 66
76 23
19 4
97 7
12 41
0 97
88 91
51 75
28 98
41 66
80 14
28 73
