5
98
52
24
23
40
100
69 19
59 19
74 19
87 19
3 83
3 13
4 19
57 48
0 57
0 69
10 19
0 59
0 11
0 3
0 27
0 95
0 73
0 37
0 7
0 19
0 36
0 71
0 76
0 41
0 67
0 72
0 82
0 79
0 94
0 38
0 87
0 18
0 97
0 15
0 88
0 33
0 78
0 62
0 32
0 61
0 31
0 56
0 66
0 21
0 64
0 51
0 81
0 93
0 96
0 50
0 44
0 48
0 91
0 80
0 26
0 30
0 20
0 74
0 89
0 68
0 85
0 34
0 47
0 77
0 53
0 75
0 10
0 65
0 83
0 2
0 6
0 84
0 60
0 1
0 8
0 49
0 13
0 29
0 99
0 35
0 42
0 16
0 46
0 12
0 58
0 63
0 45
0 22
0 5
0 28
0 92
0 43
0 86
0 9
0 4
0 39
0 54
0 17
0 55
0 70
