5
76
87
21
62
22
100
0 80
35 99
55 99
83 99
92 99
52 99
18 99
67 99
78 99
2 99
0 74
51 99
91 99
0 52
3 99
0 45
82 99
0 72
54 99
0 60
38 99
0 81
50 99
65 99
88 99
71 99
49 99
20 23
57 99
31 99
72 99
34 99
30 17
81 99
63 97
19 99
20 30
25 99
63 60
41 99
20 40
40 99
0 99
0 49
61 99
0 20
37 99
0 85
32 99
0 18
95 99
0 36
14 99
0 27
23 99
0 94
8 99
0 8
46 99
0 19
16 99
0 43
60 99
0 84
29 99
0 64
73 99
0 2
13 99
0 97
56 99
0 56
7 99
0 86
17 99
0 40
85 99
0 31
27 99
0 54
59 99
0 59
93 99
0 46
69 99
0 30
9 99
0 5
48 99
0 35
74 99
0 51
86 99
0 83
66 99
0 82
63 99
0 33
24 99
0 88
