5
18
82
8
50
16
100
32 66
32 77
17 49
71 52
32 81
25 28
58 60
33 73
46 99
17 75
38 40
70 95
88 99
13 64
48 63
9 52
71 4
73 28
29 21
40 95
0 99
25 7
27 87
95 99
74 86
7 92
48 72
87 60
0 13
84 25
6 64
60 99
48 53
78 86
4 56
73 79
0 71
85 5
41 5
42 86
84 17
84 33
66 99
73 35
4 7
85 23
74 40
74 41
87 43
1 31
0 85
0 4
73 2
86 99
22 54
96 79
29 13
95 23
3 92
0 32
36 43
24 81
31 64
0 48
76 98
67 56
0 84
58 23
94 80
43 64
74 94
21 28
92 10
27 13
74 76
89 49
28 23
74 73
52 11
46 89
75 23
74 12
94 37
64 99
94 13
46 98
23 99
58 71
65 10
43 56
45 37
83 53
52 54
60 72
28 69
65 13
7 13
58 80
40 5
58 4
