5
86
58
59
11
75
100
39 40
49 50
93 96
52 53
92 90
42 41
45 46
26 28
23 29
5 8
74 79
62 63
62 64
84 85
41 44
74 77
74 73
0 1
47 48
87 92
18 19
13 15
16 21
22 23
22 21
43 45
28 30
32 30
25 26
27 29
28 32
27 28
13 18
20 25
19 20
62 65
44 45
46 47
67 66
67 68
12 13
17 19
51 50
7 8
2 1
9 8
12 14
4 6
2 3
38 40
36 37
16 19
4 5
71 74
72 73
69 70
26 31
5 6
23 24
78 80
81 85
80 83
82 83
81 83
56 61
60 61
29 30
29 31
24 26
23 25
87 90
91 90
89 90
92 93
94 95
93 95
92 94
3 5
4 1
7 6
24 28
30 35
90 96
93 94
35 37
73 77
80 84
78 77
78 79
78 76
72 74
76 77
81 84
81 82
76 80
76 79
81 80
15 19
34 35
20 21
