5
44
52
35
84
18
100
20 78
61 99
9 5
97 5
90 75
37 99
28 99
5 99
98 99
15 93
31 19
19 99
41 99
50 93
80 89
2 99
39 99
54 99
93 99
40 99
67 99
96 99
15 99
74 99
13 99
26 99
0 59
0 8
49 22
4 80
0 43
15 22
87 22
0 34
4 40
0 4
25 22
9 22
0 70
0 64
0 92
9 42
17 40
27 15
0 1
0 61
66 22
17 14
89 59
9 63
0 27
7 48
0 39
94 22
0 58
14 22
55 22
98 22
16 22
56 22
0 73
0 63
30 22
13 22
92 22
90 22
67 22
81 25
0 57
97 95
0 78
0 68
0 48
24 28
25 28
6 28
95 28
12 28
60 28
20 28
97 28
21 28
25 78
14 28
9 78
54 28
38 28
62 28
11 28
65 28
68 28
21 46
1 46
60 46
5 46
97 46
25 46
55 46
30 46
29 46
