5
92
22
36
60
48
100
38 29
38 54
13 30
38 7
38 3
38 67
82 41
80 98
95 0
8 21
32 21
29 37
82 1
82 64
82 86
6 37
82 24
10 57
90 58
93 66
90 46
43 12
90 76
41 43
72 37
80 33
41 74
26 33
41 46
66 33
41 20
41 19
41 14
41 29
2 34
2 52
51 96
57 96
2 29
40 96
2 4
2 75
2 7
2 88
17 76
26 4
26 84
26 23
26 45
93 51
87 47
87 68
87 78
87 1
87 69
86 71
83 16
86 11
65 57
65 51
57 35
86 58
88 67
88 65
58 45
91 65
91 16
91 28
17 23
17 57
17 4
65 84
65 68
65 32
55 5
55 56
11 39
39 35
11 1
85 81
85 46
85 69
85 27
25 20
25 14
25 45
47 19
79 81
79 16
43 35
79 32
79 3
28 57
28 9
74 98
74 59
6 57
6 30
68 42
89 62
