0
96
99 94
15 0
37 3
99 52
53 5
99 50
99 86
99 25
99 38
38 46
38 37
9 18
9 64
9 36
98 0
87 75
87 72
15 55
87 8
56 37
56 12
56 93
29 0
70 61
3 0
23 91
89 10
63 37
63 42
63 8
33 7
22 4
59 78
81 10
58 80
58 46
58 39
53 25
74 85
42 43
42 19
42 2
42 96
11 68
1 72
78 68
17 37
21 27
21 83
66 26
66 83
66 7
77 3
3 18
6 24
6 35
29 69
50 76
31 20
71 96
47 49
11 75
11 93
8 15
8 16
34 23
53 90
49 1
76 45
45 75
95 89
45 65
19 98
30 84
51 95
51 88
61 69
44 84
54 48
40 28
14 30
82 48
28 73
28 27
28 97
37 65
19 82
67 62
29 20
81 62
4 7
83 18
26 30
97 54
37 82
97 30
