4
29
96
2
70
100
0 99
0 49
75 99
0 8
0 91
0 66
0 45
0 74
0 20
0 4
0 57
23 99
92 79
79 99
63 99
91 99
60 76
76 99
10 99
41 99
95 98
4 98
48 98
97 98
0 19
71 98
33 98
27 98
10 98
16 98
65 95
82 98
95 20
83 20
21 20
68 20
3 91
0 87
55 20
5 20
35 20
90 20
4 20
93 20
17 32
14 20
3 24
45 20
8 20
60 73
15 20
89 20
35 82
74 82
19 82
65 82
91 49
87 82
49 82
55 82
44 52
76 8
7 75
49 8
85 18
14 18
88 47
79 47
45 47
44 8
54 8
12 52
95 9
35 52
4 75
74 52
11 87
21 75
60 52
53 32
91 37
23 37
21 37
15 47
92 68
68 24
13 8
16 47
86 37
76 75
72 8
22 8
79 37
91 75
13 6
6 32
59 46
6 47
92 76
5 18
