0
97
13 75
2 0
3 0
99 91
2 1
2 48
46 17
46 86
19 20
7 10
19 7
19 17
19 67
19 70
19 44
19 57
19 73
61 5
42 83
42 40
11 1
16 7
16 11
28 7
39 18
53 13
53 93
54 4
54 17
54 82
54 80
54 96
8 2
7 33
7 91
7 2
7 18
3 56
7 34
7 4
7 60
7 69
7 80
7 13
7 32
22 14
2 94
7 52
2 21
7 68
7 71
7 51
7 89
17 27
7 35
17 10
17 24
17 26
17 38
17 72
13 2
32 55
24 29
24 3
24 43
26 14
4 1
4 5
4 6
4 2
4 9
14 30
14 25
2 5
2 58
21 1
14 23
2 15
2 62
2 59
2 74
14 78
14 2
14 9
10 1
2 11
18 37
18 2
18 40
2 41
2 97
3 79
10 66
3 50
10 88
30 59
14 85
