5
38
27
17
26
59
100
0 20
0 37
0 96
0 44
0 85
0 99
0 87
0 19
0 1
0 22
0 91
0 82
0 29
0 84
0 57
0 2
0 34
0 12
0 83
0 10
0 77
0 7
0 24
0 28
0 67
0 48
0 55
0 76
0 16
0 8
0 65
0 36
0 35
0 6
0 66
0 18
0 31
0 41
0 39
0 43
0 62
0 88
0 89
0 11
0 72
0 42
98 99
88 99
72 99
53 99
0 93
9 99
8 10
77 99
50 56
56 99
5 99
23 2
91 99
3 99
94 99
43 99
60 99
41 76
2 99
40 49
1 99
85 99
45 99
29 99
34 99
40 99
61 99
48 99
39 99
75 54
64 99
73 99
21 75
15 99
28 99
79 99
40 10
0 25
20 99
20 90
80 99
62 99
32 99
46 99
30 99
54 99
42 99
69 41
41 99
21 8
49 99
21 99
20 61
89 99
