5
77
27
89
39
53
100
57 96
0 94
20 96
0 6
24 96
0 14
43 96
58 96
33 96
29 96
95 96
37 96
1 96
81 96
12 96
75 96
64 96
34 96
15 96
36 96
70 96
69 96
92 96
30 96
48 6
6 96
37 25
47 96
28 18
74 96
0 36
48 96
55 42
90 96
86 96
7 96
73 96
55 46
46 96
82 90
67 96
67 95
51 96
55 92
76 96
94 96
0 28
14 96
30 14
71 96
56 96
9 96
0 55
23 96
0 67
5 96
0 90
44 96
0 95
25 96
0 76
17 96
0 38
84 96
0 85
68 96
0 91
88 96
0 62
93 96
0 82
31 96
0 48
42 96
0 35
54 96
0 73
2 96
0 15
32 96
0 18
22 96
0 30
82 96
0 88
35 96
0 74
49 96
0 49
79 96
0 42
91 96
0 81
4 96
0 44
80 96
0 41
38 96
0 45
83 96
