5
42
57
94
65
10
100
0 4
0 84
0 69
0 19
0 20
0 95
0 79
0 46
0 45
0 17
0 75
0 23
0 28
0 51
0 71
0 16
0 6
0 82
0 68
0 40
0 15
91 18
34 23
4 32
91 69
69 60
39 60
4 24
60 18
37 59
36 69
91 87
30 4
47 28
20 96
30 91
9 12
5 23
47 88
47 30
36 23
74 24
78 92
47 36
47 63
47 1
7 69
82 4
82 71
26 92
23 97
47 48
47 2
47 82
47 72
47 97
59 97
16 4
23 32
87 97
47 56
67 51
7 79
59 2
7 51
18 97
60 32
12 32
2 97
71 32
29 24
69 97
47 62
38 97
14 97
32 97
9 97
45 97
24 97
3 97
76 97
5 97
30 97
16 97
90 97
56 97
36 97
62 97
81 97
61 97
4 97
58 97
86 97
49 97
25 97
31 71
37 71
73 71
44 71
4 71
