5
10
94
30
51
83
100
89 14
92 96
25 81
25 74
0 25
49 61
0 73
0 59
5 39
26 74
55 37
53 59
5 82
89 19
57 62
55 27
46 71
36 59
0 36
29 76
78 77
22 45
90 77
50 2
43 53
42 59
82 59
89 92
5 92
4 62
80 68
29 84
35 81
41 45
80 61
42 14
22 77
43 75
35 62
42 8
22 33
22 21
22 59
89 36
69 14
80 86
55 54
90 76
43 50
29 87
74 61
68 62
49 29
6 34
69 27
69 71
33 45
58 68
58 20
0 89
55 76
14 62
17 26
0 43
9 61
78 61
60 47
8 47
45 96
5 69
38 76
24 59
62 96
49 11
0 49
32 61
60 53
38 40
18 40
5 90
41 17
91 88
26 88
84 47
46 36
38 26
84 79
71 81
88 27
47 81
5 14
63 40
66 72
92 76
85 59
0 55
45 77
31 61
85 34
58 79
