5
71
73
52
95
92
100
22 99
77 99
21 99
17 99
91 99
55 99
39 99
34 99
0 54
43 99
0 68
0 9
14 8
98 99
59 99
76 99
87 99
54 56
24 54
65 99
23 99
16 99
0 99
69 99
62 99
78 99
11 99
2 99
70 99
12 99
61 99
25 99
68 99
44 99
50 99
7 99
67 99
19 99
24 99
93 99
28 99
29 99
86 99
72 99
38 99
15 99
37 99
88 99
83 99
66 99
41 3
0 96
0 53
21 4
0 81
3 4
0 74
0 50
0 27
0 22
0 76
0 41
0 59
0 49
0 87
0 93
0 89
0 85
0 98
0 6
0 39
0 23
0 2
0 3
0 79
0 61
0 37
0 82
0 24
0 83
0 35
0 20
0 11
0 88
0 69
0 84
0 16
0 45
0 1
0 60
0 10
0 57
0 91
47 19
47 12
87 4
47 82
80 25
60 4
9 64
