5
26
14
63
32
52
100
33 25
30 78
54 89
68 78
19 78
10 78
33 44
36 74
94 12
10 20
95 84
23 17
59 84
28 58
43 86
87 86
0 33
94 31
27 19
54 51
89 31
86 96
56 27
0 54
56 71
0 56
1 42
80 49
30 44
17 21
46 24
44 48
30 39
49 48
46 3
79 67
46 53
49 21
11 45
20 59
61 44
82 66
75 83
46 12
77 31
21 31
79 50
77 48
61 68
53 62
82 48
18 31
84 3
24 44
67 48
79 25
13 4
37 65
4 31
36 37
75 58
95 42
67 62
18 3
82 65
94 1
91 83
46 17
62 31
20 34
49 93
0 46
18 50
69 3
53 17
65 70
30 22
11 8
61 91
45 31
84 12
94 75
0 61
74 8
10 12
37 51
94 79
82 54
0 94
0 30
37 92
82 92
92 31
11 37
48 96
83 3
70 31
64 25
0 24
53 3
