5
95
32
49
7
16
100
81 99
0 70
0 55
0 84
61 99
0 76
20 47
0 75
0 87
0 77
0 67
0 29
0 31
0 21
0 52
19 33
0 22
0 58
0 19
62 99
0 46
0 1
0 54
0 86
69 99
0 74
0 42
0 18
0 71
0 20
0 91
0 88
0 83
0 10
0 44
0 72
0 97
0 45
0 40
83 99
0 8
0 62
0 51
0 37
0 65
0 68
0 12
0 3
0 34
0 30
0 89
0 23
0 99
0 13
0 63
0 79
0 35
0 36
0 60
0 2
0 4
0 92
0 98
0 6
0 93
0 5
0 59
0 69
0 57
47 99
0 50
0 38
33 12
0 25
0 24
0 39
82 99
0 33
0 43
12 99
0 28
0 27
0 66
0 56
0 53
88 99
0 90
0 14
0 96
0 11
0 15
0 17
0 41
0 48
10 99
25 99
0 80
0 26
0 47
0 78
