5
35
58
14
51
77
100
0 83
0 98
0 99
0 33
0 88
0 46
0 75
0 18
0 52
0 54
0 80
0 59
0 40
0 48
54 99
0 12
0 70
0 89
0 39
0 5
0 23
0 69
0 82
0 53
0 61
0 25
0 43
0 67
0 60
0 15
93 99
0 66
0 87
0 9
0 72
0 3
41 18
0 21
79 99
3 99
41 62
0 26
0 41
90 15
0 91
8 59
0 17
0 27
0 37
0 56
0 96
80 72
0 86
0 47
0 95
0 93
0 32
16 59
0 1
0 49
0 31
0 10
0 30
28 61
28 16
28 5
28 12
28 65
28 54
28 49
28 70
28 93
28 50
28 3
28 21
28 53
28 41
28 33
28 34
28 37
28 83
28 98
28 96
28 82
28 44
28 87
28 40
28 42
28 75
28 79
95 31
18 99
95 60
95 23
95 67
33 99
95 44
95 40
95 65
59 15
