5
65
62
69
24
4
100
34 79
28 79
14 79
58 57
13 79
20 19
54 79
47 79
41 79
21 58
78 79
7 79
8 79
66 79
33 79
30 79
27 79
63 79
51 79
37 79
71 79
11 79
64 52
37 52
78 52
59 52
46 52
16 52
13 52
26 52
41 52
60 52
47 52
29 52
25 52
3 52
23 52
73 52
21 1
35 12
21 12
0 13
35 59
0 20
72 1
56 42
3 5
0 1
5 1
15 1
58 1
42 1
0 15
56 1
36 1
11 70
18 1
13 1
0 35
51 1
53 1
30 1
26 1
40 1
22 1
19 1
67 1
55 1
7 1
40 23
71 42
33 59
7 46
46 59
11 59
41 54
0 17
15 59
3 59
76 59
48 59
78 11
64 29
54 59
43 59
64 59
2 59
38 59
47 59
61 59
14 59
22 59
31 41
51 36
50 59
14 41
18 19
0 51
12 61
60 58
