5
40
87
85
98
59
100
0 32
83 99
0 54
0 30
0 16
97 88
0 43
55 88
10 42
0 29
42 88
7 88
63 88
3 88
81 88
38 27
10 68
29 52
0 6
0 74
97 27
63 70
64 90
64 68
49 90
38 36
51 58
10 41
74 16
28 27
10 51
17 48
64 5
38 93
51 2
64 82
28 19
91 74
63 89
38 56
28 20
63 41
28 25
63 44
10 44
10 15
16 48
64 48
10 48
39 2
63 34
63 91
63 28
64 28
64 72
10 55
63 55
41 48
73 48
76 48
10 38
60 48
63 17
61 48
20 16
63 75
10 75
3 48
14 48
18 48
44 48
61 8
39 7
69 48
47 8
25 13
92 48
55 97
80 68
64 1
22 97
46 97
61 97
4 68
45 97
27 2
68 97
56 32
4 9
29 71
23 9
27 58
79 58
12 67
1 58
75 42
11 79
76 9
11 1
12 75
