5
75
62
48
2
11
100
0 87
0 58
0 28
0 15
0 41
0 48
0 62
0 70
0 18
0 73
0 50
0 4
0 88
0 35
0 74
0 89
0 80
0 21
0 36
41 93
1 12
1 49
1 78
1 15
1 75
1 58
1 66
1 41
1 60
1 57
1 71
1 80
1 68
1 37
1 55
1 50
1 23
1 6
1 14
1 5
84 22
84 5
84 41
84 83
84 90
84 66
84 86
84 12
84 56
84 34
84 78
84 36
84 60
23 85
33 93
23 18
23 41
23 33
23 6
23 27
23 4
23 46
23 72
23 17
23 81
23 21
25 90
23 24
23 32
17 42
4 58
45 48
85 68
23 92
23 67
23 87
23 36
79 85
79 33
79 15
7 93
79 54
79 88
79 70
79 43
79 83
79 45
79 52
79 38
79 26
79 6
79 87
79 60
14 55
14 37
14 71
14 29
14 88
14 47
14 5
