5
88
55
38
89
85
100
46 27
58 30
0 72
0 43
0 10
4 30
66 11
27 31
53 54
0 3
0 53
2 51
32 99
4 73
58 46
11 45
0 4
0 21
6 16
0 13
31 99
0 6
77 30
22 29
14 60
66 41
35 61
0 14
47 29
0 75
22 10
46 73
45 99
0 66
46 86
49 76
17 86
59 61
0 46
42 99
79 34
23 56
29 99
22 46
8 81
86 99
0 49
0 80
17 51
1 47
0 1
19 75
23 47
23 16
79 63
79 54
50 34
30 99
0 23
41 4
21 24
20 37
18 21
72 40
50 4
6 10
17 75
6 25
41 46
61 99
72 9
6 40
6 75
0 22
19 67
87 99
12 46
72 76
17 95
16 99
53 71
82 46
84 78
10 99
2 54
12 67
8 12
15 9
78 9
63 9
82 14
20 84
59 46
79 23
2 60
45 51
81 9
36 99
8 59
83 59
