5
25
67
17
78
48
100
62 0
81 44
41 0
81 55
49 0
81 75
56 0
20 0
81 21
81 72
81 65
79 77
79 16
79 74
79 15
79 37
79 11
79 12
79 60
79 3
36 0
79 27
33 0
23 0
79 29
79 21
79 47
79 30
79 64
79 10
49 5
79 1
29 0
79 33
73 80
66 24
73 57
36 5
73 49
73 46
73 63
53 24
73 75
73 33
73 26
73 2
73 68
73 72
5 24
73 34
9 41
9 71
2 24
9 31
9 11
9 62
9 50
9 69
9 46
9 26
9 2
9 68
12 24
9 54
38 24
9 33
9 3
56 74
56 38
63 24
23 24
56 16
56 68
56 14
56 55
1 61
56 7
59 4
56 30
58 44
54 24
61 24
58 69
58 22
46 4
14 4
58 47
58 52
58 4
34 69
58 38
58 21
58 39
58 71
58 70
58 51
58 77
58 76
58 42
58 37
