5
95
62
25
78
53
100
29 24
74 11
94 4
45 4
14 19
24 99
8 55
81 75
0 10
14 70
14 72
45 84
14 77
20 70
14 42
36 49
89 5
55 99
36 59
58 64
67 4
22 23
91 72
87 5
22 72
50 49
36 70
0 45
83 72
18 7
86 49
4 99
96 91
21 72
24 91
71 48
84 72
43 40
6 49
20 35
96 67
75 59
0 29
61 15
36 58
23 99
18 60
14 92
72 99
17 67
98 88
97 66
74 92
0 14
0 20
49 99
57 40
6 67
7 40
0 74
59 99
91 88
12 30
60 19
67 19
48 70
36 6
69 28
0 50
77 42
52 63
36 12
36 69
5 11
60 42
88 70
40 99
44 65
0 89
4 11
0 36
96 42
19 99
68 48
13 15
97 98
68 71
17 66
77 28
52 65
4 73
91 94
77 27
97 4
82 76
3 47
39 63
9 6
0 91
94 11
