5
22
10
9
50
21
100
83 52
25 69
25 88
41 70
91 95
84 95
72 95
27 95
67 95
80 95
44 95
12 95
70 95
88 95
53 95
25 95
5 95
56 95
93 95
74 95
66 95
82 95
45 95
14 95
0 95
81 95
52 95
17 95
83 95
40 95
48 95
71 95
2 95
49 95
28 95
63 95
85 95
16 95
86 95
11 95
37 95
19 95
18 95
7 95
94 95
26 95
61 95
64 95
79 95
1 95
30 95
69 95
3 95
6 95
32 95
68 95
4 95
57 95
55 95
13 95
34 95
59 95
20 95
78 95
31 95
58 95
42 95
41 95
47 95
87 95
90 95
15 95
46 95
73 95
92 95
38 95
29 95
8 95
60 95
35 95
24 95
54 95
77 95
76 95
36 95
65 95
75 95
89 95
33 95
23 95
39 95
51 95
62 95
0 61
0 27
0 58
0 83
0 47
0 72
0 67
