5
49
38
12
62
77
100
51 94
15 94
7 94
45 94
11 94
73 94
18 94
78 94
41 94
67 94
14 94
48 94
81 94
32 94
43 94
89 94
59 94
35 94
27 94
22 94
5 94
64 94
61 94
66 94
72 94
63 94
87 94
9 94
31 94
91 94
50 94
54 94
65 94
84 94
24 94
52 94
42 94
92 94
88 94
93 94
28 94
57 94
46 94
69 94
55 94
23 94
20 94
26 94
17 94
74 94
44 94
60 94
10 94
21 94
53 94
76 94
30 94
90 94
19 94
37 94
75 94
86 94
40 94
0 94
6 94
39 94
68 94
8 94
16 94
71 94
2 94
58 94
4 94
33 94
34 94
1 94
56 94
83 94
79 94
85 94
36 94
47 94
25 94
80 94
70 94
3 94
82 94
13 94
74 14
23 14
0 37
0 31
0 60
0 86
0 16
0 25
0 54
0 42
0 78
0 57
