3
18
13
26
100
0 99
0 29
0 84
0 36
0 73
0 33
0 20
0 71
0 77
0 67
0 53
0 38
0 44
0 62
0 21
0 70
0 87
0 43
0 63
0 8
0 74
0 61
0 66
0 23
0 51
0 57
0 37
0 49
0 19
43 99
0 16
0 80
0 78
12 99
0 88
0 96
0 10
68 99
0 32
0 9
0 48
0 90
0 55
0 12
6 99
0 7
0 95
0 40
0 30
0 93
0 41
0 50
0 92
0 56
0 42
0 28
0 54
0 45
0 39
0 72
0 89
0 65
0 58
0 94
51 99
0 24
17 99
0 76
0 86
0 11
0 25
0 2
0 46
0 5
0 27
0 79
0 22
0 83
0 82
0 31
11 99
0 75
0 59
0 3
0 91
0 17
0 98
0 35
0 34
0 85
4 34
4 93
4 54
4 57
76 99
4 23
4 17
4 15
4 69
4 19
