5
92
56
38
89
32
100
3 98
19 77
4 26
87 98
9 77
26 98
45 47
15 98
47 98
19 48
40 98
16 98
58 98
75 98
63 98
45 98
82 98
78 98
57 98
46 98
42 98
24 98
2 98
35 98
45 44
88 98
91 98
95 98
96 98
61 98
28 98
52 98
39 98
55 98
93 98
22 98
18 98
54 98
37 98
5 98
29 98
85 98
74 98
70 98
17 98
23 98
14 98
76 98
65 98
0 10
0 19
0 90
29 64
53 24
0 82
13 33
79 11
21 6
49 67
84 11
23 84
57 8
24 42
11 67
31 23
13 84
0 79
58 22
28 84
27 76
58 20
58 25
53 27
0 57
95 18
15 87
13 47
58 61
77 72
21 72
77 47
0 23
58 74
58 76
64 67
15 31
84 25
58 24
30 24
79 42
60 72
13 87
42 67
58 27
0 53
15 97
22 67
81 76
18 67
79 67
