5
44
1
47
32
76
100
0 21
15 79
64 79
67 79
21 50
0 14
0 54
48 50
0 15
67 26
8 79
28 79
0 40
48 79
0 61
58 79
0 59
0 16
0 70
0 17
20 15
39 48
13 79
5 79
64 20
2 79
64 73
18 39
20 39
46 39
10 79
40 59
60 59
19 59
64 28
64 25
74 59
72 59
25 59
8 59
64 2
64 70
50 59
64 75
29 59
64 11
58 39
52 58
42 59
52 15
52 70
52 57
52 50
20 59
52 68
52 56
52 37
52 55
53 31
53 50
24 45
53 27
53 71
43 15
53 24
53 67
14 21
53 43
53 73
53 36
53 68
53 63
53 39
70 13
70 34
70 54
70 73
70 27
70 22
70 3
70 37
70 58
70 23
24 13
24 62
22 54
24 22
24 73
24 31
24 38
24 25
24 18
24 19
24 67
24 63
24 10
24 30
71 19
71 74
71 10
