5
90
1
14
89
19
100
17 24
70 53
65 37
61 62
60 66
53 7
0 17
34 62
60 29
33 15
22 81
68 95
22 20
94 62
24 88
24 45
33 43
33 38
51 56
85 72
66 95
34 74
0 33
29 56
37 95
15 2
16 70
41 22
16 83
60 16
0 82
62 95
60 24
27 56
92 69
45 95
73 43
24 22
57 15
6 54
60 57
10 83
41 24
56 7
28 69
73 47
11 8
6 58
5 93
73 40
0 94
66 35
36 83
41 9
18 46
41 31
69 7
58 77
30 7
0 41
64 95
64 61
66 92
36 58
78 91
7 95
45 44
66 44
73 80
65 95
10 18
64 44
17 61
36 35
23 2
43 61
0 95
10 94
15 77
78 18
71 93
6 22
71 34
60 51
92 83
73 85
39 35
61 95
86 22
17 2
34 33
66 26
40 29
10 17
11 87
9 75
0 60
40 22
11 75
42 50
