5
26
44
38
96
35
100
99 73
99 15
89 0
89 46
99 80
97 36
93 0
97 72
23 75
23 21
23 52
81 0
60 73
60 16
60 88
18 28
18 8
18 52
13 54
13 37
13 64
66 0
13 85
17 0
93 87
19 8
75 43
75 51
75 84
34 56
19 94
19 88
4 95
4 89
7 30
4 72
85 2
15 30
4 34
77 57
77 24
58 46
89 41
89 25
89 39
89 48
62 70
14 88
14 11
93 25
93 86
32 73
32 50
62 83
62 78
10 17
71 74
62 72
62 53
25 57
27 70
24 50
12 83
57 47
91 66
91 58
52 82
53 68
22 31
39 90
78 80
39 71
66 10
66 78
56 85
63 29
63 12
40 10
11 72
43 69
20 84
43 98
20 90
20 12
3 29
51 67
51 82
11 92
11 64
49 33
49 58
98 36
98 5
61 7
42 36
42 67
48 81
85 68
85 88
90 64
