5
34
8
7
20
30
100
43 57
33 44
26 42
44 80
45 12
24 80
0 17
0 78
43 41
48 17
54 46
21 72
33 15
70 59
54 41
44 32
49 56
0 43
1 39
26 50
72 2
71 14
21 24
2 59
54 71
63 14
46 17
32 68
69 80
0 45
21 71
33 37
49 12
19 59
49 13
40 68
33 52
51 60
4 23
39 68
73 12
33 79
0 49
44 51
69 2
21 51
54 73
53 64
54 1
0 33
71 22
44 42
65 58
27 79
44 22
0 54
58 80
57 60
24 68
68 80
0 15
58 59
44 53
44 13
56 22
31 18
0 21
19 2
76 15
49 51
57 18
75 18
61 42
19 4
47 2
46 2
69 18
19 18
75 37
56 70
39 23
76 74
3 59
37 59
12 22
19 55
12 36
44 74
0 63
76 61
77 59
66 29
67 25
46 5
14 5
52 36
31 5
12 46
52 51
70 23
