5
4
85
42
44
23
100
2 99
18 99
9 99
22 99
0 97
32 99
0 32
49 99
2 75
55 99
34 99
54 99
2 25
39 99
86 99
0 52
41 99
15 99
71 99
72 99
69 99
83 99
16 99
27 99
29 99
24 99
48 99
47 99
45 99
0 98
50 99
90 99
12 99
96 99
0 36
73 99
28 99
35 99
2 45
10 99
79 99
94 99
13 99
52 99
93 99
21 99
6 99
76 99
38 99
0 13
1 99
5 99
2 89
80 99
29 88
91 99
62 99
14 99
82 99
2 73
37 99
0 29
68 99
0 5
87 99
2 86
53 99
2 15
67 99
2 3
88 99
2 69
65 99
0 54
56 99
0 99
2 96
59 99
0 11
11 99
0 2
7 99
0 81
43 99
0 93
19 99
0 8
46 99
0 63
51 99
0 51
58 99
0 59
98 99
0 78
77 99
0 58
20 99
0 31
17 99
