5
42
60
88
34
89
100
22 31
58 75
24 99
73 1
70 40
27 28
71 40
66 1
20 12
26 57
21 52
20 38
26 54
65 28
33 70
0 9
17 28
66 46
84 53
0 16
21 8
5 32
92 13
0 21
78 45
0 5
73 20
46 27
67 22
7 37
26 7
81 64
45 70
73 33
28 40
35 5
29 10
44 40
40 99
33 37
32 86
0 66
72 53
77 35
23 37
87 6
3 56
86 78
70 54
76 45
74 75
52 27
97 19
49 53
0 46
80 68
97 27
7 27
31 16
97 37
33 6
33 39
2 62
58 9
20 78
25 94
0 77
84 20
75 13
56 54
80 62
0 67
33 2
96 38
40 64
0 76
85 38
12 46
64 13
30 52
36 74
0 33
81 68
71 18
84 32
36 2
80 71
80 74
17 6
45 7
0 73
95 61
3 72
44 68
84 3
39 68
80 56
13 99
84 36
80 94
