5
48
34
46
63
72
100
11 12
61 70
2 12
41 51
31 32
25 35
56 57
28 37
47 57
76 77
21 31
16 17
78 79
26 17
11 21
13 23
86 96
70 80
71 80
59 69
36 45
10 20
11 20
43 53
43 44
35 45
68 69
77 87
94 95
62 71
76 86
52 62
85 86
28 29
38 29
0 1
10 11
5 15
6 16
55 56
24 25
6 15
66 67
28 38
42 52
13 14
17 8
19 29
5 14
22 23
50 60
17 27
26 36
23 33
51 61
84 85
84 94
32 42
39 49
54 64
57 67
24 33
41 50
65 75
76 85
67 77
52 61
25 26
4 5
43 52
40 50
95 96
95 86
27 37
32 41
35 36
27 36
22 31
35 44
51 52
61 62
82 73
82 83
82 92
92 93
70 71
83 74
3 13
81 91
81 82
78 88
87 97
87 88
79 89
87 96
83 84
93 84
73 74
73 64
22 32
