1
2
95
0 99
1 99
97 99
0 98
3 5
4 99
21 19
96 98
0 23
18 19
21 20
1 3
25 95
49 47
48 47
78 80
46 47
57 55
43 19
48 46
79 80
50 76
26 27
28 29
25 27
57 58
25 59
17 19
90 92
26 28
50 49
51 53
52 54
53 54
71 69
9 56
31 29
87 91
9 7
68 66
89 91
75 77
73 74
33 31
42 44
93 95
20 93
36 37
56 90
41 43
87 89
7 82
87 86
38 85
81 82
83 84
80 82
89 88
75 76
74 76
27 29
9 11
32 31
70 68
4 62
69 67
78 77
30 29
15 16
14 16
13 15
14 15
37 39
33 40
63 62
61 62
63 61
65 63
66 64
94 96
85 86
67 65
91 92
71 70
38 36
71 73
72 73
11 10
10 70
12 6
10 8
35 33
8 6
13 12
11 12
