5
10
44
31
38
13
100
8 18
37 7
15 1
19 9
9 7
7 51
45 20
19 18
42 20
43 18
29 48
34 33
33 35
0 33
42 46
0 45
0 30
50 8
29 33
35 51
19 21
22 28
43 20
0 42
7 1
0 50
24 18
4 28
12 21
37 4
12 25
0 29
0 22
48 18
43 15
12 23
37 50
0 37
7 23
20 51
23 33
7 33
23 16
27 33
18 51
12 42
43 9
12 43
0 12
40 11
20 39
40 25
11 33
23 9
11 39
16 51
1 33
25 51
20 32
7 5
35 49
23 50
40 32
18 39
41 33
15 49
33 51
23 32
6 49
48 21
40 49
0 7
0 40
3 49
24 49
14 39
5 45
20 40
35 21
39 51
34 29
19 29
6 5
22 29
35 15
23 40
3 29
20 47
20 21
22 32
17 32
6 50
6 4
32 51
16 29
35 5
34 21
1 21
20 15
16 49
