5
27
20
36
35
25
100
99 45
99 51
99 33
99 15
1 0
99 32
75 0
49 1
39 0
1 26
99 29
99 77
99 10
99 64
72 0
90 49
61 26
99 98
26 0
51 0
99 79
99 92
50 23
99 46
99 7
99 39
99 24
99 50
99 73
99 57
99 0
99 28
99 47
99 71
99 42
99 22
99 40
99 38
99 21
99 56
99 65
99 61
99 54
49 0
99 6
15 0
99 97
45 85
99 76
99 89
99 88
23 0
99 62
99 93
99 74
85 0
99 26
92 0
99 55
99 96
99 83
99 91
99 23
99 31
99 30
12 0
99 70
29 0
99 3
22 71
99 52
99 34
68 0
99 81
99 44
99 18
99 68
99 58
99 17
99 90
99 63
99 86
99 78
99 37
99 82
99 9
99 60
99 43
99 1
99 95
79 0
99 11
99 94
99 84
99 72
99 67
99 48
99 75
99 4
99 85
