5
6
13
20
27
34
100
7 99
14 99
21 99
28 99
35 99
42 99
49 99
56 99
63 99
70 99
77 99
84 99
91 99
0 1
0 8
0 15
0 22
0 29
0 36
0 43
0 50
0 57
0 64
0 71
0 78
0 85
41 98
48 98
55 98
62 98
69 98
76 98
83 98
90 98
92 2
92 9
92 16
92 23
92 30
92 37
92 44
92 51
92 58
92 65
92 72
92 79
92 86
92 93
92 1
92 8
92 15
92 22
92 29
92 36
92 43
92 50
92 57
92 64
92 71
92 78
85 2
85 9
85 16
85 23
85 30
85 37
85 44
85 51
85 58
85 65
85 72
85 79
85 86
85 93
85 1
85 8
85 15
85 22
85 29
85 36
85 43
85 50
85 57
85 64
85 71
78 2
78 9
78 16
78 23
78 30
78 37
78 44
78 51
78 58
78 65
78 72
78 79
78 86
78 93
78 1
