5
95
9
11
22
51
100
96 62
96 40
46 42
96 89
96 28
96 4
96 56
96 10
96 15
96 74
96 65
96 55
96 20
96 27
96 64
96 57
96 72
96 49
96 30
96 67
96 66
96 83
96 33
19 25
96 84
96 78
96 60
96 14
96 0
96 12
96 26
96 80
96 17
96 5
96 91
75 0
96 81
96 18
96 53
96 69
96 75
96 82
96 34
96 42
96 13
96 47
96 37
96 35
96 36
96 76
96 8
96 79
96 6
25 42
96 48
96 24
96 7
96 2
96 86
96 32
96 46
92 0
96 50
96 70
96 25
96 90
96 63
96 45
96 3
96 1
50 13
96 54
96 68
96 92
96 59
96 44
96 29
96 93
96 39
96 31
96 88
96 52
96 71
96 61
96 41
96 23
96 21
77 46
96 87
96 73
96 16
96 85
96 58
57 0
96 43
96 19
96 38
96 94
77 20
77 49
