5
35
21
92
5
3
100
72 64
90 74
28 7
77 49
43 75
9 15
28 34
61 34
73 19
49 83
55 64
77 89
7 83
77 34
66 97
84 19
0 61
84 70
40 37
41 47
62 20
20 14
0 90
20 11
67 10
82 39
53 69
67 31
85 10
10 69
94 15
56 15
81 1
15 64
29 16
30 69
58 14
41 6
84 57
0 73
82 16
17 51
82 46
43 73
64 98
69 98
15 83
82 89
81 93
0 28
32 86
1 58
44 16
30 50
44 36
97 88
74 83
0 43
62 57
83 98
45 31
95 18
42 57
96 46
87 50
82 78
65 66
78 51
50 18
0 40
62 59
0 47
96 61
0 17
0 11
10 77
9 31
9 51
69 18
36 18
86 6
13 29
44 18
86 51
10 7
57 7
78 46
9 84
49 79
49 13
91 79
77 61
62 33
49 91
20 97
62 8
10 20
44 72
29 98
78 84
