3
8
67
38
100
0 25
0 44
0 9
0 33
0 64
0 52
0 15
0 12
0 42
2 7
2 56
2 1
2 28
2 5
2 15
2 35
2 47
2 36
2 62
39 10
14 13
39 58
39 3
16 24
14 58
57 69
14 34
14 1
14 25
57 25
57 50
6 7
6 38
6 56
6 29
67 69
9 13
46 69
6 63
6 18
13 24
6 54
6 12
62 16
62 58
34 11
3 5
34 1
34 21
34 56
51 68
42 5
34 33
52 1
68 5
52 64
52 26
10 5
43 31
49 37
20 29
58 37
52 3
61 15
13 37
47 53
61 66
20 19
9 60
23 4
32 67
9 4
9 11
9 45
41 33
41 1
45 30
45 16
45 17
45 10
60 30
4 25
15 16
1 22
1 66
1 4
58 51
58 64
15 19
4 67
4 64
15 33
49 16
17 28
65 64
44 27
7 25
67 10
49 43
59 7
