5
83
11
39
31
62
100
22 57
75 61
87 61
22 33
44 81
86 61
81 52
24 70
68 85
25 57
13 20
22 71
24 80
75 41
55 7
63 68
41 61
75 35
82 70
37 91
50 3
22 46
0 13
53 57
14 52
24 65
85 4
90 40
3 95
86 91
66 65
52 95
72 35
42 33
16 70
85 82
43 6
43 15
37 71
24 2
36 25
90 74
26 74
61 95
22 85
0 22
74 95
24 84
7 57
58 77
58 79
42 47
64 95
70 95
57 95
47 79
1 51
50 85
54 16
24 1
14 95
69 88
68 44
4 44
65 16
0 76
0 63
82 79
1 79
74 16
89 38
53 17
37 13
37 84
56 88
0 78
90 77
2 77
26 68
85 95
2 44
9 87
53 72
73 72
24 75
0 58
90 68
53 44
18 49
90 47
74 23
26 75
9 77
53 48
38 44
30 77
90 18
74 41
17 76
53 84
