5
71
28
98
13
80
100
0 37
0 57
0 9
0 6
0 55
92 99
38 99
0 86
0 5
0 75
0 68
0 11
0 94
0 99
0 72
0 49
0 20
36 99
0 81
0 51
59 99
0 78
0 76
0 41
0 77
0 58
0 2
0 17
0 89
0 25
0 12
0 96
0 24
82 99
0 48
0 60
0 59
0 18
0 1
0 32
0 88
0 22
0 8
9 99
0 54
0 82
1 99
0 69
0 38
0 56
0 61
0 73
0 27
0 39
0 34
0 29
0 50
0 31
0 19
0 23
0 30
0 67
0 14
0 87
0 43
0 47
0 90
0 42
0 16
85 99
0 65
0 10
0 45
0 97
0 40
0 62
0 53
0 84
0 15
0 3
0 4
0 7
0 35
0 93
0 85
0 26
95 33
0 36
0 83
0 70
0 64
0 95
0 52
0 63
33 99
0 46
0 66
0 92
0 74
0 91
