5
4
1
5
98
97
100
0 2
95 99
3 55
96 99
46 55
70 94
6 55
79 94
11 55
91 94
42 55
72 94
21 55
69 94
33 55
68 94
19 55
49 55
22 55
46 10
15 55
30 55
54 55
9 6
40 55
34 55
9 14
14 55
50 55
35 55
3 9
36 55
47 10
45 55
7 55
28 55
38 55
32 55
44 55
3 30
27 55
35 6
43 55
28 43
25 55
35 7
13 55
3 33
2 55
3 35
41 55
41 16
16 55
31 18
24 55
29 55
52 55
35 51
53 55
3 16
37 55
41 9
10 55
3 54
23 55
12 55
3 48
8 55
3 41
31 55
3 24
18 55
3 34
26 55
3 7
39 55
3 10
20 55
3 8
9 55
3 2
48 55
3 52
3 32
3 14
3 6
3 20
3 51
3 39
3 40
3 42
3 13
3 22
3 27
3 31
3 12
3 18
3 11
3 47
3 23
