5
57
6
53
4
32
100
19 94
85 51
37 21
78 30
37 58
0 23
0 65
34 30
64 68
78 34
70 37
28 41
89 41
14 83
28 21
56 21
71 84
3 82
91 23
0 46
31 65
85 25
36 33
64 80
68 30
36 79
84 94
0 85
18 22
36 67
78 56
79 94
3 68
52 58
17 65
31 93
1 67
92 46
35 49
31 61
8 34
17 34
0 78
52 67
73 67
75 67
92 23
0 14
0 70
71 62
19 61
33 24
40 23
35 82
38 30
27 23
35 37
35 92
77 45
74 58
21 30
35 24
35 67
31 41
36 16
50 30
34 65
73 74
77 54
61 51
44 51
19 90
31 74
28 20
10 22
61 67
0 52
76 65
13 10
45 30
34 41
0 28
83 93
83 68
27 74
21 24
77 63
91 64
44 58
91 33
19 33
83 90
35 27
73 68
91 13
91 14
35 18
83 54
19 55
68 94
