5
18
13
42
53
60
100
99 16
99 71
99 91
99 25
99 23
11 0
99 74
99 0
99 73
99 70
99 62
99 38
95 0
99 2
99 35
99 96
99 95
99 36
58 0
99 57
99 97
99 76
35 57
44 0
32 0
43 27
8 0
43 0
27 0
99 87
70 0
99 51
99 17
40 0
30 33
37 0
33 0
99 46
16 94
99 68
99 79
99 89
99 59
99 44
99 48
99 3
99 6
99 61
99 80
99 27
99 98
99 54
99 30
99 66
99 75
99 72
79 0
99 14
46 0
99 65
99 85
99 88
99 77
99 41
99 78
82 85
99 10
82 20
99 26
99 40
99 82
99 49
58 94
87 0
99 55
99 7
99 93
99 56
99 34
99 43
99 1
99 83
99 58
99 15
99 92
99 21
99 84
85 0
99 11
65 6
59 0
14 0
99 20
99 63
99 31
99 94
99 19
99 4
92 0
99 9
