5
68
36
9
72
91
100
66 96
4 5
38 96
65 5
63 74
85 75
21 96
37 65
17 96
47 18
58 6
54 65
54 43
62 46
60 8
31 86
31 92
15 52
62 82
23 52
27 30
77 14
88 28
95 60
78 26
71 73
87 46
4 90
29 34
82 28
94 30
51 26
84 31
27 10
27 85
52 18
84 6
0 84
75 28
32 69
32 92
37 79
14 65
83 65
37 28
14 43
41 46
66 24
86 28
4 12
58 40
66 79
13 39
65 96
29 85
15 69
87 59
28 96
70 76
66 64
33 46
27 69
76 69
60 51
13 11
13 12
53 69
0 58
13 70
38 93
53 83
69 96
27 75
29 49
13 85
46 18
53 63
95 71
37 24
41 49
23 48
28 18
70 21
53 78
53 80
31 54
27 62
65 43
69 11
31 93
27 38
78 49
4 88
86 92
18 96
34 85
13 95
53 47
92 54
13 47
