0
100
0 79
33 3
3 36
0 2
31 52
78 79
77 79
0 34
46 57
50 79
0 26
0 64
0 66
2 19
31 1
2 60
73 1
2 61
27 4
37 38
53 22
61 1
19 1
0 58
24 27
68 26
0 48
42 11
77 36
60 1
42 1
39 53
46 58
28 1
0 16
2 70
25 14
49 1
77 1
72 1
25 66
53 1
0 15
18 4
24 58
74 68
70 4
3 65
0 30
37 32
69 1
39 6
18 1
3 44
71 58
17 4
0 14
61 65
3 43
42 59
75 30
0 44
62 4
3 63
32 26
3 8
25 39
0 70
8 1
0 25
9 1
64 1
77 30
11 1
41 1
29 65
21 16
69 70
73 2
65 4
33 2
35 40
64 4
52 59
77 2
23 4
0 46
4 1
38 1
51 43
64 54
0 20
24 20
63 1
3 5
0 3
58 1
0 73
42 5
15 2
