5
37
4
16
15
72
100
0 38
0 79
0 21
0 62
0 54
0 13
0 12
0 7
0 34
0 29
56 38
0 10
0 74
0 55
0 1
0 43
0 8
47 26
47 41
47 79
47 64
47 42
47 7
47 20
47 10
47 62
47 57
47 1
47 21
47 75
47 81
47 43
47 69
47 74
39 73
39 34
39 75
39 77
39 78
39 18
39 28
39 80
39 46
39 40
39 64
39 62
39 21
39 1
39 63
39 7
25 51
25 31
25 41
25 46
25 57
25 77
25 66
25 3
25 68
25 64
25 59
25 54
25 75
25 48
25 34
25 53
25 80
41 3
21 40
11 19
8 21
17 82
24 18
20 68
26 18
42 52
69 35
49 8
19 77
33 77
7 3
20 56
49 41
22 55
24 56
49 17
51 30
11 35
20 38
50 46
49 42
11 1
34 48
12 55
49 45
19 55
49 21
20 60
49 20
55 61
