0
100
0 99
75 99
51 99
75 95
25 95
0 91
19 91
75 91
25 91
75 87
25 87
75 83
25 83
75 79
18 25
21 25
32 25
0 25
12 25
6 25
8 25
2 25
3 25
5 25
7 25
9 25
10 25
11 25
13 25
14 25
15 25
16 25
17 25
20 25
22 25
23 25
19 25
4 25
24 25
38 25
48 25
82 25
26 25
75 25
1 25
53 25
21 31
6 31
28 25
34 25
44 25
46 25
40 25
36 25
30 25
42 25
56 25
51 25
50 25
4 75
31 25
33 25
77 25
54 25
22 61
61 25
32 61
43 25
46 39
39 25
47 25
64 25
58 25
16 48
52 25
60 25
41 25
0 24
45 25
12 75
55 25
27 25
49 25
37 25
63 25
67 25
72 25
78 25
77 73
8 75
73 25
69 25
86 25
81 25
5 75
29 25
7 75
35 25
9 75
57 25
