5
70
69
87
55
11
100
29 16
28 90
0 79
83 72
0 83
9 41
15 22
0 63
0 29
0 44
68 33
64 76
0 64
0 61
40 34
16 90
68 67
40 41
40 81
68 19
0 39
0 56
0 75
0 30
0 62
0 59
5 64
0 5
0 76
0 65
0 49
0 3
0 43
0 90
0 19
0 35
0 74
0 73
0 78
0 4
0 28
0 54
0 21
0 23
0 12
0 2
0 42
0 45
0 53
0 17
0 57
0 77
0 36
0 24
0 80
0 66
0 38
0 13
0 34
0 85
0 32
0 20
0 25
0 26
0 67
0 18
0 68
0 31
0 51
0 82
0 9
0 6
0 81
0 86
0 47
0 46
0 14
0 58
0 89
47 72
84 80
84 47
84 18
53 80
53 77
28 86
84 23
84 57
84 37
84 78
84 83
84 79
84 19
84 12
84 36
84 82
84 34
84 27
84 20
84 54
