2
14
21
100
0 73
0 55
39 67
39 48
0 27
39 65
0 70
39 30
39 64
0 32
0 33
0 56
0 15
0 24
0 41
0 50
0 39
0 31
0 3
0 53
0 52
0 35
0 68
0 54
0 71
0 48
0 60
0 2
0 51
0 10
0 4
0 64
0 20
0 17
0 36
0 8
0 19
0 61
0 69
0 25
0 66
0 44
0 29
0 58
0 11
0 23
0 46
0 40
0 45
0 65
0 43
0 42
0 63
0 47
0 7
0 38
0 37
0 34
0 57
0 13
0 67
0 1
0 16
0 6
0 26
0 9
0 18
0 72
0 5
62 10
7 73
68 73
5 73
62 73
58 73
69 73
3 73
20 73
0 59
59 73
71 73
13 73
9 73
8 73
67 73
43 73
15 73
1 73
40 73
49 73
63 73
47 73
23 73
46 73
55 73
50 73
45 73
35 73
28 73
57 73
