5
97
3
41
23
51
100
76 99
39 99
64 99
35 99
75 99
20 99
90 99
0 14
14 99
98 99
13 99
0 74
25 99
0 40
11 99
83 99
66 99
40 99
45 55
55 99
94 50
38 99
43 99
17 99
93 99
45 21
32 99
94 99
0 62
81 99
68 99
4 99
0 45
21 99
34 99
0 16
96 99
74 99
1 99
95 99
0 94
29 99
0 34
53 99
0 71
28 99
0 37
72 99
0 59
9 99
0 79
80 99
0 86
86 99
0 75
73 99
0 83
59 99
0 84
18 99
0 6
5 99
0 11
24 99
0 17
77 99
0 67
50 99
0 50
61 99
0 39
31 99
0 69
26 99
0 60
89 99
0 89
52 99
0 98
6 99
0 93
22 99
0 22
79 99
0 9
33 99
0 25
69 99
0 1
54 99
0 19
63 99
0 43
46 99
0 85
2 99
0 12
12 99
0 35
57 99
