5
43
68
8
19
63
100
16 17
29 53
29 56
53 20
29 33
3 99
28 17
6 17
29 46
80 29
28 34
33 6
31 45
84 12
20 34
25 6
89 25
42 11
89 20
40 34
57 93
49 11
61 97
17 99
93 34
52 99
97 99
93 11
3 6
7 62
2 34
25 12
82 69
39 75
46 99
54 34
2 99
34 99
93 99
6 99
58 99
11 99
10 99
96 99
12 99
72 99
42 99
56 99
95 99
64 99
69 99
92 99
23 99
54 99
13 99
36 99
31 99
5 99
80 99
41 99
15 99
37 99
71 99
28 99
59 99
82 99
14 99
90 99
98 99
22 99
73 99
86 99
29 99
4 99
18 99
7 99
76 99
9 99
94 99
60 99
40 99
83 99
47 99
25 99
50 99
24 99
67 99
55 99
35 99
70 99
78 99
57 99
32 99
51 99
79 99
0 99
39 99
88 99
27 99
33 99
