5
24
51
52
61
6
100
97 49
26 0
97 50
97 76
21 0
97 69
97 68
1 0
97 85
97 77
78 16
97 60
97 70
97 95
40 74
97 91
97 53
97 58
97 83
97 90
16 0
97 87
97 55
97 79
97 84
97 56
97 75
97 86
97 72
97 54
97 74
97 71
97 80
97 63
67 28
67 10
97 66
97 78
97 73
97 67
97 65
97 62
97 64
97 93
97 92
97 57
97 59
97 89
10 0
7 0
97 94
28 0
97 81
97 82
97 88
96 19
96 2
96 15
96 44
96 23
96 25
96 28
96 41
96 45
5 0
96 10
96 17
96 9
96 32
85 14
96 18
96 48
96 31
14 0
96 34
3 0
96 42
96 12
96 35
96 22
45 86
96 33
96 4
20 0
96 43
19 0
96 14
96 27
42 0
89 31
22 0
17 0
96 38
96 36
96 5
96 11
96 30
96 7
96 37
96 16
