5
60
17
28
10
4
100
71 5
20 0
71 13
71 47
71 26
40 0
71 68
71 45
71 64
71 29
15 0
71 55
71 2
71 46
49 70
71 42
71 67
71 58
1 0
71 54
71 48
47 0
71 70
71 19
71 7
71 44
71 34
71 14
71 51
71 30
71 24
71 49
71 9
71 32
71 57
71 40
71 8
71 56
71 23
66 0
71 18
71 12
71 43
71 35
71 3
71 41
71 50
68 0
71 15
71 65
71 6
54 49
71 22
71 27
71 39
71 33
20 16
31 25
31 2
31 38
58 67
31 36
30 0
31 58
31 44
31 0
31 26
31 61
31 67
31 54
31 35
31 40
31 18
31 16
31 33
31 8
31 5
31 32
31 45
31 29
31 19
31 6
31 51
31 70
31 3
31 49
31 69
31 52
31 1
31 11
31 13
31 20
31 43
31 53
31 64
31 48
24 16
31 46
49 0
31 39
