5
61
29
30
31
38
100
0 53
0 37
44 82
13 82
0 74
0 82
24 82
0 71
0 47
0 78
0 76
0 36
74 82
0 33
0 23
0 21
0 1
0 13
0 57
0 69
80 82
53 82
72 82
56 82
23 82
16 82
66 41
68 67
41 82
54 82
50 82
21 82
75 82
1 82
81 82
7 82
78 82
54 75
66 64
18 1
68 62
36 70
36 1
28 1
69 70
54 74
68 53
71 64
68 55
68 21
79 24
68 65
71 67
68 4
68 73
68 27
68 52
68 48
68 43
68 69
68 42
68 8
68 37
68 77
68 28
68 50
62 22
14 64
26 70
24 64
7 1
14 32
16 75
14 54
14 51
14 26
52 42
14 11
58 52
47 1
14 70
24 56
14 58
14 47
14 2
14 15
14 9
54 55
1 22
22 64
42 64
51 64
48 62
66 56
45 56
14 48
14 17
14 74
14 52
14 65
