5
6
17
22
95
79
100
31 92
31 39
72 21
55 48
51 83
42 48
98 85
0 62
85 70
73 27
21 48
0 97
0 14
5 50
12 56
12 78
19 24
59 25
50 27
12 75
2 27
57 80
56 15
2 98
15 44
48 99
12 51
31 40
45 4
37 14
96 9
86 61
2 57
93 47
35 25
2 42
19 51
4 78
12 57
84 39
7 47
35 93
86 78
89 53
2 85
41 14
2 70
1 82
45 25
64 25
45 53
76 51
0 35
96 69
0 31
76 25
1 49
51 61
37 93
11 66
10 14
60 56
86 9
11 68
52 25
64 66
24 61
16 82
84 25
43 39
86 14
52 3
64 11
90 92
51 62
98 56
33 39
96 89
96 37
90 72
1 67
61 99
68 16
80 32
12 1
45 92
10 78
84 30
82 14
10 77
27 99
51 36
0 96
92 53
63 74
68 80
84 8
26 66
12 76
57 94
